<?xml version="1.0" encoding="UTF-8"?>
<coverage generated="1753916382321" clover="3.2.0">
  <project timestamp="1753916382321" name="All files">
    <metrics statements="56" coveredstatements="53" conditionals="22" coveredconditionals="18" methods="17" coveredmethods="14" elements="95" coveredelements="85" complexity="0" loc="56" ncloc="56" packages="2" files="3" classes="3"/>
    <package name="interesting-util-client">
      <metrics statements="7" coveredstatements="7" conditionals="6" coveredconditionals="6" methods="2" coveredmethods="2"/>
      <file name="colorConverter.js" path="/Users/yunhu/git/interesting-util-client/colorConverter.js">
        <metrics statements="7" coveredstatements="7" conditionals="6" coveredconditionals="6" methods="2" coveredmethods="2"/>
        <line num="7" count="8" type="cond" truecount="4" falsecount="0"/>
        <line num="8" count="3" type="stmt"/>
        <line num="12" count="5" type="stmt"/>
        <line num="13" count="5" type="stmt"/>
        <line num="14" count="1" type="stmt"/>
        <line num="17" count="5" type="stmt"/>
        <line num="18" count="5" type="cond" truecount="2" falsecount="0"/>
      </file>
    </package>
    <package name="interesting-util-client.src.components">
      <metrics statements="49" coveredstatements="46" conditionals="16" coveredconditionals="12" methods="15" coveredmethods="12"/>
      <file name="JsonFormat.vue" path="/Users/yunhu/git/interesting-util-client/src/components/JsonFormat.vue">
        <metrics statements="32" coveredstatements="29" conditionals="14" coveredconditionals="10" methods="10" coveredmethods="7"/>
        <line num="4" count="1" type="stmt"/>
        <line num="5" count="1" type="stmt"/>
        <line num="8" count="1" type="stmt"/>
        <line num="9" count="1" type="stmt"/>
        <line num="10" count="1" type="stmt"/>
        <line num="11" count="1" type="stmt"/>
        <line num="32" count="1" type="stmt"/>
        <line num="237" count="1" type="stmt"/>
        <line num="240" count="1" type="stmt"/>
        <line num="241" count="1" type="stmt"/>
        <line num="242" count="1" type="stmt"/>
        <line num="245" count="1" type="stmt"/>
        <line num="248" count="1" type="stmt"/>
        <line num="251" count="1" type="stmt"/>
        <line num="254" count="1" type="stmt"/>
        <line num="258" count="11" type="stmt"/>
        <line num="259" count="11" type="stmt"/>
        <line num="260" count="11" type="stmt"/>
        <line num="261" count="11" type="stmt"/>
        <line num="262" count="11" type="stmt"/>
        <line num="263" count="11" type="stmt"/>
        <line num="264" count="11" type="stmt"/>
        <line num="267" count="0" type="cond" truecount="0" falsecount="2"/>
        <line num="274" count="0" type="cond" truecount="0" falsecount="2"/>
        <line num="278" count="11" type="stmt"/>
        <line num="282" count="11" type="stmt"/>
        <line num="286" count="11" type="cond" truecount="2" falsecount="0"/>
        <line num="291" count="11" type="cond" truecount="2" falsecount="0"/>
        <line num="296" count="0" type="cond" truecount="2" falsecount="0"/>
        <line num="306" count="11" type="cond" truecount="2" falsecount="0"/>
        <line num="311" count="11" type="cond" truecount="2" falsecount="0"/>
        <line num="325" count="1" type="stmt"/>
      </file>
      <file name="TopMenu.vue" path="/Users/yunhu/git/interesting-util-client/src/components/TopMenu.vue">
        <metrics statements="17" coveredstatements="17" conditionals="2" coveredconditionals="2" methods="5" coveredmethods="5"/>
        <line num="4" count="1" type="stmt"/>
        <line num="7" count="1" type="stmt"/>
        <line num="8" count="1" type="stmt"/>
        <line num="47" count="1" type="stmt"/>
        <line num="49" count="1" type="stmt"/>
        <line num="52" count="1" type="stmt"/>
        <line num="53" count="1" type="stmt"/>
        <line num="55" count="8" type="stmt"/>
        <line num="56" count="8" type="stmt"/>
        <line num="57" count="8" type="stmt"/>
        <line num="58" count="8" type="stmt"/>
        <line num="59" count="8" type="stmt"/>
        <line num="62" count="8" type="stmt"/>
        <line num="63" count="8" type="stmt"/>
        <line num="70" count="8" type="stmt"/>
        <line num="75" count="8" type="cond" truecount="2" falsecount="0"/>
        <line num="85" count="1" type="stmt"/>
      </file>
    </package>
  </project>
</coverage>
