TN:
SF:colorConverter.js
FN:6,hexToRgb
FN:13,(anonymous_1)
FNF:2
FNH:2
FNDA:8,hexToRgb
FNDA:1,(anonymous_1)
DA:7,8
DA:8,3
DA:12,5
DA:13,5
DA:14,1
DA:17,5
DA:18,5
LF:7
LH:7
BRDA:7,0,0,3
BRDA:7,0,1,5
BRDA:7,1,0,8
BRDA:7,1,1,6
BRDA:18,2,0,3
BRDA:18,2,1,2
BRF:6
BRH:6
end_of_record
TN:
SF:src/App.vue
FN:19,render
FNF:1
FNH:0
FNDA:0,render
DA:4,0
DA:7,0
DA:8,0
DA:12,0
DA:14,0
DA:17,0
DA:18,0
DA:20,0
DA:21,0
DA:22,0
LF:10
LH:0
BRF:0
BRH:0
end_of_record
TN:
SF:src/main.js
FNF:0
FNH:0
DA:13,0
DA:15,0
DA:17,0
DA:18,0
DA:20,0
DA:21,0
DA:22,0
DA:23,0
LF:8
LH:0
BRF:0
BRH:0
end_of_record
TN:
SF:src/components/BetweenNowToHoliday.vue
FN:126,render
FN:134,(anonymous_1)
FN:135,(anonymous_2)
FN:139,(anonymous_3)
FN:142,(anonymous_4)
FN:145,(anonymous_5)
FN:149,(anonymous_6)
FN:151,(anonymous_7)
FN:160,(anonymous_8)
FN:163,(anonymous_9)
FN:167,(anonymous_10)
FNF:11
FNH:0
FNDA:0,render
FNDA:0,(anonymous_1)
FNDA:0,(anonymous_2)
FNDA:0,(anonymous_3)
FNDA:0,(anonymous_4)
FNDA:0,(anonymous_5)
FNDA:0,(anonymous_6)
FNDA:0,(anonymous_7)
FNDA:0,(anonymous_8)
FNDA:0,(anonymous_9)
FNDA:0,(anonymous_10)
DA:4,0
DA:7,0
DA:118,0
DA:121,0
DA:122,0
DA:123,0
DA:127,0
DA:128,0
DA:129,0
DA:130,0
DA:131,0
DA:132,0
DA:133,0
DA:134,0
DA:135,0
DA:139,0
DA:142,0
DA:145,0
DA:149,0
DA:151,0
DA:160,0
DA:163,0
DA:167,0
DA:178,0
LF:24
LH:0
BRDA:135,0,0,0
BRDA:135,0,1,0
BRDA:149,1,0,0
BRDA:149,1,1,0
BRF:4
BRH:0
end_of_record
TN:
SF:src/components/ColorConvert.vue
FN:295,render
FN:308,(anonymous_1)
FN:313,(anonymous_2)
FN:317,(anonymous_3)
FN:321,(anonymous_4)
FN:326,(anonymous_5)
FN:327,(anonymous_6)
FN:330,(anonymous_7)
FN:338,(anonymous_8)
FN:345,(anonymous_9)
FN:349,(anonymous_10)
FN:355,(anonymous_11)
FN:359,(anonymous_12)
FN:365,(anonymous_13)
FN:369,(anonymous_14)
FN:375,(anonymous_15)
FN:382,(anonymous_16)
FN:388,(anonymous_17)
FN:395,(anonymous_18)
FN:400,(anonymous_19)
FNF:20
FNH:0
FNDA:0,render
FNDA:0,(anonymous_1)
FNDA:0,(anonymous_2)
FNDA:0,(anonymous_3)
FNDA:0,(anonymous_4)
FNDA:0,(anonymous_5)
FNDA:0,(anonymous_6)
FNDA:0,(anonymous_7)
FNDA:0,(anonymous_8)
FNDA:0,(anonymous_9)
FNDA:0,(anonymous_10)
FNDA:0,(anonymous_11)
FNDA:0,(anonymous_12)
FNDA:0,(anonymous_13)
FNDA:0,(anonymous_14)
FNDA:0,(anonymous_15)
FNDA:0,(anonymous_16)
FNDA:0,(anonymous_17)
FNDA:0,(anonymous_18)
FNDA:0,(anonymous_19)
DA:4,0
DA:5,0
DA:8,0
DA:264,0
DA:266,0
DA:269,0
DA:270,0
DA:271,0
DA:274,0
DA:277,0
DA:280,0
DA:283,0
DA:286,0
DA:289,0
DA:292,0
DA:296,0
DA:297,0
DA:298,0
DA:299,0
DA:300,0
DA:301,0
DA:302,0
DA:303,0
DA:304,0
DA:305,0
DA:308,0
DA:313,0
DA:317,0
DA:321,0
DA:326,0
DA:327,0
DA:330,0
DA:338,0
DA:345,0
DA:349,0
DA:355,0
DA:359,0
DA:365,0
DA:369,0
DA:375,0
DA:382,0
DA:388,0
DA:395,0
DA:400,0
DA:414,0
LF:45
LH:0
BRDA:308,0,0,0
BRDA:308,0,1,0
BRDA:321,1,0,0
BRDA:321,1,1,0
BRDA:326,2,0,0
BRDA:326,2,1,0
BRDA:330,3,0,0
BRDA:330,3,1,0
BRDA:338,4,0,0
BRDA:338,4,1,0
BRDA:345,5,0,0
BRDA:345,5,1,0
BRDA:349,6,0,0
BRDA:349,6,1,0
BRDA:355,7,0,0
BRDA:355,7,1,0
BRDA:359,8,0,0
BRDA:359,8,1,0
BRDA:365,9,0,0
BRDA:365,9,1,0
BRDA:369,10,0,0
BRDA:369,10,1,0
BRDA:375,11,0,0
BRDA:375,11,1,0
BRDA:382,12,0,0
BRDA:382,12,1,0
BRDA:385,13,0,0
BRDA:385,13,1,0
BRDA:388,14,0,0
BRDA:388,14,1,0
BRDA:395,15,0,0
BRDA:395,15,1,0
BRDA:398,16,0,0
BRDA:398,16,1,0
BRDA:400,17,0,0
BRDA:400,17,1,0
BRDA:402,18,0,0
BRDA:402,18,1,0
BRF:38
BRH:0
end_of_record
TN:
SF:src/components/DPlayer.vue
FN:92,render
FNF:1
FNH:0
FNDA:0,render
DA:4,0
DA:5,0
DA:8,0
DA:82,0
DA:84,0
DA:87,0
DA:88,0
DA:89,0
DA:93,0
DA:100,0
LF:10
LH:0
BRDA:93,0,0,0
BRDA:93,0,1,0
BRF:2
BRH:0
end_of_record
TN:
SF:src/components/EpubReader.vue
FN:1492,render
FN:1508,(anonymous_1)
FN:1511,(anonymous_2)
FN:1514,(anonymous_3)
FN:1523,(anonymous_4)
FN:1529,(anonymous_5)
FN:1533,(anonymous_6)
FN:1537,(anonymous_7)
FN:1537,(anonymous_8)
FN:1549,(anonymous_9)
FN:1556,(anonymous_10)
FN:1561,(anonymous_11)
FN:1565,(anonymous_12)
FN:1565,(anonymous_13)
FN:1582,(anonymous_14)
FN:1583,(anonymous_15)
FN:1593,(anonymous_16)
FN:1594,(anonymous_17)
FN:1607,(anonymous_18)
FN:1608,(anonymous_19)
FN:1618,(anonymous_20)
FN:1619,(anonymous_21)
FN:1625,(anonymous_22)
FN:1628,(anonymous_23)
FN:1629,(anonymous_24)
FN:1636,(anonymous_25)
FN:1639,(anonymous_26)
FN:1640,(anonymous_27)
FN:1646,(anonymous_28)
FN:1649,(anonymous_29)
FN:1650,(anonymous_30)
FN:1659,(anonymous_31)
FN:1660,(anonymous_32)
FN:1667,(anonymous_33)
FN:1672,(anonymous_34)
FN:1673,(anonymous_35)
FN:1675,(anonymous_36)
FN:1682,(anonymous_37)
FN:1686,(anonymous_38)
FN:1711,(anonymous_39)
FN:1715,(anonymous_40)
FN:1715,(anonymous_41)
FN:1724,(anonymous_42)
FN:1730,(anonymous_43)
FN:1734,(anonymous_44)
FN:1740,(anonymous_45)
FN:1745,(anonymous_46)
FN:1749,(anonymous_47)
FN:1749,(anonymous_48)
FN:1759,(anonymous_49)
FNF:50
FNH:0
FNDA:0,render
FNDA:0,(anonymous_1)
FNDA:0,(anonymous_2)
FNDA:0,(anonymous_3)
FNDA:0,(anonymous_4)
FNDA:0,(anonymous_5)
FNDA:0,(anonymous_6)
FNDA:0,(anonymous_7)
FNDA:0,(anonymous_8)
FNDA:0,(anonymous_9)
FNDA:0,(anonymous_10)
FNDA:0,(anonymous_11)
FNDA:0,(anonymous_12)
FNDA:0,(anonymous_13)
FNDA:0,(anonymous_14)
FNDA:0,(anonymous_15)
FNDA:0,(anonymous_16)
FNDA:0,(anonymous_17)
FNDA:0,(anonymous_18)
FNDA:0,(anonymous_19)
FNDA:0,(anonymous_20)
FNDA:0,(anonymous_21)
FNDA:0,(anonymous_22)
FNDA:0,(anonymous_23)
FNDA:0,(anonymous_24)
FNDA:0,(anonymous_25)
FNDA:0,(anonymous_26)
FNDA:0,(anonymous_27)
FNDA:0,(anonymous_28)
FNDA:0,(anonymous_29)
FNDA:0,(anonymous_30)
FNDA:0,(anonymous_31)
FNDA:0,(anonymous_32)
FNDA:0,(anonymous_33)
FNDA:0,(anonymous_34)
FNDA:0,(anonymous_35)
FNDA:0,(anonymous_36)
FNDA:0,(anonymous_37)
FNDA:0,(anonymous_38)
FNDA:0,(anonymous_39)
FNDA:0,(anonymous_40)
FNDA:0,(anonymous_41)
FNDA:0,(anonymous_42)
FNDA:0,(anonymous_43)
FNDA:0,(anonymous_44)
FNDA:0,(anonymous_45)
FNDA:0,(anonymous_46)
FNDA:0,(anonymous_47)
FNDA:0,(anonymous_48)
FNDA:0,(anonymous_49)
DA:4,0
DA:5,0
DA:8,0
DA:9,0
DA:10,0
DA:11,0
DA:12,0
DA:13,0
DA:14,0
DA:15,0
DA:16,0
DA:17,0
DA:18,0
DA:32,0
DA:1364,0
DA:1367,0
DA:1368,0
DA:1369,0
DA:1372,0
DA:1375,0
DA:1379,0
DA:1382,0
DA:1385,0
DA:1388,0
DA:1392,0
DA:1395,0
DA:1396,0
DA:1400,0
DA:1403,0
DA:1406,0
DA:1409,0
DA:1412,0
DA:1415,0
DA:1419,0
DA:1423,0
DA:1426,0
DA:1429,0
DA:1432,0
DA:1435,0
DA:1438,0
DA:1441,0
DA:1444,0
DA:1449,0
DA:1458,0
DA:1468,0
DA:1479,0
DA:1486,0
DA:1493,0
DA:1494,0
DA:1495,0
DA:1496,0
DA:1497,0
DA:1498,0
DA:1499,0
DA:1500,0
DA:1508,0
DA:1511,0
DA:1514,0
DA:1524,0
DA:1529,0
DA:1533,0
DA:1537,0
DA:1538,0
DA:1549,0
DA:1556,0
DA:1561,0
DA:1565,0
DA:1566,0
DA:1582,0
DA:1583,0
DA:1593,0
DA:1594,0
DA:1607,0
DA:1608,0
DA:1618,0
DA:1619,0
DA:1625,0
DA:1628,0
DA:1629,0
DA:1636,0
DA:1639,0
DA:1640,0
DA:1646,0
DA:1649,0
DA:1650,0
DA:1659,0
DA:1660,0
DA:1667,0
DA:1672,0
DA:1673,0
DA:1675,0
DA:1682,0
DA:1686,0
DA:1711,0
DA:1715,0
DA:1716,0
DA:1725,0
DA:1726,0
DA:1730,0
DA:1735,0
DA:1736,0
DA:1740,0
DA:1745,0
DA:1749,0
DA:1750,0
DA:1759,0
DA:1764,0
LF:107
LH:0
BRDA:1500,0,0,0
BRDA:1500,0,1,0
BRDA:1500,1,0,0
BRDA:1500,1,1,0
BRDA:1500,2,0,0
BRDA:1500,2,1,0
BRDA:1508,3,0,0
BRDA:1508,3,1,0
BRDA:1516,4,0,0
BRDA:1516,4,1,0
BRDA:1523,5,0,0
BRDA:1523,5,1,0
BRDA:1523,6,0,0
BRDA:1523,6,1,0
BRDA:1531,7,0,0
BRDA:1531,7,1,0
BRDA:1531,8,0,0
BRDA:1531,8,1,0
BRDA:1531,9,0,0
BRDA:1531,9,1,0
BRDA:1533,10,0,0
BRDA:1533,10,1,0
BRDA:1545,11,0,0
BRDA:1545,11,1,0
BRDA:1549,12,0,0
BRDA:1549,12,1,0
BRDA:1556,13,0,0
BRDA:1556,13,1,0
BRDA:1559,14,0,0
BRDA:1559,14,1,0
BRDA:1561,15,0,0
BRDA:1561,15,1,0
BRDA:1573,16,0,0
BRDA:1573,16,1,0
BRDA:1585,17,0,0
BRDA:1585,17,1,0
BRDA:1594,18,0,0
BRDA:1594,18,1,0
BRDA:1597,19,0,0
BRDA:1597,19,1,0
BRDA:1600,20,0,0
BRDA:1600,20,1,0
BRDA:1602,21,0,0
BRDA:1602,21,1,0
BRDA:1610,22,0,0
BRDA:1610,22,1,0
BRDA:1618,23,0,0
BRDA:1618,23,1,0
BRDA:1625,24,0,0
BRDA:1625,24,1,0
BRDA:1629,25,0,0
BRDA:1629,25,1,0
BRDA:1632,26,0,0
BRDA:1632,26,1,0
BRDA:1636,27,0,0
BRDA:1636,27,1,0
BRDA:1642,28,0,0
BRDA:1642,28,1,0
BRDA:1646,29,0,0
BRDA:1646,29,1,0
BRDA:1652,30,0,0
BRDA:1652,30,1,0
BRDA:1662,31,0,0
BRDA:1662,31,1,0
BRDA:1667,32,0,0
BRDA:1667,32,1,0
BRDA:1673,33,0,0
BRDA:1673,33,1,0
BRDA:1675,34,0,0
BRDA:1675,34,1,0
BRDA:1682,35,0,0
BRDA:1682,35,1,0
BRDA:1711,36,0,0
BRDA:1711,36,1,0
BRDA:1724,37,0,0
BRDA:1724,37,1,0
BRDA:1730,38,0,0
BRDA:1730,38,1,0
BRDA:1734,39,0,0
BRDA:1734,39,1,0
BRDA:1740,40,0,0
BRDA:1740,40,1,0
BRDA:1745,41,0,0
BRDA:1745,41,1,0
BRDA:1759,42,0,0
BRDA:1759,42,1,0
BRF:86
BRH:0
end_of_record
TN:
SF:src/components/HeavenlyStemsAndEarthlyBranches.vue
FN:325,render
FN:336,(anonymous_1)
FN:341,(anonymous_2)
FN:345,(anonymous_3)
FN:349,(anonymous_4)
FN:352,(anonymous_5)
FN:358,(anonymous_6)
FN:365,(anonymous_7)
FN:376,(anonymous_8)
FNF:9
FNH:0
FNDA:0,render
FNDA:0,(anonymous_1)
FNDA:0,(anonymous_2)
FNDA:0,(anonymous_3)
FNDA:0,(anonymous_4)
FNDA:0,(anonymous_5)
FNDA:0,(anonymous_6)
FNDA:0,(anonymous_7)
FNDA:0,(anonymous_8)
DA:4,0
DA:5,0
DA:8,0
DA:9,0
DA:305,0
DA:308,0
DA:309,0
DA:310,0
DA:313,0
DA:316,0
DA:319,0
DA:322,0
DA:326,0
DA:327,0
DA:328,0
DA:329,0
DA:330,0
DA:331,0
DA:332,0
DA:333,0
DA:336,0
DA:341,0
DA:345,0
DA:349,0
DA:352,0
DA:358,0
DA:365,0
DA:376,0
DA:392,0
LF:29
LH:0
BRDA:336,0,0,0
BRDA:336,0,1,0
BRDA:349,1,0,0
BRDA:349,1,1,0
BRDA:352,2,0,0
BRDA:352,2,1,0
BRDA:355,3,0,0
BRDA:355,3,1,0
BRDA:358,4,0,0
BRDA:358,4,1,0
BRDA:365,5,0,0
BRDA:365,5,1,0
BRDA:368,6,0,0
BRDA:368,6,1,0
BRF:14
BRH:0
end_of_record
TN:
SF:src/components/JsonFormat.vue
FN:257,render
FN:267,(anonymous_1)
FN:274,(anonymous_2)
FN:278,(anonymous_3)
FN:282,(anonymous_4)
FN:286,(anonymous_5)
FN:291,(anonymous_6)
FN:296,(anonymous_7)
FN:306,(anonymous_8)
FN:311,(anonymous_9)
FNF:10
FNH:1
FNDA:9,render
FNDA:0,(anonymous_1)
FNDA:0,(anonymous_2)
FNDA:0,(anonymous_3)
FNDA:0,(anonymous_4)
FNDA:0,(anonymous_5)
FNDA:0,(anonymous_6)
FNDA:0,(anonymous_7)
FNDA:0,(anonymous_8)
FNDA:0,(anonymous_9)
DA:4,1
DA:5,1
DA:8,1
DA:9,1
DA:10,1
DA:11,1
DA:32,1
DA:237,1
DA:240,1
DA:241,1
DA:242,1
DA:245,1
DA:248,1
DA:251,1
DA:254,1
DA:258,9
DA:259,9
DA:260,9
DA:261,9
DA:262,9
DA:263,9
DA:264,9
DA:267,0
DA:274,0
DA:278,0
DA:282,0
DA:286,0
DA:291,0
DA:296,0
DA:306,0
DA:311,0
DA:325,1
LF:32
LH:23
BRDA:267,0,0,0
BRDA:267,0,1,0
BRDA:274,1,0,0
BRDA:274,1,1,0
BRDA:286,2,0,0
BRDA:286,2,1,0
BRDA:291,3,0,0
BRDA:291,3,1,0
BRDA:296,4,0,0
BRDA:296,4,1,0
BRDA:306,5,0,0
BRDA:306,5,1,0
BRDA:311,6,0,0
BRDA:311,6,1,0
BRF:14
BRH:0
end_of_record
TN:
SF:src/components/TextFormat.vue
FN:193,render
FN:202,(anonymous_1)
FN:207,(anonymous_2)
FN:210,(anonymous_3)
FN:214,(anonymous_4)
FN:219,(anonymous_5)
FN:224,(anonymous_6)
FN:235,(anonymous_7)
FN:240,(anonymous_8)
FN:245,(anonymous_9)
FNF:10
FNH:0
FNDA:0,render
FNDA:0,(anonymous_1)
FNDA:0,(anonymous_2)
FNDA:0,(anonymous_3)
FNDA:0,(anonymous_4)
FNDA:0,(anonymous_5)
FNDA:0,(anonymous_6)
FNDA:0,(anonymous_7)
FNDA:0,(anonymous_8)
FNDA:0,(anonymous_9)
DA:4,0
DA:5,0
DA:8,0
DA:9,0
DA:10,0
DA:11,0
DA:177,0
DA:179,0
DA:182,0
DA:183,0
DA:184,0
DA:187,0
DA:190,0
DA:194,0
DA:195,0
DA:196,0
DA:197,0
DA:198,0
DA:199,0
DA:202,0
DA:207,0
DA:210,0
DA:214,0
DA:219,0
DA:224,0
DA:235,0
DA:240,0
DA:245,0
DA:257,0
LF:29
LH:0
BRDA:202,0,0,0
BRDA:202,0,1,0
BRDA:214,1,0,0
BRDA:214,1,1,0
BRDA:219,2,0,0
BRDA:219,2,1,0
BRDA:224,3,0,0
BRDA:224,3,1,0
BRDA:235,4,0,0
BRDA:235,4,1,0
BRDA:240,5,0,0
BRDA:240,5,1,0
BRDA:245,6,0,0
BRDA:245,6,1,0
BRF:14
BRH:0
end_of_record
TN:
SF:src/components/TopMenu.vue
FN:54,render
FN:62,(anonymous_1)
FN:63,(anonymous_2)
FN:70,(anonymous_3)
FN:75,(anonymous_4)
FNF:5
FNH:0
FNDA:0,render
FNDA:0,(anonymous_1)
FNDA:0,(anonymous_2)
FNDA:0,(anonymous_3)
FNDA:0,(anonymous_4)
DA:4,1
DA:7,1
DA:8,1
DA:47,1
DA:49,1
DA:52,1
DA:53,1
DA:55,0
DA:56,0
DA:57,0
DA:58,0
DA:59,0
DA:62,0
DA:63,0
DA:70,0
DA:75,0
DA:85,1
LF:17
LH:8
BRDA:75,0,0,0
BRDA:75,0,1,0
BRF:2
BRH:0
end_of_record
TN:
SF:src/components/UtilIndex.vue
FN:155,render
FN:169,(anonymous_1)
FN:174,(anonymous_2)
FN:178,(anonymous_3)
FN:183,(anonymous_4)
FN:189,(anonymous_5)
FN:200,(anonymous_6)
FN:205,(anonymous_7)
FN:211,(anonymous_8)
FN:222,(anonymous_9)
FN:233,(anonymous_10)
FN:238,(anonymous_11)
FN:244,(anonymous_12)
FN:255,(anonymous_13)
FNF:14
FNH:0
FNDA:0,render
FNDA:0,(anonymous_1)
FNDA:0,(anonymous_2)
FNDA:0,(anonymous_3)
FNDA:0,(anonymous_4)
FNDA:0,(anonymous_5)
FNDA:0,(anonymous_6)
FNDA:0,(anonymous_7)
FNDA:0,(anonymous_8)
FNDA:0,(anonymous_9)
FNDA:0,(anonymous_10)
FNDA:0,(anonymous_11)
FNDA:0,(anonymous_12)
FNDA:0,(anonymous_13)
DA:4,0
DA:5,0
DA:8,0
DA:9,0
DA:132,0
DA:135,0
DA:136,0
DA:137,0
DA:140,0
DA:143,0
DA:146,0
DA:149,0
DA:152,0
DA:156,0
DA:157,0
DA:158,0
DA:159,0
DA:160,0
DA:169,0
DA:174,0
DA:178,0
DA:183,0
DA:189,0
DA:200,0
DA:205,0
DA:211,0
DA:222,0
DA:233,0
DA:238,0
DA:244,0
DA:255,0
DA:277,0
LF:32
LH:0
BRDA:160,0,0,0
BRDA:160,0,1,0
BRDA:178,1,0,0
BRDA:178,1,1,0
BRDA:189,2,0,0
BRDA:189,2,1,0
BRDA:200,3,0,0
BRDA:200,3,1,0
BRDA:211,4,0,0
BRDA:211,4,1,0
BRDA:222,5,0,0
BRDA:222,5,1,0
BRDA:233,6,0,0
BRDA:233,6,1,0
BRDA:244,7,0,0
BRDA:244,7,1,0
BRDA:255,8,0,0
BRDA:255,8,1,0
BRDA:268,9,0,0
BRDA:268,9,1,0
BRF:20
BRH:0
end_of_record
TN:
SF:src/components/YunhuMatrix.vue
FN:76,render
FN:90,(anonymous_1)
FN:95,(anonymous_2)
FN:99,(anonymous_3)
FN:104,(anonymous_4)
FN:106,(anonymous_5)
FN:110,(anonymous_6)
FN:117,(anonymous_7)
FN:121,(anonymous_8)
FN:128,(anonymous_9)
FN:132,(anonymous_10)
FN:139,(anonymous_11)
FN:143,(anonymous_12)
FN:150,(anonymous_13)
FN:154,(anonymous_14)
FN:161,(anonymous_15)
FN:165,(anonymous_16)
FNF:17
FNH:0
FNDA:0,render
FNDA:0,(anonymous_1)
FNDA:0,(anonymous_2)
FNDA:0,(anonymous_3)
FNDA:0,(anonymous_4)
FNDA:0,(anonymous_5)
FNDA:0,(anonymous_6)
FNDA:0,(anonymous_7)
FNDA:0,(anonymous_8)
FNDA:0,(anonymous_9)
FNDA:0,(anonymous_10)
FNDA:0,(anonymous_11)
FNDA:0,(anonymous_12)
FNDA:0,(anonymous_13)
FNDA:0,(anonymous_14)
FNDA:0,(anonymous_15)
FNDA:0,(anonymous_16)
DA:4,0
DA:5,0
DA:8,0
DA:62,0
DA:65,0
DA:66,0
DA:67,0
DA:70,0
DA:73,0
DA:77,0
DA:78,0
DA:79,0
DA:80,0
DA:81,0
DA:90,0
DA:95,0
DA:99,0
DA:104,0
DA:106,0
DA:110,0
DA:117,0
DA:121,0
DA:128,0
DA:132,0
DA:139,0
DA:143,0
DA:150,0
DA:154,0
DA:161,0
DA:165,0
DA:185,0
LF:31
LH:0
BRDA:81,0,0,0
BRDA:81,0,1,0
BRDA:99,1,0,0
BRDA:99,1,1,0
BRDA:106,2,0,0
BRDA:106,2,1,0
BRDA:110,3,0,0
BRDA:110,3,1,0
BRDA:117,4,0,0
BRDA:117,4,1,0
BRDA:121,5,0,0
BRDA:121,5,1,0
BRDA:128,6,0,0
BRDA:128,6,1,0
BRDA:132,7,0,0
BRDA:132,7,1,0
BRDA:139,8,0,0
BRDA:139,8,1,0
BRDA:143,9,0,0
BRDA:143,9,1,0
BRDA:150,10,0,0
BRDA:150,10,1,0
BRDA:154,11,0,0
BRDA:154,11,1,0
BRDA:161,12,0,0
BRDA:161,12,1,0
BRDA:165,13,0,0
BRDA:165,13,1,0
BRDA:176,14,0,0
BRDA:176,14,1,0
BRF:30
BRH:0
end_of_record
TN:
SF:src/components/fontToImage.vue
FN:740,render
FN:750,(anonymous_1)
FN:753,(anonymous_2)
FN:755,(anonymous_3)
FN:768,(anonymous_4)
FN:775,(anonymous_5)
FN:780,(anonymous_6)
FN:788,(anonymous_7)
FN:788,(anonymous_8)
FN:798,(anonymous_9)
FN:806,(anonymous_10)
FN:806,(anonymous_11)
FN:816,(anonymous_12)
FN:824,(anonymous_13)
FN:824,(anonymous_14)
FN:838,(anonymous_15)
FN:861,(anonymous_16)
FN:866,(anonymous_17)
FN:867,(anonymous_18)
FN:869,(anonymous_19)
FN:873,(anonymous_20)
FNF:21
FNH:0
FNDA:0,render
FNDA:0,(anonymous_1)
FNDA:0,(anonymous_2)
FNDA:0,(anonymous_3)
FNDA:0,(anonymous_4)
FNDA:0,(anonymous_5)
FNDA:0,(anonymous_6)
FNDA:0,(anonymous_7)
FNDA:0,(anonymous_8)
FNDA:0,(anonymous_9)
FNDA:0,(anonymous_10)
FNDA:0,(anonymous_11)
FNDA:0,(anonymous_12)
FNDA:0,(anonymous_13)
FNDA:0,(anonymous_14)
FNDA:0,(anonymous_15)
FNDA:0,(anonymous_16)
FNDA:0,(anonymous_17)
FNDA:0,(anonymous_18)
FNDA:0,(anonymous_19)
FNDA:0,(anonymous_20)
DA:4,0
DA:5,0
DA:8,0
DA:717,0
DA:720,0
DA:721,0
DA:722,0
DA:725,0
DA:728,0
DA:731,0
DA:736,0
DA:737,0
DA:741,0
DA:742,0
DA:743,0
DA:744,0
DA:745,0
DA:746,0
DA:747,0
DA:750,0
DA:753,0
DA:755,0
DA:768,0
DA:775,0
DA:780,0
DA:788,0
DA:789,0
DA:798,0
DA:806,0
DA:807,0
DA:816,0
DA:824,0
DA:825,0
DA:838,0
DA:861,0
DA:866,0
DA:867,0
DA:869,0
DA:873,0
DA:883,0
LF:40
LH:0
BRDA:750,0,0,0
BRDA:750,0,1,0
BRDA:755,1,0,0
BRDA:755,1,1,0
BRDA:762,2,0,0
BRDA:762,2,1,0
BRDA:768,3,0,0
BRDA:768,3,1,0
BRDA:775,4,0,0
BRDA:775,4,1,0
BRDA:780,5,0,0
BRDA:780,5,1,0
BRDA:798,6,0,0
BRDA:798,6,1,0
BRDA:816,7,0,0
BRDA:816,7,1,0
BRDA:838,8,0,0
BRDA:838,8,1,0
BRDA:844,9,0,0
BRDA:844,9,1,0
BRDA:850,10,0,0
BRDA:850,10,1,0
BRDA:853,11,0,0
BRDA:853,11,1,0
BRDA:853,12,0,0
BRDA:853,12,1,0
BRDA:861,13,0,0
BRDA:861,13,1,0
BRDA:867,14,0,0
BRDA:867,14,1,0
BRDA:869,15,0,0
BRDA:869,15,1,0
BRF:32
BRH:0
end_of_record
TN:
SF:src/router/index.js
FN:11,getRolesFromBackend
FN:12,(anonymous_1)
FN:15,(anonymous_2)
FN:27,hasPermission
FN:30,(anonymous_4)
FN:43,filterAsyncRoutes
FN:45,(anonymous_6)
FN:60,(anonymous_7)
FN:77,(anonymous_8)
FNF:9
FNH:0
FNDA:0,getRolesFromBackend
FNDA:0,(anonymous_1)
FNDA:0,(anonymous_2)
FNDA:0,hasPermission
FNDA:0,(anonymous_4)
FNDA:0,filterAsyncRoutes
FNDA:0,(anonymous_6)
FNDA:0,(anonymous_7)
FNDA:0,(anonymous_8)
DA:5,0
DA:12,0
DA:14,0
DA:15,0
DA:16,0
DA:28,0
DA:30,0
DA:33,0
DA:44,0
DA:45,0
DA:46,0
DA:47,0
DA:48,0
DA:49,0
DA:51,0
DA:54,0
DA:58,0
DA:60,0
DA:61,0
DA:63,0
DA:64,0
DA:66,0
DA:68,0
DA:69,0
DA:71,0
DA:74,0
DA:77,0
DA:78,0
DA:81,0
DA:85,0
DA:88,0
DA:89,0
DA:90,0
DA:93,0
DA:98,0
DA:99,0
DA:102,0
LF:37
LH:0
BRDA:14,0,0,0
BRDA:14,0,1,0
BRDA:28,1,0,0
BRDA:28,1,1,0
BRDA:28,2,0,0
BRDA:28,2,1,0
BRDA:47,3,0,0
BRDA:47,3,1,0
BRDA:48,4,0,0
BRDA:48,4,1,0
BRDA:63,5,0,0
BRDA:63,5,1,0
BRDA:64,6,0,0
BRDA:64,6,1,0
BRDA:68,7,0,0
BRDA:68,7,1,0
BRDA:98,8,0,0
BRDA:98,8,1,0
BRF:18
BRH:0
end_of_record
TN:
SF:src/router/router.js
FN:13,(anonymous_0)
FN:19,(anonymous_1)
FN:31,(anonymous_2)
FN:37,(anonymous_3)
FN:43,(anonymous_4)
FN:49,(anonymous_5)
FN:54,(anonymous_6)
FN:59,(anonymous_7)
FNF:8
FNH:0
FNDA:0,(anonymous_0)
FNDA:0,(anonymous_1)
FNDA:0,(anonymous_2)
FNDA:0,(anonymous_3)
FNDA:0,(anonymous_4)
FNDA:0,(anonymous_5)
FNDA:0,(anonymous_6)
FNDA:0,(anonymous_7)
DA:9,0
DA:13,0
DA:19,0
DA:27,0
DA:31,0
DA:37,0
DA:43,0
DA:49,0
DA:54,0
DA:59,0
LF:10
LH:0
BRF:0
BRH:0
end_of_record
