TN:
SF:src/App.vue
FN:12,render
FNF:1
FNH:0
FNDA:0,render
DA:5,0
DA:7,0
DA:10,0
DA:11,0
DA:13,0
DA:14,0
DA:15,0
LF:7
LH:0
BRF:0
BRH:0
end_of_record
TN:
SF:src/main.js
FNF:0
FNH:0
DA:17,0
DA:19,0
DA:22,0
DA:23,0
DA:25,0
DA:26,0
DA:27,0
DA:30,0
LF:8
LH:0
BRF:0
BRH:0
end_of_record
TN:
SF:src/api/jztk.js
FN:54,normalizeJztkQuestion
FN:111,getJztkRandomFetchBase
FN:141,resolveJztkApiUrl
FN:180,toJztkFetchError
FN:204,fetchJztkQuestions
FN:255,(anonymous_5)
FN:269,(anonymous_6)
FN:288,(anonymous_7)
FN:302,syncJztkToBackend
FN:325,(anonymous_9)
FN:335,isJztkApiConfigured
FN:340,isJztkSyncConfigured
FNF:12
FNH:0
FNDA:0,normalizeJztkQuestion
FNDA:0,getJztkRandomFetchBase
FNDA:0,resolveJztkApiUrl
FNDA:0,toJztkFetchError
FNDA:0,fetchJztkQuestions
FNDA:0,(anonymous_5)
FNDA:0,(anonymous_6)
FNDA:0,(anonymous_7)
FNDA:0,syncJztkToBackend
FNDA:0,(anonymous_9)
FNDA:0,isJztkApiConfigured
FNDA:0,isJztkSyncConfigured
DA:16,0
DA:19,0
DA:24,0
DA:25,0
DA:26,0
DA:55,0
DA:56,0
DA:69,0
DA:73,0
DA:74,0
DA:75,0
DA:91,0
DA:112,0
DA:113,0
DA:114,0
DA:118,0
DA:119,0
DA:120,0
DA:121,0
DA:122,0
DA:123,0
DA:125,0
DA:129,0
DA:130,0
DA:131,0
DA:132,0
DA:142,0
DA:143,0
DA:144,0
DA:146,0
DA:149,0
DA:150,0
DA:151,0
DA:159,0
DA:160,0
DA:161,0
DA:163,0
DA:165,0
DA:166,0
DA:167,0
DA:169,0
DA:170,0
DA:181,0
DA:182,0
DA:183,0
DA:189,0
DA:190,0
DA:191,0
DA:192,0
DA:196,0
DA:205,0
DA:206,0
DA:207,0
DA:208,0
DA:209,0
DA:214,0
DA:215,0
DA:220,0
DA:222,0
DA:223,0
DA:224,0
DA:225,0
DA:230,0
DA:235,0
DA:236,0
DA:239,0
DA:240,0
DA:242,0
DA:248,0
DA:249,0
DA:250,0
DA:252,0
DA:255,0
DA:260,0
DA:261,0
DA:262,0
DA:264,0
DA:265,0
DA:267,0
DA:269,0
DA:277,0
DA:278,0
DA:279,0
DA:281,0
DA:282,0
DA:283,0
DA:285,0
DA:288,0
DA:292,0
DA:303,0
DA:304,0
DA:306,0
DA:310,0
DA:311,0
DA:314,0
DA:315,0
DA:322,0
DA:324,0
DA:325,0
DA:326,0
DA:332,0
DA:336,0
DA:341,0
LF:103
LH:0
BRDA:16,0,0,0
BRDA:16,0,1,0
BRDA:19,1,0,0
BRDA:19,1,1,0
BRDA:19,2,0,0
BRDA:19,2,1,0
BRDA:24,3,0,0
BRDA:24,3,1,0
BRDA:24,4,0,0
BRDA:24,4,1,0
BRDA:25,5,0,0
BRDA:25,5,1,0
BRDA:26,6,0,0
BRDA:26,6,1,0
BRDA:55,7,0,0
BRDA:55,7,1,0
BRDA:55,8,0,0
BRDA:55,8,1,0
BRDA:69,9,0,0
BRDA:69,9,1,0
BRDA:69,9,2,0
BRDA:73,10,0,0
BRDA:73,10,1,0
BRDA:76,11,0,0
BRDA:76,11,1,0
BRDA:76,11,2,0
BRDA:77,12,0,0
BRDA:77,12,1,0
BRDA:77,12,2,0
BRDA:78,13,0,0
BRDA:78,13,1,0
BRDA:79,14,0,0
BRDA:79,14,1,0
BRDA:80,15,0,0
BRDA:80,15,1,0
BRDA:81,16,0,0
BRDA:81,16,1,0
BRDA:82,17,0,0
BRDA:82,17,1,0
BRDA:83,18,0,0
BRDA:83,18,1,0
BRDA:85,19,0,0
BRDA:85,19,1,0
BRDA:85,20,0,0
BRDA:85,20,1,0
BRDA:92,21,0,0
BRDA:92,21,1,0
BRDA:93,22,0,0
BRDA:93,22,1,0
BRDA:94,23,0,0
BRDA:94,23,1,0
BRDA:95,24,0,0
BRDA:95,24,1,0
BRDA:96,25,0,0
BRDA:96,25,1,0
BRDA:97,26,0,0
BRDA:97,26,1,0
BRDA:98,27,0,0
BRDA:98,27,1,0
BRDA:99,28,0,0
BRDA:99,28,1,0
BRDA:101,29,0,0
BRDA:101,29,1,0
BRDA:101,30,0,0
BRDA:101,30,1,0
BRDA:112,31,0,0
BRDA:112,31,1,0
BRDA:113,32,0,0
BRDA:113,32,1,0
BRDA:114,33,0,0
BRDA:114,33,1,0
BRDA:118,34,0,0
BRDA:118,34,1,0
BRDA:121,35,0,0
BRDA:121,35,1,0
BRDA:129,36,0,0
BRDA:129,36,1,0
BRDA:130,37,0,0
BRDA:130,37,1,0
BRDA:141,38,0,0
BRDA:143,39,0,0
BRDA:143,39,1,0
BRDA:144,40,0,0
BRDA:144,40,1,0
BRDA:146,41,0,0
BRDA:146,41,1,0
BRDA:146,42,0,0
BRDA:146,42,1,0
BRDA:151,43,0,0
BRDA:151,43,1,0
BRDA:154,44,0,0
BRDA:154,44,1,0
BRDA:155,45,0,0
BRDA:155,45,1,0
BRDA:155,46,0,0
BRDA:155,46,1,0
BRDA:160,47,0,0
BRDA:160,47,1,0
BRDA:163,48,0,0
BRDA:163,48,1,0
BRDA:166,49,0,0
BRDA:166,49,1,0
BRDA:169,50,0,0
BRDA:169,50,1,0
BRDA:180,51,0,0
BRDA:181,52,0,0
BRDA:181,52,1,0
BRDA:183,53,0,0
BRDA:183,53,1,0
BRDA:184,54,0,0
BRDA:184,54,1,0
BRDA:184,54,2,0
BRDA:184,54,3,0
BRDA:190,55,0,0
BRDA:190,55,1,0
BRDA:191,56,0,0
BRDA:191,56,1,0
BRDA:196,57,0,0
BRDA:196,57,1,0
BRDA:204,58,0,0
BRDA:205,59,0,0
BRDA:205,59,1,0
BRDA:208,60,0,0
BRDA:208,60,1,0
BRDA:222,61,0,0
BRDA:222,61,1,0
BRDA:230,62,0,0
BRDA:230,62,1,0
BRDA:232,63,0,0
BRDA:232,63,1,0
BRDA:235,64,0,0
BRDA:235,64,1,0
BRDA:248,65,0,0
BRDA:248,65,1,0
BRDA:249,66,0,0
BRDA:249,66,1,0
BRDA:260,67,0,0
BRDA:260,67,1,0
BRDA:261,68,0,0
BRDA:261,68,1,0
BRDA:262,69,0,0
BRDA:262,69,1,0
BRDA:264,70,0,0
BRDA:264,70,1,0
BRDA:264,71,0,0
BRDA:264,71,1,0
BRDA:277,72,0,0
BRDA:277,72,1,0
BRDA:277,73,0,0
BRDA:277,73,1,0
BRDA:278,74,0,0
BRDA:278,74,1,0
BRDA:282,75,0,0
BRDA:282,75,1,0
BRDA:282,76,0,0
BRDA:282,76,1,0
BRDA:282,76,2,0
BRDA:283,77,0,0
BRDA:283,77,1,0
BRDA:287,78,0,0
BRDA:287,78,1,0
BRDA:303,79,0,0
BRDA:303,79,1,0
BRDA:310,80,0,0
BRDA:310,80,1,0
BRDA:324,81,0,0
BRDA:324,81,1,0
BRDA:329,82,0,0
BRDA:329,82,1,0
BRDA:341,83,0,0
BRDA:341,83,1,0
BRF:171
BRH:0
end_of_record
TN:
SF:src/components/ArticleDetail.vue
FN:13,(anonymous_0)
FN:259,(anonymous_1)
FN:274,encodeArticleFilePath
FN:276,(anonymous_3)
FN:278,(anonymous_4)
FN:298,(anonymous_5)
FN:332,(anonymous_6)
FN:342,(anonymous_7)
FN:350,(anonymous_8)
FN:392,(anonymous_9)
FN:406,(anonymous_10)
FN:407,(anonymous_11)
FN:407,(anonymous_12)
FN:409,(anonymous_13)
FN:413,(anonymous_14)
FN:414,(anonymous_15)
FN:414,(anonymous_16)
FN:416,(anonymous_17)
FN:424,(anonymous_18)
FN:447,(anonymous_19)
FN:449,(anonymous_20)
FN:465,(anonymous_21)
FN:486,(anonymous_22)
FN:509,(anonymous_23)
FN:519,(anonymous_24)
FN:520,(anonymous_25)
FN:535,(anonymous_26)
FN:547,(anonymous_27)
FN:558,(anonymous_28)
FN:583,(anonymous_29)
FN:599,(anonymous_30)
FN:608,(anonymous_31)
FN:628,(anonymous_32)
FN:653,(anonymous_33)
FN:694,(anonymous_34)
FN:695,(anonymous_35)
FN:710,(anonymous_36)
FN:715,(anonymous_37)
FN:722,(anonymous_38)
FN:734,(anonymous_39)
FN:751,(anonymous_40)
FN:770,(anonymous_41)
FN:788,(anonymous_42)
FN:833,(anonymous_43)
FN:844,(anonymous_44)
FN:853,(anonymous_45)
FN:853,(anonymous_46)
FN:854,(anonymous_47)
FN:854,(anonymous_48)
FN:857,(anonymous_49)
FN:862,(anonymous_50)
FN:865,(anonymous_51)
FN:881,(anonymous_52)
FN:882,(anonymous_53)
FN:892,(anonymous_54)
FN:893,(anonymous_55)
FN:898,(anonymous_56)
FN:902,(anonymous_57)
FN:907,(anonymous_58)
FN:916,(anonymous_59)
FN:931,(anonymous_60)
FN:934,(anonymous_61)
FN:945,(anonymous_62)
FN:947,(anonymous_63)
FN:970,(anonymous_64)
FN:972,(anonymous_65)
FN:987,(anonymous_66)
FN:989,(anonymous_67)
FN:1003,(anonymous_68)
FN:1017,(anonymous_69)
FN:1030,(anonymous_70)
FN:1032,(anonymous_71)
FN:1043,(anonymous_72)
FN:1045,(anonymous_73)
FN:1054,(anonymous_74)
FN:1059,(anonymous_75)
FN:1064,(anonymous_76)
FN:1064,(anonymous_77)
FN:1073,(anonymous_78)
FN:1090,(anonymous_79)
FN:1101,(anonymous_80)
FN:1108,(anonymous_81)
FN:1168,(anonymous_82)
FN:1291,(anonymous_83)
FN:1294,(anonymous_84)
FN:1312,(anonymous_85)
FN:1321,(anonymous_86)
FN:1343,(anonymous_87)
FN:1372,(anonymous_88)
FN:1375,(anonymous_89)
FN:1378,(anonymous_90)
FN:1381,(anonymous_91)
FN:1384,(anonymous_92)
FN:1387,(anonymous_93)
FN:1459,(anonymous_94)
FN:1462,(anonymous_95)
FN:1465,(anonymous_96)
FN:1468,(anonymous_97)
FN:1471,(anonymous_98)
FN:1474,(anonymous_99)
FN:1477,(anonymous_100)
FN:1480,(anonymous_101)
FN:1483,(anonymous_102)
FN:1486,(anonymous_103)
FN:1489,(anonymous_104)
FN:1492,(anonymous_105)
FN:1495,(anonymous_106)
FN:1498,(anonymous_107)
FN:1502,(anonymous_108)
FN:1505,(anonymous_109)
FN:1508,(anonymous_110)
FN:1511,(anonymous_111)
FN:1514,(anonymous_112)
FN:1517,(anonymous_113)
FN:1520,(anonymous_114)
FN:1657,render
FN:1675,(anonymous_116)
FN:1679,(anonymous_117)
FN:1688,(anonymous_118)
FN:1700,(anonymous_119)
FN:1728,(anonymous_120)
FN:1740,(anonymous_121)
FN:1747,(anonymous_122)
FN:1753,(anonymous_123)
FN:1771,(anonymous_124)
FN:1777,(anonymous_125)
FN:1777,(anonymous_126)
FN:1798,(anonymous_127)
FN:1799,(anonymous_128)
FN:1808,(anonymous_129)
FN:1814,(anonymous_130)
FN:1822,(anonymous_131)
FN:1828,(anonymous_132)
FN:1860,(anonymous_133)
FN:1867,(anonymous_134)
FN:1921,(anonymous_135)
FN:1927,(anonymous_136)
FN:1935,(anonymous_137)
FN:1938,(anonymous_138)
FN:1946,(anonymous_139)
FN:1952,(anonymous_140)
FN:1998,(anonymous_141)
FN:2003,(anonymous_142)
FN:2009,(anonymous_143)
FN:2016,(anonymous_144)
FN:2022,(anonymous_145)
FN:2023,(anonymous_146)
FN:2025,(anonymous_147)
FN:2029,(anonymous_148)
FN:2043,(anonymous_149)
FNF:150
FNH:0
FNDA:0,(anonymous_0)
FNDA:0,(anonymous_1)
FNDA:0,encodeArticleFilePath
FNDA:0,(anonymous_3)
FNDA:0,(anonymous_4)
FNDA:0,(anonymous_5)
FNDA:0,(anonymous_6)
FNDA:0,(anonymous_7)
FNDA:0,(anonymous_8)
FNDA:0,(anonymous_9)
FNDA:0,(anonymous_10)
FNDA:0,(anonymous_11)
FNDA:0,(anonymous_12)
FNDA:0,(anonymous_13)
FNDA:0,(anonymous_14)
FNDA:0,(anonymous_15)
FNDA:0,(anonymous_16)
FNDA:0,(anonymous_17)
FNDA:0,(anonymous_18)
FNDA:0,(anonymous_19)
FNDA:0,(anonymous_20)
FNDA:0,(anonymous_21)
FNDA:0,(anonymous_22)
FNDA:0,(anonymous_23)
FNDA:0,(anonymous_24)
FNDA:0,(anonymous_25)
FNDA:0,(anonymous_26)
FNDA:0,(anonymous_27)
FNDA:0,(anonymous_28)
FNDA:0,(anonymous_29)
FNDA:0,(anonymous_30)
FNDA:0,(anonymous_31)
FNDA:0,(anonymous_32)
FNDA:0,(anonymous_33)
FNDA:0,(anonymous_34)
FNDA:0,(anonymous_35)
FNDA:0,(anonymous_36)
FNDA:0,(anonymous_37)
FNDA:0,(anonymous_38)
FNDA:0,(anonymous_39)
FNDA:0,(anonymous_40)
FNDA:0,(anonymous_41)
FNDA:0,(anonymous_42)
FNDA:0,(anonymous_43)
FNDA:0,(anonymous_44)
FNDA:0,(anonymous_45)
FNDA:0,(anonymous_46)
FNDA:0,(anonymous_47)
FNDA:0,(anonymous_48)
FNDA:0,(anonymous_49)
FNDA:0,(anonymous_50)
FNDA:0,(anonymous_51)
FNDA:0,(anonymous_52)
FNDA:0,(anonymous_53)
FNDA:0,(anonymous_54)
FNDA:0,(anonymous_55)
FNDA:0,(anonymous_56)
FNDA:0,(anonymous_57)
FNDA:0,(anonymous_58)
FNDA:0,(anonymous_59)
FNDA:0,(anonymous_60)
FNDA:0,(anonymous_61)
FNDA:0,(anonymous_62)
FNDA:0,(anonymous_63)
FNDA:0,(anonymous_64)
FNDA:0,(anonymous_65)
FNDA:0,(anonymous_66)
FNDA:0,(anonymous_67)
FNDA:0,(anonymous_68)
FNDA:0,(anonymous_69)
FNDA:0,(anonymous_70)
FNDA:0,(anonymous_71)
FNDA:0,(anonymous_72)
FNDA:0,(anonymous_73)
FNDA:0,(anonymous_74)
FNDA:0,(anonymous_75)
FNDA:0,(anonymous_76)
FNDA:0,(anonymous_77)
FNDA:0,(anonymous_78)
FNDA:0,(anonymous_79)
FNDA:0,(anonymous_80)
FNDA:0,(anonymous_81)
FNDA:0,(anonymous_82)
FNDA:0,(anonymous_83)
FNDA:0,(anonymous_84)
FNDA:0,(anonymous_85)
FNDA:0,(anonymous_86)
FNDA:0,(anonymous_87)
FNDA:0,(anonymous_88)
FNDA:0,(anonymous_89)
FNDA:0,(anonymous_90)
FNDA:0,(anonymous_91)
FNDA:0,(anonymous_92)
FNDA:0,(anonymous_93)
FNDA:0,(anonymous_94)
FNDA:0,(anonymous_95)
FNDA:0,(anonymous_96)
FNDA:0,(anonymous_97)
FNDA:0,(anonymous_98)
FNDA:0,(anonymous_99)
FNDA:0,(anonymous_100)
FNDA:0,(anonymous_101)
FNDA:0,(anonymous_102)
FNDA:0,(anonymous_103)
FNDA:0,(anonymous_104)
FNDA:0,(anonymous_105)
FNDA:0,(anonymous_106)
FNDA:0,(anonymous_107)
FNDA:0,(anonymous_108)
FNDA:0,(anonymous_109)
FNDA:0,(anonymous_110)
FNDA:0,(anonymous_111)
FNDA:0,(anonymous_112)
FNDA:0,(anonymous_113)
FNDA:0,(anonymous_114)
FNDA:0,render
FNDA:0,(anonymous_116)
FNDA:0,(anonymous_117)
FNDA:0,(anonymous_118)
FNDA:0,(anonymous_119)
FNDA:0,(anonymous_120)
FNDA:0,(anonymous_121)
FNDA:0,(anonymous_122)
FNDA:0,(anonymous_123)
FNDA:0,(anonymous_124)
FNDA:0,(anonymous_125)
FNDA:0,(anonymous_126)
FNDA:0,(anonymous_127)
FNDA:0,(anonymous_128)
FNDA:0,(anonymous_129)
FNDA:0,(anonymous_130)
FNDA:0,(anonymous_131)
FNDA:0,(anonymous_132)
FNDA:0,(anonymous_133)
FNDA:0,(anonymous_134)
FNDA:0,(anonymous_135)
FNDA:0,(anonymous_136)
FNDA:0,(anonymous_137)
FNDA:0,(anonymous_138)
FNDA:0,(anonymous_139)
FNDA:0,(anonymous_140)
FNDA:0,(anonymous_141)
FNDA:0,(anonymous_142)
FNDA:0,(anonymous_143)
FNDA:0,(anonymous_144)
FNDA:0,(anonymous_145)
FNDA:0,(anonymous_146)
FNDA:0,(anonymous_147)
FNDA:0,(anonymous_148)
FNDA:0,(anonymous_149)
DA:16,0
DA:17,0
DA:18,0
DA:19,0
DA:20,0
DA:21,0
DA:22,0
DA:23,0
DA:24,0
DA:25,0
DA:26,0
DA:27,0
DA:28,0
DA:29,0
DA:30,0
DA:31,0
DA:32,0
DA:33,0
DA:34,0
DA:35,0
DA:36,0
DA:37,0
DA:38,0
DA:39,0
DA:40,0
DA:41,0
DA:42,0
DA:43,0
DA:44,0
DA:45,0
DA:48,0
DA:147,0
DA:148,0
DA:149,0
DA:152,0
DA:155,0
DA:188,0
DA:231,0
DA:250,0
DA:253,0
DA:259,0
DA:260,0
DA:261,0
DA:262,0
DA:264,0
DA:265,0
DA:266,0
DA:275,0
DA:276,0
DA:278,0
DA:279,0
DA:280,0
DA:281,0
DA:282,0
DA:284,0
DA:285,0
DA:286,0
DA:287,0
DA:289,0
DA:290,0
DA:291,0
DA:292,0
DA:293,0
DA:295,0
DA:296,0
DA:297,0
DA:298,0
DA:299,0
DA:300,0
DA:302,0
DA:303,0
DA:306,0
DA:307,0
DA:308,0
DA:311,0
DA:312,0
DA:313,0
DA:314,0
DA:315,0
DA:318,0
DA:319,0
DA:321,0
DA:322,0
DA:323,0
DA:324,0
DA:326,0
DA:327,0
DA:330,0
DA:332,0
DA:334,0
DA:335,0
DA:337,0
DA:338,0
DA:339,0
DA:342,0
DA:343,0
DA:345,0
DA:346,0
DA:348,0
DA:350,0
DA:351,0
DA:352,0
DA:353,0
DA:355,0
DA:365,0
DA:371,0
DA:372,0
DA:373,0
DA:376,0
DA:377,0
DA:380,0
DA:381,0
DA:382,0
DA:383,0
DA:392,0
DA:393,0
DA:394,0
DA:395,0
DA:397,0
DA:406,0
DA:407,0
DA:408,0
DA:409,0
DA:410,0
DA:411,0
DA:413,0
DA:414,0
DA:415,0
DA:416,0
DA:417,0
DA:418,0
DA:424,0
DA:425,0
DA:426,0
DA:427,0
DA:428,0
DA:429,0
DA:434,0
DA:437,0
DA:438,0
DA:447,0
DA:449,0
DA:450,0
DA:451,0
DA:452,0
DA:453,0
DA:455,0
DA:456,0
DA:457,0
DA:465,0
DA:466,0
DA:467,0
DA:468,0
DA:470,0
DA:471,0
DA:473,0
DA:474,0
DA:475,0
DA:486,0
DA:487,0
DA:488,0
DA:489,0
DA:490,0
DA:491,0
DA:493,0
DA:494,0
DA:499,0
DA:503,0
DA:509,0
DA:510,0
DA:511,0
DA:513,0
DA:515,0
DA:516,0
DA:519,0
DA:520,0
DA:521,0
DA:522,0
DA:527,0
DA:528,0
DA:535,0
DA:536,0
DA:537,0
DA:538,0
DA:539,0
DA:542,0
DA:545,0
DA:547,0
DA:548,0
DA:553,0
DA:554,0
DA:558,0
DA:559,0
DA:563,0
DA:566,0
DA:567,0
DA:570,0
DA:572,0
DA:573,0
DA:574,0
DA:577,0
DA:583,0
DA:584,0
DA:585,0
DA:586,0
DA:590,0
DA:591,0
DA:592,0
DA:593,0
DA:594,0
DA:596,0
DA:597,0
DA:599,0
DA:600,0
DA:601,0
DA:602,0
DA:610,0
DA:611,0
DA:612,0
DA:616,0
DA:618,0
DA:619,0
DA:620,0
DA:621,0
DA:628,0
DA:629,0
DA:631,0
DA:632,0
DA:633,0
DA:635,0
DA:636,0
DA:637,0
DA:641,0
DA:642,0
DA:647,0
DA:650,0
DA:653,0
DA:656,0
DA:657,0
DA:661,0
DA:662,0
DA:664,0
DA:667,0
DA:668,0
DA:670,0
DA:671,0
DA:672,0
DA:673,0
DA:675,0
DA:676,0
DA:677,0
DA:681,0
DA:684,0
DA:685,0
DA:686,0
DA:694,0
DA:695,0
DA:696,0
DA:699,0
DA:700,0
DA:701,0
DA:702,0
DA:704,0
DA:710,0
DA:711,0
DA:715,0
DA:716,0
DA:722,0
DA:723,0
DA:725,0
DA:726,0
DA:727,0
DA:731,0
DA:732,0
DA:734,0
DA:735,0
DA:736,0
DA:737,0
DA:738,0
DA:740,0
DA:742,0
DA:745,0
DA:751,0
DA:752,0
DA:756,0
DA:759,0
DA:760,0
DA:761,0
DA:762,0
DA:763,0
DA:764,0
DA:765,0
DA:766,0
DA:770,0
DA:771,0
DA:774,0
DA:779,0
DA:780,0
DA:781,0
DA:788,0
DA:790,0
DA:791,0
DA:792,0
DA:794,0
DA:795,0
DA:796,0
DA:800,0
DA:801,0
DA:803,0
DA:804,0
DA:806,0
DA:807,0
DA:808,0
DA:810,0
DA:813,0
DA:819,0
DA:820,0
DA:823,0
DA:824,0
DA:826,0
DA:833,0
DA:834,0
DA:835,0
DA:837,0
DA:844,0
DA:845,0
DA:846,0
DA:848,0
DA:853,0
DA:854,0
DA:857,0
DA:858,0
DA:862,0
DA:865,0
DA:866,0
DA:867,0
DA:868,0
DA:869,0
DA:870,0
DA:871,0
DA:872,0
DA:873,0
DA:881,0
DA:882,0
DA:883,0
DA:886,0
DA:892,0
DA:893,0
DA:894,0
DA:898,0
DA:899,0
DA:900,0
DA:902,0
DA:903,0
DA:907,0
DA:908,0
DA:916,0
DA:917,0
DA:918,0
DA:922,0
DA:931,0
DA:932,0
DA:933,0
DA:934,0
DA:935,0
DA:936,0
DA:939,0
DA:945,0
DA:946,0
DA:947,0
DA:948,0
DA:949,0
DA:950,0
DA:951,0
DA:955,0
DA:956,0
DA:961,0
DA:963,0
DA:970,0
DA:971,0
DA:972,0
DA:973,0
DA:974,0
DA:975,0
DA:977,0
DA:980,0
DA:987,0
DA:988,0
DA:989,0
DA:990,0
DA:993,0
DA:996,0
DA:1003,0
DA:1004,0
DA:1005,0
DA:1006,0
DA:1008,0
DA:1009,0
DA:1017,0
DA:1018,0
DA:1019,0
DA:1020,0
DA:1023,0
DA:1030,0
DA:1031,0
DA:1032,0
DA:1033,0
DA:1036,0
DA:1043,0
DA:1044,0
DA:1045,0
DA:1046,0
DA:1049,0
DA:1054,0
DA:1055,0
DA:1059,0
DA:1060,0
DA:1064,0
DA:1065,0
DA:1066,0
DA:1073,0
DA:1075,0
DA:1078,0
DA:1079,0
DA:1080,0
DA:1083,0
DA:1084,0
DA:1085,0
DA:1090,0
DA:1091,0
DA:1093,0
DA:1096,0
DA:1101,0
DA:1102,0
DA:1108,0
DA:1109,0
DA:1110,0
DA:1111,0
DA:1113,0
DA:1114,0
DA:1115,0
DA:1118,0
DA:1125,0
DA:1128,0
DA:1129,0
DA:1130,0
DA:1131,0
DA:1134,0
DA:1135,0
DA:1138,0
DA:1139,0
DA:1140,0
DA:1141,0
DA:1144,0
DA:1145,0
DA:1146,0
DA:1147,0
DA:1148,0
DA:1151,0
DA:1152,0
DA:1165,0
DA:1168,0
DA:1172,0
DA:1180,0
DA:1181,0
DA:1182,0
DA:1183,0
DA:1184,0
DA:1185,0
DA:1188,0
DA:1189,0
DA:1190,0
DA:1191,0
DA:1195,0
DA:1196,0
DA:1199,0
DA:1200,0
DA:1203,0
DA:1206,0
DA:1207,0
DA:1210,0
DA:1211,0
DA:1212,0
DA:1213,0
DA:1214,0
DA:1217,0
DA:1219,0
DA:1222,0
DA:1223,0
DA:1224,0
DA:1226,0
DA:1228,0
DA:1230,0
DA:1233,0
DA:1236,0
DA:1237,0
DA:1242,0
DA:1243,0
DA:1244,0
DA:1245,0
DA:1248,0
DA:1249,0
DA:1252,0
DA:1253,0
DA:1256,0
DA:1257,0
DA:1261,0
DA:1264,0
DA:1267,0
DA:1268,0
DA:1271,0
DA:1272,0
DA:1273,0
DA:1279,0
DA:1280,0
DA:1281,0
DA:1283,0
DA:1284,0
DA:1286,0
DA:1291,0
DA:1292,0
DA:1294,0
DA:1296,0
DA:1298,0
DA:1299,0
DA:1300,0
DA:1303,0
DA:1304,0
DA:1305,0
DA:1306,0
DA:1307,0
DA:1308,0
DA:1309,0
DA:1312,0
DA:1313,0
DA:1314,0
DA:1315,0
DA:1317,0
DA:1321,0
DA:1322,0
DA:1323,0
DA:1324,0
DA:1326,0
DA:1328,0
DA:1330,0
DA:1339,0
DA:1343,0
DA:1344,0
DA:1345,0
DA:1346,0
DA:1349,0
DA:1350,0
DA:1353,0
DA:1355,0
DA:1357,0
DA:1373,0
DA:1376,0
DA:1379,0
DA:1382,0
DA:1385,0
DA:1388,0
DA:1460,0
DA:1463,0
DA:1466,0
DA:1469,0
DA:1472,0
DA:1475,0
DA:1478,0
DA:1481,0
DA:1484,0
DA:1487,0
DA:1490,0
DA:1493,0
DA:1496,0
DA:1499,0
DA:1503,0
DA:1506,0
DA:1509,0
DA:1512,0
DA:1515,0
DA:1518,0
DA:1521,0
DA:1524,0
DA:1528,0
DA:1533,0
DA:1536,0
DA:1537,0
DA:1538,0
DA:1541,0
DA:1544,0
DA:1548,0
DA:1552,0
DA:1556,0
DA:1559,0
DA:1562,0
DA:1565,0
DA:1568,0
DA:1571,0
DA:1574,0
DA:1577,0
DA:1580,0
DA:1583,0
DA:1586,0
DA:1589,0
DA:1592,0
DA:1595,0
DA:1596,0
DA:1599,0
DA:1602,0
DA:1603,0
DA:1604,0
DA:1607,0
DA:1610,0
DA:1614,0
DA:1617,0
DA:1620,0
DA:1623,0
DA:1626,0
DA:1629,0
DA:1632,0
DA:1635,0
DA:1638,0
DA:1641,0
DA:1644,0
DA:1647,0
DA:1650,0
DA:1651,0
DA:1654,0
DA:1658,0
DA:1659,0
DA:1660,0
DA:1661,0
DA:1662,0
DA:1663,0
DA:1664,0
DA:1665,0
DA:1666,0
DA:1667,0
DA:1675,0
DA:1679,0
DA:1688,0
DA:1700,0
DA:1728,0
DA:1740,0
DA:1747,0
DA:1753,0
DA:1771,0
DA:1777,0
DA:1778,0
DA:1798,0
DA:1799,0
DA:1809,0
DA:1814,0
DA:1823,0
DA:1828,0
DA:1860,0
DA:1867,0
DA:1921,0
DA:1927,0
DA:1935,0
DA:1938,0
DA:1946,0
DA:1952,0
DA:1999,0
DA:2003,0
DA:2009,0
DA:2016,0
DA:2022,0
DA:2023,0
DA:2025,0
DA:2029,0
DA:2043,0
DA:2050,0
LF:673
LH:0
BRDA:260,0,0,0
BRDA:260,0,1,0
BRDA:275,1,0,0
BRDA:275,1,1,0
BRDA:280,2,0,0
BRDA:280,2,1,0
BRDA:282,3,0,0
BRDA:282,3,1,0
BRDA:284,4,0,0
BRDA:284,4,1,0
BRDA:289,5,0,0
BRDA:289,5,1,0
BRDA:290,6,0,0
BRDA:290,6,1,0
BRDA:296,7,0,0
BRDA:296,7,1,0
BRDA:299,8,0,0
BRDA:299,8,1,0
BRDA:306,9,0,0
BRDA:306,9,1,0
BRDA:313,10,0,0
BRDA:313,10,1,0
BRDA:318,11,0,0
BRDA:318,11,1,0
BRDA:323,12,0,0
BRDA:323,12,1,0
BRDA:323,13,0,0
BRDA:323,13,1,0
BRDA:334,14,0,0
BRDA:334,14,1,0
BRDA:337,15,0,0
BRDA:337,15,1,0
BRDA:343,16,0,0
BRDA:343,16,1,0
BRDA:348,17,0,0
BRDA:348,17,1,0
BRDA:351,18,0,0
BRDA:351,18,1,0
BRDA:355,19,0,0
BRDA:355,19,1,0
BRDA:372,20,0,0
BRDA:372,20,1,0
BRDA:394,21,0,0
BRDA:394,21,1,0
BRDA:407,22,0,0
BRDA:407,22,1,0
BRDA:410,23,0,0
BRDA:410,23,1,0
BRDA:410,24,0,0
BRDA:410,24,1,0
BRDA:414,25,0,0
BRDA:414,25,1,0
BRDA:417,26,0,0
BRDA:417,26,1,0
BRDA:417,27,0,0
BRDA:417,27,1,0
BRDA:428,28,0,0
BRDA:428,28,1,0
BRDA:437,29,0,0
BRDA:437,29,1,0
BRDA:451,30,0,0
BRDA:451,30,1,0
BRDA:451,31,0,0
BRDA:451,31,1,0
BRDA:467,32,0,0
BRDA:467,32,1,0
BRDA:467,33,0,0
BRDA:467,33,1,0
BRDA:470,34,0,0
BRDA:470,34,1,0
BRDA:487,35,0,0
BRDA:487,35,1,0
BRDA:491,36,0,0
BRDA:491,36,1,0
BRDA:491,37,0,0
BRDA:491,37,1,0
BRDA:511,38,0,0
BRDA:511,38,1,0
BRDA:521,39,0,0
BRDA:521,39,1,0
BRDA:521,40,0,0
BRDA:521,40,1,0
BRDA:536,41,0,0
BRDA:536,41,1,0
BRDA:545,42,0,0
BRDA:545,42,1,0
BRDA:553,43,0,0
BRDA:553,43,1,0
BRDA:570,44,0,0
BRDA:570,44,1,0
BRDA:573,45,0,0
BRDA:573,45,1,0
BRDA:584,46,0,0
BRDA:584,46,1,0
BRDA:591,47,0,0
BRDA:591,47,1,0
BRDA:592,48,0,0
BRDA:592,48,1,0
BRDA:600,49,0,0
BRDA:600,49,1,0
BRDA:611,50,0,0
BRDA:611,50,1,0
BRDA:632,51,0,0
BRDA:632,51,1,0
BRDA:632,52,0,0
BRDA:632,52,1,0
BRDA:635,53,0,0
BRDA:635,53,1,0
BRDA:647,54,0,0
BRDA:647,54,1,0
BRDA:656,55,0,0
BRDA:656,55,1,0
BRDA:668,56,0,0
BRDA:668,56,1,0
BRDA:685,57,0,0
BRDA:685,57,1,0
BRDA:699,58,0,0
BRDA:699,58,1,0
BRDA:701,59,0,0
BRDA:701,59,1,0
BRDA:716,60,0,0
BRDA:716,60,1,0
BRDA:726,61,0,0
BRDA:726,61,1,0
BRDA:732,62,0,0
BRDA:732,62,1,0
BRDA:735,63,0,0
BRDA:735,63,1,0
BRDA:790,64,0,0
BRDA:790,64,1,0
BRDA:794,65,0,0
BRDA:794,65,1,0
BRDA:800,66,0,0
BRDA:800,66,1,0
BRDA:834,67,0,0
BRDA:834,67,1,0
BRDA:845,68,0,0
BRDA:845,68,1,0
BRDA:862,69,0,0
BRDA:862,69,1,0
BRDA:883,70,0,0
BRDA:883,70,1,0
BRDA:894,71,0,0
BRDA:894,71,1,0
BRDA:899,72,0,0
BRDA:899,72,1,0
BRDA:903,73,0,0
BRDA:903,73,1,0
BRDA:917,74,0,0
BRDA:917,74,1,0
BRDA:933,75,0,0
BRDA:933,75,1,0
BRDA:935,76,0,0
BRDA:935,76,1,0
BRDA:948,77,0,0
BRDA:948,77,1,0
BRDA:949,78,0,0
BRDA:949,78,1,0
BRDA:973,79,0,0
BRDA:973,79,1,0
BRDA:974,80,0,0
BRDA:974,80,1,0
BRDA:989,81,0,0
BRDA:989,81,1,0
BRDA:989,82,0,0
BRDA:989,82,1,0
BRDA:1005,83,0,0
BRDA:1005,83,1,0
BRDA:1008,84,0,0
BRDA:1008,84,1,0
BRDA:1008,85,0,0
BRDA:1008,85,1,0
BRDA:1019,86,0,0
BRDA:1019,86,1,0
BRDA:1032,87,0,0
BRDA:1032,87,1,0
BRDA:1032,88,0,0
BRDA:1032,88,1,0
BRDA:1045,89,0,0
BRDA:1045,89,1,0
BRDA:1045,90,0,0
BRDA:1045,90,1,0
BRDA:1065,91,0,0
BRDA:1065,91,1,0
BRDA:1065,92,0,0
BRDA:1065,92,1,0
BRDA:1065,92,2,0
BRDA:1075,93,0,0
BRDA:1075,93,1,0
BRDA:1078,94,0,0
BRDA:1078,94,1,0
BRDA:1083,95,0,0
BRDA:1083,95,1,0
BRDA:1091,96,0,0
BRDA:1091,96,1,0
BRDA:1109,97,0,0
BRDA:1109,97,1,0
BRDA:1185,98,0,0
BRDA:1185,98,1,0
BRDA:1217,99,0,0
BRDA:1217,99,1,0
BRDA:1228,100,0,0
BRDA:1228,100,1,0
BRDA:1236,101,0,0
BRDA:1236,101,1,0
BRDA:1256,102,0,0
BRDA:1256,102,1,0
BRDA:1271,103,0,0
BRDA:1271,103,1,0
BRDA:1279,104,0,0
BRDA:1279,104,1,0
BRDA:1298,105,0,0
BRDA:1298,105,1,0
BRDA:1313,106,0,0
BRDA:1313,106,1,0
BRDA:1313,107,0,0
BRDA:1313,107,1,0
BRDA:1322,108,0,0
BRDA:1322,108,1,0
BRDA:1326,109,0,0
BRDA:1326,109,1,0
BRDA:1344,110,0,0
BRDA:1344,110,1,0
BRDA:1349,111,0,0
BRDA:1349,111,1,0
BRDA:1667,112,0,0
BRDA:1667,112,1,0
BRDA:1670,113,0,0
BRDA:1670,113,1,0
BRDA:1679,114,0,0
BRDA:1679,114,1,0
BRDA:1684,115,0,0
BRDA:1684,115,1,0
BRDA:1697,116,0,0
BRDA:1697,116,1,0
BRDA:1702,117,0,0
BRDA:1702,117,1,0
BRDA:1741,118,0,0
BRDA:1741,118,1,0
BRDA:1742,119,0,0
BRDA:1742,119,1,0
BRDA:1753,120,0,0
BRDA:1753,120,1,0
BRDA:1767,121,0,0
BRDA:1767,121,1,0
BRDA:1771,122,0,0
BRDA:1771,122,1,0
BRDA:1788,123,0,0
BRDA:1788,123,1,0
BRDA:1801,124,0,0
BRDA:1801,124,1,0
BRDA:1804,125,0,0
BRDA:1804,125,1,0
BRDA:1806,126,0,0
BRDA:1806,126,1,0
BRDA:1820,127,0,0
BRDA:1820,127,1,0
BRDA:1851,128,0,0
BRDA:1851,128,1,0
BRDA:1851,129,0,0
BRDA:1851,129,1,0
BRDA:1857,130,0,0
BRDA:1857,130,1,0
BRDA:1860,131,0,0
BRDA:1860,131,1,0
BRDA:1862,132,0,0
BRDA:1862,132,1,0
BRDA:1864,133,0,0
BRDA:1864,133,1,0
BRDA:1867,134,0,0
BRDA:1867,134,1,0
BRDA:1869,135,0,0
BRDA:1869,135,1,0
BRDA:1871,136,0,0
BRDA:1871,136,1,0
BRDA:1873,137,0,0
BRDA:1873,137,1,0
BRDA:1912,138,0,0
BRDA:1912,138,1,0
BRDA:1921,139,0,0
BRDA:1921,139,1,0
BRDA:1931,140,0,0
BRDA:1931,140,1,0
BRDA:1935,141,0,0
BRDA:1935,141,1,0
BRDA:1946,142,0,0
BRDA:1946,142,1,0
BRDA:1952,143,0,0
BRDA:1952,143,1,0
BRDA:1989,144,0,0
BRDA:1989,144,1,0
BRDA:1996,145,0,0
BRDA:1996,145,1,0
BRDA:2001,146,0,0
BRDA:2001,146,1,0
BRDA:2016,147,0,0
BRDA:2016,147,1,0
BRDA:2023,148,0,0
BRDA:2023,148,1,0
BRDA:2025,149,0,0
BRDA:2025,149,1,0
BRDA:2029,150,0,0
BRDA:2029,150,1,0
BRDA:2043,151,0,0
BRDA:2043,151,1,0
BRDA:2045,152,0,0
BRDA:2045,152,1,0
BRF:307
BRH:0
end_of_record
TN:
SF:src/components/ArticleList.vue
FN:9,(anonymous_0)
FN:25,(anonymous_1)
FN:26,(anonymous_2)
FN:37,(anonymous_3)
FN:41,(anonymous_4)
FN:45,(anonymous_5)
FN:46,(anonymous_6)
FN:50,(anonymous_7)
FN:54,(anonymous_8)
FN:62,(anonymous_9)
FN:76,(anonymous_10)
FN:83,(anonymous_11)
FN:111,(anonymous_12)
FN:120,(anonymous_13)
FN:125,(anonymous_14)
FN:133,(anonymous_15)
FN:155,(anonymous_16)
FN:156,(anonymous_17)
FN:163,(anonymous_18)
FN:179,(anonymous_19)
FN:205,(anonymous_20)
FN:208,(anonymous_21)
FN:211,(anonymous_22)
FN:214,(anonymous_23)
FN:217,(anonymous_24)
FN:220,(anonymous_25)
FN:223,(anonymous_26)
FN:226,(anonymous_27)
FN:229,(anonymous_28)
FN:346,render
FN:358,(anonymous_30)
FN:363,(anonymous_31)
FN:366,(anonymous_32)
FN:370,(anonymous_33)
FN:372,(anonymous_34)
FN:377,(anonymous_35)
FN:378,(anonymous_36)
FN:382,(anonymous_37)
FN:387,(anonymous_38)
FN:389,(anonymous_39)
FN:392,(anonymous_40)
FN:397,(anonymous_41)
FN:409,(anonymous_42)
FN:413,(anonymous_43)
FN:424,(anonymous_44)
FN:426,(anonymous_45)
FN:431,(anonymous_46)
FN:432,(anonymous_47)
FN:436,(anonymous_48)
FN:441,(anonymous_49)
FN:443,(anonymous_50)
FN:446,(anonymous_51)
FN:451,(anonymous_52)
FN:463,(anonymous_53)
FN:467,(anonymous_54)
FNF:55
FNH:0
FNDA:0,(anonymous_0)
FNDA:0,(anonymous_1)
FNDA:0,(anonymous_2)
FNDA:0,(anonymous_3)
FNDA:0,(anonymous_4)
FNDA:0,(anonymous_5)
FNDA:0,(anonymous_6)
FNDA:0,(anonymous_7)
FNDA:0,(anonymous_8)
FNDA:0,(anonymous_9)
FNDA:0,(anonymous_10)
FNDA:0,(anonymous_11)
FNDA:0,(anonymous_12)
FNDA:0,(anonymous_13)
FNDA:0,(anonymous_14)
FNDA:0,(anonymous_15)
FNDA:0,(anonymous_16)
FNDA:0,(anonymous_17)
FNDA:0,(anonymous_18)
FNDA:0,(anonymous_19)
FNDA:0,(anonymous_20)
FNDA:0,(anonymous_21)
FNDA:0,(anonymous_22)
FNDA:0,(anonymous_23)
FNDA:0,(anonymous_24)
FNDA:0,(anonymous_25)
FNDA:0,(anonymous_26)
FNDA:0,(anonymous_27)
FNDA:0,(anonymous_28)
FNDA:0,render
FNDA:0,(anonymous_30)
FNDA:0,(anonymous_31)
FNDA:0,(anonymous_32)
FNDA:0,(anonymous_33)
FNDA:0,(anonymous_34)
FNDA:0,(anonymous_35)
FNDA:0,(anonymous_36)
FNDA:0,(anonymous_37)
FNDA:0,(anonymous_38)
FNDA:0,(anonymous_39)
FNDA:0,(anonymous_40)
FNDA:0,(anonymous_41)
FNDA:0,(anonymous_42)
FNDA:0,(anonymous_43)
FNDA:0,(anonymous_44)
FNDA:0,(anonymous_45)
FNDA:0,(anonymous_46)
FNDA:0,(anonymous_47)
FNDA:0,(anonymous_48)
FNDA:0,(anonymous_49)
FNDA:0,(anonymous_50)
FNDA:0,(anonymous_51)
FNDA:0,(anonymous_52)
FNDA:0,(anonymous_53)
FNDA:0,(anonymous_54)
DA:12,0
DA:13,0
DA:14,0
DA:15,0
DA:16,0
DA:17,0
DA:18,0
DA:20,0
DA:25,0
DA:26,0
DA:27,0
DA:28,0
DA:30,0
DA:37,0
DA:38,0
DA:39,0
DA:40,0
DA:41,0
DA:45,0
DA:46,0
DA:50,0
DA:51,0
DA:52,0
DA:53,0
DA:54,0
DA:62,0
DA:63,0
DA:66,0
DA:67,0
DA:76,0
DA:77,0
DA:83,0
DA:84,0
DA:87,0
DA:90,0
DA:105,0
DA:111,0
DA:112,0
DA:113,0
DA:114,0
DA:120,0
DA:121,0
DA:125,0
DA:127,0
DA:128,0
DA:130,0
DA:132,0
DA:133,0
DA:134,0
DA:135,0
DA:136,0
DA:137,0
DA:138,0
DA:139,0
DA:140,0
DA:141,0
DA:147,0
DA:150,0
DA:151,0
DA:155,0
DA:156,0
DA:157,0
DA:158,0
DA:160,0
DA:161,0
DA:162,0
DA:163,0
DA:164,0
DA:165,0
DA:166,0
DA:167,0
DA:168,0
DA:174,0
DA:177,0
DA:179,0
DA:180,0
DA:181,0
DA:182,0
DA:184,0
DA:206,0
DA:209,0
DA:212,0
DA:215,0
DA:218,0
DA:221,0
DA:224,0
DA:227,0
DA:230,0
DA:233,0
DA:237,0
DA:242,0
DA:245,0
DA:246,0
DA:247,0
DA:250,0
DA:253,0
DA:256,0
DA:259,0
DA:262,0
DA:266,0
DA:269,0
DA:272,0
DA:275,0
DA:278,0
DA:281,0
DA:284,0
DA:287,0
DA:291,0
DA:294,0
DA:297,0
DA:301,0
DA:304,0
DA:307,0
DA:311,0
DA:314,0
DA:317,0
DA:320,0
DA:323,0
DA:326,0
DA:329,0
DA:332,0
DA:336,0
DA:339,0
DA:342,0
DA:347,0
DA:348,0
DA:349,0
DA:350,0
DA:351,0
DA:352,0
DA:353,0
DA:354,0
DA:358,0
DA:363,0
DA:366,0
DA:370,0
DA:372,0
DA:377,0
DA:378,0
DA:383,0
DA:387,0
DA:389,0
DA:392,0
DA:397,0
DA:409,0
DA:413,0
DA:424,0
DA:426,0
DA:431,0
DA:432,0
DA:437,0
DA:441,0
DA:443,0
DA:446,0
DA:451,0
DA:463,0
DA:467,0
DA:479,0
LF:158
LH:0
BRDA:20,0,0,0
BRDA:20,0,1,0
BRDA:39,1,0,0
BRDA:39,1,1,0
BRDA:41,2,0,0
BRDA:41,2,1,0
BRDA:41,2,2,0
BRDA:41,2,3,0
BRDA:41,2,4,0
BRDA:52,3,0,0
BRDA:52,3,1,0
BRDA:54,4,0,0
BRDA:54,4,1,0
BRDA:54,4,2,0
BRDA:54,4,3,0
BRDA:54,4,4,0
BRDA:66,5,0,0
BRDA:66,5,1,0
BRDA:84,6,0,0
BRDA:84,6,1,0
BRDA:114,7,0,0
BRDA:114,7,1,0
BRDA:127,8,0,0
BRDA:127,8,1,0
BRDA:137,9,0,0
BRDA:137,9,1,0
BRDA:157,10,0,0
BRDA:157,10,1,0
BRDA:166,11,0,0
BRDA:166,11,1,0
BRDA:358,12,0,0
BRDA:358,12,1,0
BRDA:363,13,0,0
BRDA:363,13,1,0
BRDA:370,14,0,0
BRDA:370,14,1,0
BRDA:372,15,0,0
BRDA:372,15,1,0
BRDA:382,16,0,0
BRDA:382,16,1,0
BRDA:389,17,0,0
BRDA:389,17,1,0
BRDA:399,18,0,0
BRDA:399,18,1,0
BRDA:402,19,0,0
BRDA:402,19,1,0
BRDA:402,20,0,0
BRDA:402,20,1,0
BRDA:405,21,0,0
BRDA:405,21,1,0
BRDA:405,22,0,0
BRDA:405,22,1,0
BRDA:413,23,0,0
BRDA:413,23,1,0
BRDA:424,24,0,0
BRDA:424,24,1,0
BRDA:426,25,0,0
BRDA:426,25,1,0
BRDA:436,26,0,0
BRDA:436,26,1,0
BRDA:443,27,0,0
BRDA:443,27,1,0
BRDA:453,28,0,0
BRDA:453,28,1,0
BRDA:456,29,0,0
BRDA:456,29,1,0
BRDA:456,30,0,0
BRDA:456,30,1,0
BRDA:459,31,0,0
BRDA:459,31,1,0
BRDA:459,32,0,0
BRDA:459,32,1,0
BRDA:467,33,0,0
BRDA:467,33,1,0
BRDA:476,34,0,0
BRDA:476,34,1,0
BRF:76
BRH:0
end_of_record
TN:
SF:src/components/BetweenNowToHoliday.vue
FN:4,(anonymous_0)
FN:11,(anonymous_1)
FN:16,calcDiff
FN:28,(anonymous_3)
FN:40,(anonymous_4)
FN:45,(anonymous_5)
FN:48,(anonymous_6)
FN:76,render
FN:84,(anonymous_8)
FN:85,(anonymous_9)
FN:89,(anonymous_10)
FN:92,(anonymous_11)
FN:95,(anonymous_12)
FN:99,(anonymous_13)
FN:101,(anonymous_14)
FN:110,(anonymous_15)
FN:113,(anonymous_16)
FN:117,(anonymous_17)
FNF:18
FNH:0
FNDA:0,(anonymous_0)
FNDA:0,(anonymous_1)
FNDA:0,calcDiff
FNDA:0,(anonymous_3)
FNDA:0,(anonymous_4)
FNDA:0,(anonymous_5)
FNDA:0,(anonymous_6)
FNDA:0,render
FNDA:0,(anonymous_8)
FNDA:0,(anonymous_9)
FNDA:0,(anonymous_10)
FNDA:0,(anonymous_11)
FNDA:0,(anonymous_12)
FNDA:0,(anonymous_13)
FNDA:0,(anonymous_14)
FNDA:0,(anonymous_15)
FNDA:0,(anonymous_16)
FNDA:0,(anonymous_17)
DA:7,0
DA:8,0
DA:9,0
DA:10,0
DA:11,0
DA:18,0
DA:19,0
DA:20,0
DA:21,0
DA:22,0
DA:23,0
DA:28,0
DA:30,0
DA:34,0
DA:36,0
DA:37,0
DA:40,0
DA:41,0
DA:43,0
DA:46,0
DA:49,0
DA:59,0
DA:63,0
DA:68,0
DA:71,0
DA:72,0
DA:73,0
DA:77,0
DA:78,0
DA:79,0
DA:80,0
DA:81,0
DA:82,0
DA:83,0
DA:84,0
DA:85,0
DA:89,0
DA:92,0
DA:95,0
DA:99,0
DA:101,0
DA:110,0
DA:113,0
DA:117,0
DA:128,0
LF:45
LH:0
BRDA:85,0,0,0
BRDA:85,0,1,0
BRDA:99,1,0,0
BRDA:99,1,1,0
BRF:4
BRH:0
end_of_record
TN:
SF:src/components/DPlayer.vue
FN:10,(anonymous_0)
FN:16,(anonymous_1)
FN:19,(anonymous_2)
FN:26,(anonymous_3)
FN:49,(anonymous_4)
FN:56,(anonymous_5)
FN:71,render
FNF:7
FNH:0
FNDA:0,(anonymous_0)
FNDA:0,(anonymous_1)
FNDA:0,(anonymous_2)
FNDA:0,(anonymous_3)
FNDA:0,(anonymous_4)
FNDA:0,(anonymous_5)
FNDA:0,render
DA:11,0
DA:17,0
DA:20,0
DA:21,0
DA:27,0
DA:49,0
DA:50,0
DA:51,0
DA:52,0
DA:53,0
DA:61,0
DA:63,0
DA:66,0
DA:67,0
DA:68,0
DA:72,0
DA:79,0
LF:17
LH:0
BRDA:20,0,0,0
BRDA:20,0,1,0
BRDA:72,1,0,0
BRDA:72,1,1,0
BRF:4
BRH:0
end_of_record
TN:
SF:src/components/EbookConvert.vue
FN:7,(anonymous_0)
FN:18,formatTime
FN:26,(anonymous_2)
FN:27,handleFileChange
FN:48,handleFileRemove
FN:59,getEpub2PdfUrl
FN:68,formatFetchError
FN:76,convertEpubToPdf
FN:83,(anonymous_8)
FN:98,(anonymous_9)
FN:122,downloadBlob
FN:140,(anonymous_11)
FN:143,(anonymous_12)
FN:156,(anonymous_13)
FN:159,(anonymous_14)
FN:162,(anonymous_15)
FN:165,(anonymous_16)
FN:168,(anonymous_17)
FN:205,render
FN:219,(anonymous_19)
FN:224,(anonymous_20)
FN:227,(anonymous_21)
FN:244,(anonymous_22)
FN:249,(anonymous_23)
FN:257,(anonymous_24)
FN:258,(anonymous_25)
FN:261,(anonymous_26)
FN:272,(anonymous_27)
FN:275,(anonymous_28)
FN:278,(anonymous_29)
FN:291,(anonymous_30)
FN:294,(anonymous_31)
FN:297,(anonymous_32)
FN:300,(anonymous_33)
FN:316,(anonymous_34)
FN:331,(anonymous_35)
FNF:36
FNH:0
FNDA:0,(anonymous_0)
FNDA:0,formatTime
FNDA:0,(anonymous_2)
FNDA:0,handleFileChange
FNDA:0,handleFileRemove
FNDA:0,getEpub2PdfUrl
FNDA:0,formatFetchError
FNDA:0,convertEpubToPdf
FNDA:0,(anonymous_8)
FNDA:0,(anonymous_9)
FNDA:0,downloadBlob
FNDA:0,(anonymous_11)
FNDA:0,(anonymous_12)
FNDA:0,(anonymous_13)
FNDA:0,(anonymous_14)
FNDA:0,(anonymous_15)
FNDA:0,(anonymous_16)
FNDA:0,(anonymous_17)
FNDA:0,render
FNDA:0,(anonymous_19)
FNDA:0,(anonymous_20)
FNDA:0,(anonymous_21)
FNDA:0,(anonymous_22)
FNDA:0,(anonymous_23)
FNDA:0,(anonymous_24)
FNDA:0,(anonymous_25)
FNDA:0,(anonymous_26)
FNDA:0,(anonymous_27)
FNDA:0,(anonymous_28)
FNDA:0,(anonymous_29)
FNDA:0,(anonymous_30)
FNDA:0,(anonymous_31)
FNDA:0,(anonymous_32)
FNDA:0,(anonymous_33)
FNDA:0,(anonymous_34)
FNDA:0,(anonymous_35)
DA:10,0
DA:11,0
DA:12,0
DA:13,0
DA:14,0
DA:15,0
DA:16,0
DA:17,0
DA:19,0
DA:20,0
DA:21,0
DA:22,0
DA:23,0
DA:24,0
DA:26,0
DA:28,0
DA:29,0
DA:30,0
DA:31,0
DA:32,0
DA:33,0
DA:34,0
DA:35,0
DA:36,0
DA:38,0
DA:39,0
DA:40,0
DA:46,0
DA:49,0
DA:50,0
DA:51,0
DA:60,0
DA:61,0
DA:62,0
DA:64,0
DA:65,0
DA:66,0
DA:69,0
DA:70,0
DA:71,0
DA:72,0
DA:74,0
DA:77,0
DA:78,0
DA:79,0
DA:80,0
DA:81,0
DA:82,0
DA:83,0
DA:84,0
DA:86,0
DA:87,0
DA:88,0
DA:89,0
DA:90,0
DA:91,0
DA:92,0
DA:96,0
DA:97,0
DA:98,0
DA:99,0
DA:101,0
DA:102,0
DA:103,0
DA:104,0
DA:105,0
DA:106,0
DA:107,0
DA:109,0
DA:110,0
DA:112,0
DA:113,0
DA:115,0
DA:116,0
DA:117,0
DA:118,0
DA:123,0
DA:126,0
DA:127,0
DA:128,0
DA:129,0
DA:130,0
DA:131,0
DA:133,0
DA:141,0
DA:144,0
DA:157,0
DA:160,0
DA:163,0
DA:166,0
DA:169,0
DA:172,0
DA:176,0
DA:181,0
DA:184,0
DA:185,0
DA:186,0
DA:189,0
DA:192,0
DA:195,0
DA:198,0
DA:201,0
DA:206,0
DA:207,0
DA:208,0
DA:209,0
DA:210,0
DA:211,0
DA:212,0
DA:213,0
DA:214,0
DA:215,0
DA:219,0
DA:224,0
DA:227,0
DA:244,0
DA:249,0
DA:257,0
DA:258,0
DA:261,0
DA:272,0
DA:275,0
DA:278,0
DA:291,0
DA:294,0
DA:297,0
DA:300,0
DA:316,0
DA:331,0
DA:335,0
LF:130
LH:0
BRDA:19,0,0,0
BRDA:19,0,1,0
BRDA:19,1,0,0
BRDA:19,1,1,0
BRDA:21,2,0,0
BRDA:21,2,1,0
BRDA:24,3,0,0
BRDA:24,3,1,0
BRDA:26,4,0,0
BRDA:26,4,1,0
BRDA:29,5,0,0
BRDA:29,5,1,0
BRDA:29,5,2,0
BRDA:30,6,0,0
BRDA:30,6,1,0
BRDA:30,6,2,0
BRDA:31,7,0,0
BRDA:31,7,1,0
BRDA:60,8,0,0
BRDA:60,8,1,0
BRDA:61,9,0,0
BRDA:61,9,1,0
BRDA:64,10,0,0
BRDA:64,10,1,0
BRDA:65,11,0,0
BRDA:65,11,1,0
BRDA:69,12,0,0
BRDA:69,12,1,0
BRDA:69,13,0,0
BRDA:69,13,1,0
BRDA:70,14,0,0
BRDA:70,14,1,0
BRDA:70,15,0,0
BRDA:70,15,1,0
BRDA:70,15,2,0
BRDA:77,16,0,0
BRDA:77,16,1,0
BRDA:77,17,0,0
BRDA:77,17,1,0
BRDA:82,18,0,0
BRDA:82,18,1,0
BRDA:97,19,0,0
BRDA:97,19,1,0
BRDA:99,20,0,0
BRDA:99,20,1,0
BRDA:99,20,2,0
BRDA:104,21,0,0
BRDA:104,21,1,0
BRDA:105,22,0,0
BRDA:105,22,1,0
BRDA:106,23,0,0
BRDA:106,23,1,0
BRDA:107,24,0,0
BRDA:107,24,1,0
BRDA:107,25,0,0
BRDA:107,25,1,0
BRDA:107,26,0,0
BRDA:107,26,1,0
BRDA:109,27,0,0
BRDA:109,27,1,0
BRDA:116,28,0,0
BRDA:116,28,1,0
BRDA:123,29,0,0
BRDA:123,29,1,0
BRDA:233,30,0,0
BRDA:233,30,1,0
BRDA:239,31,0,0
BRDA:239,31,1,0
BRDA:244,32,0,0
BRDA:244,32,1,0
BRDA:249,33,0,0
BRDA:249,33,1,0
BRDA:257,34,0,0
BRDA:257,34,1,0
BRDA:257,35,0,0
BRDA:257,35,1,0
BRDA:272,36,0,0
BRDA:272,36,1,0
BRDA:280,37,0,0
BRDA:280,37,1,0
BRDA:291,38,0,0
BRDA:291,38,1,0
BRDA:306,39,0,0
BRDA:306,39,1,0
BRDA:308,40,0,0
BRDA:308,40,1,0
BRDA:316,41,0,0
BRDA:316,41,1,0
BRDA:331,42,0,0
BRDA:331,42,1,0
BRF:90
BRH:0
end_of_record
TN:
SF:src/components/EpubReader.vue
FN:13,(anonymous_0)
FN:109,(anonymous_1)
FN:152,arrayBufferToBase64
FN:163,(anonymous_3)
FN:175,(anonymous_4)
FN:180,(anonymous_5)
FN:189,(anonymous_6)
FN:196,(anonymous_7)
FN:211,(anonymous_8)
FN:258,(anonymous_9)
FN:310,(anonymous_10)
FN:329,(anonymous_11)
FN:348,(anonymous_12)
FN:353,(anonymous_13)
FN:361,(anonymous_14)
FN:366,(anonymous_15)
FN:376,(anonymous_16)
FN:386,(anonymous_17)
FN:388,(anonymous_18)
FN:403,(anonymous_19)
FN:413,(anonymous_20)
FN:423,(anonymous_21)
FN:428,(anonymous_22)
FN:454,(anonymous_23)
FN:491,(anonymous_24)
FN:496,(anonymous_25)
FN:503,(anonymous_26)
FN:510,(anonymous_27)
FN:547,(anonymous_28)
FN:554,(anonymous_29)
FN:596,(anonymous_30)
FN:603,(anonymous_31)
FN:607,(anonymous_32)
FN:631,(anonymous_33)
FN:645,(anonymous_34)
FN:651,(anonymous_35)
FN:664,(anonymous_36)
FN:671,(anonymous_37)
FN:686,(anonymous_38)
FN:707,(anonymous_39)
FN:722,(anonymous_40)
FN:733,(anonymous_41)
FN:740,(anonymous_42)
FN:825,(anonymous_43)
FN:835,(anonymous_44)
FN:871,(anonymous_45)
FN:895,(anonymous_46)
FN:902,(anonymous_47)
FN:963,(anonymous_48)
FN:966,(anonymous_49)
FN:969,(anonymous_50)
FN:972,(anonymous_51)
FN:1012,(anonymous_52)
FN:1015,(anonymous_53)
FN:1018,(anonymous_54)
FN:1021,(anonymous_55)
FN:1024,(anonymous_56)
FN:1027,(anonymous_57)
FN:1030,(anonymous_58)
FN:1033,(anonymous_59)
FN:1036,(anonymous_60)
FN:1151,render
FN:1164,(anonymous_62)
FN:1179,(anonymous_63)
FN:1182,(anonymous_64)
FN:1185,(anonymous_65)
FN:1196,(anonymous_66)
FN:1202,(anonymous_67)
FN:1208,(anonymous_68)
FN:1212,(anonymous_69)
FN:1212,(anonymous_70)
FN:1224,(anonymous_71)
FN:1231,(anonymous_72)
FN:1236,(anonymous_73)
FN:1240,(anonymous_74)
FN:1240,(anonymous_75)
FN:1259,(anonymous_76)
FN:1260,(anonymous_77)
FN:1272,(anonymous_78)
FN:1273,(anonymous_79)
FN:1286,(anonymous_80)
FN:1290,(anonymous_81)
FN:1304,(anonymous_82)
FN:1305,(anonymous_83)
FN:1318,(anonymous_84)
FN:1319,(anonymous_85)
FN:1328,(anonymous_86)
FN:1331,(anonymous_87)
FN:1332,(anonymous_88)
FN:1342,(anonymous_89)
FN:1345,(anonymous_90)
FN:1346,(anonymous_91)
FN:1355,(anonymous_92)
FN:1358,(anonymous_93)
FN:1359,(anonymous_94)
FN:1370,(anonymous_95)
FN:1371,(anonymous_96)
FN:1378,(anonymous_97)
FN:1384,(anonymous_98)
FN:1386,(anonymous_99)
FN:1388,(anonymous_100)
FN:1397,(anonymous_101)
FN:1401,(anonymous_102)
FN:1426,(anonymous_103)
FN:1431,(anonymous_104)
FN:1431,(anonymous_105)
FN:1442,(anonymous_106)
FN:1448,(anonymous_107)
FN:1454,(anonymous_108)
FN:1460,(anonymous_109)
FN:1465,(anonymous_110)
FN:1470,(anonymous_111)
FN:1470,(anonymous_112)
FN:1480,(anonymous_113)
FNF:114
FNH:0
FNDA:0,(anonymous_0)
FNDA:0,(anonymous_1)
FNDA:0,arrayBufferToBase64
FNDA:0,(anonymous_3)
FNDA:0,(anonymous_4)
FNDA:0,(anonymous_5)
FNDA:0,(anonymous_6)
FNDA:0,(anonymous_7)
FNDA:0,(anonymous_8)
FNDA:0,(anonymous_9)
FNDA:0,(anonymous_10)
FNDA:0,(anonymous_11)
FNDA:0,(anonymous_12)
FNDA:0,(anonymous_13)
FNDA:0,(anonymous_14)
FNDA:0,(anonymous_15)
FNDA:0,(anonymous_16)
FNDA:0,(anonymous_17)
FNDA:0,(anonymous_18)
FNDA:0,(anonymous_19)
FNDA:0,(anonymous_20)
FNDA:0,(anonymous_21)
FNDA:0,(anonymous_22)
FNDA:0,(anonymous_23)
FNDA:0,(anonymous_24)
FNDA:0,(anonymous_25)
FNDA:0,(anonymous_26)
FNDA:0,(anonymous_27)
FNDA:0,(anonymous_28)
FNDA:0,(anonymous_29)
FNDA:0,(anonymous_30)
FNDA:0,(anonymous_31)
FNDA:0,(anonymous_32)
FNDA:0,(anonymous_33)
FNDA:0,(anonymous_34)
FNDA:0,(anonymous_35)
FNDA:0,(anonymous_36)
FNDA:0,(anonymous_37)
FNDA:0,(anonymous_38)
FNDA:0,(anonymous_39)
FNDA:0,(anonymous_40)
FNDA:0,(anonymous_41)
FNDA:0,(anonymous_42)
FNDA:0,(anonymous_43)
FNDA:0,(anonymous_44)
FNDA:0,(anonymous_45)
FNDA:0,(anonymous_46)
FNDA:0,(anonymous_47)
FNDA:0,(anonymous_48)
FNDA:0,(anonymous_49)
FNDA:0,(anonymous_50)
FNDA:0,(anonymous_51)
FNDA:0,(anonymous_52)
FNDA:0,(anonymous_53)
FNDA:0,(anonymous_54)
FNDA:0,(anonymous_55)
FNDA:0,(anonymous_56)
FNDA:0,(anonymous_57)
FNDA:0,(anonymous_58)
FNDA:0,(anonymous_59)
FNDA:0,(anonymous_60)
FNDA:0,render
FNDA:0,(anonymous_62)
FNDA:0,(anonymous_63)
FNDA:0,(anonymous_64)
FNDA:0,(anonymous_65)
FNDA:0,(anonymous_66)
FNDA:0,(anonymous_67)
FNDA:0,(anonymous_68)
FNDA:0,(anonymous_69)
FNDA:0,(anonymous_70)
FNDA:0,(anonymous_71)
FNDA:0,(anonymous_72)
FNDA:0,(anonymous_73)
FNDA:0,(anonymous_74)
FNDA:0,(anonymous_75)
FNDA:0,(anonymous_76)
FNDA:0,(anonymous_77)
FNDA:0,(anonymous_78)
FNDA:0,(anonymous_79)
FNDA:0,(anonymous_80)
FNDA:0,(anonymous_81)
FNDA:0,(anonymous_82)
FNDA:0,(anonymous_83)
FNDA:0,(anonymous_84)
FNDA:0,(anonymous_85)
FNDA:0,(anonymous_86)
FNDA:0,(anonymous_87)
FNDA:0,(anonymous_88)
FNDA:0,(anonymous_89)
FNDA:0,(anonymous_90)
FNDA:0,(anonymous_91)
FNDA:0,(anonymous_92)
FNDA:0,(anonymous_93)
FNDA:0,(anonymous_94)
FNDA:0,(anonymous_95)
FNDA:0,(anonymous_96)
FNDA:0,(anonymous_97)
FNDA:0,(anonymous_98)
FNDA:0,(anonymous_99)
FNDA:0,(anonymous_100)
FNDA:0,(anonymous_101)
FNDA:0,(anonymous_102)
FNDA:0,(anonymous_103)
FNDA:0,(anonymous_104)
FNDA:0,(anonymous_105)
FNDA:0,(anonymous_106)
FNDA:0,(anonymous_107)
FNDA:0,(anonymous_108)
FNDA:0,(anonymous_109)
FNDA:0,(anonymous_110)
FNDA:0,(anonymous_111)
FNDA:0,(anonymous_112)
FNDA:0,(anonymous_113)
DA:7,0
DA:16,0
DA:17,0
DA:18,0
DA:19,0
DA:20,0
DA:21,0
DA:22,0
DA:23,0
DA:24,0
DA:25,0
DA:26,0
DA:29,0
DA:30,0
DA:31,0
DA:32,0
DA:33,0
DA:36,0
DA:37,0
DA:38,0
DA:39,0
DA:40,0
DA:41,0
DA:42,0
DA:45,0
DA:52,0
DA:94,0
DA:109,0
DA:110,0
DA:111,0
DA:112,0
DA:113,0
DA:116,0
DA:153,0
DA:154,0
DA:155,0
DA:156,0
DA:157,0
DA:159,0
DA:163,0
DA:164,0
DA:165,0
DA:166,0
DA:167,0
DA:168,0
DA:169,0
DA:170,0
DA:172,0
DA:175,0
DA:176,0
DA:180,0
DA:181,0
DA:182,0
DA:183,0
DA:185,0
DA:186,0
DA:188,0
DA:189,0
DA:190,0
DA:192,0
DA:193,0
DA:195,0
DA:196,0
DA:197,0
DA:199,0
DA:200,0
DA:201,0
DA:203,0
DA:205,0
DA:207,0
DA:211,0
DA:212,0
DA:213,0
DA:216,0
DA:217,0
DA:218,0
DA:222,0
DA:223,0
DA:224,0
DA:225,0
DA:226,0
DA:227,0
DA:228,0
DA:229,0
DA:230,0
DA:231,0
DA:232,0
DA:235,0
DA:236,0
DA:237,0
DA:238,0
DA:239,0
DA:242,0
DA:243,0
DA:244,0
DA:245,0
DA:248,0
DA:249,0
DA:250,0
DA:253,0
DA:254,0
DA:255,0
DA:258,0
DA:261,0
DA:262,0
DA:263,0
DA:264,0
DA:265,0
DA:269,0
DA:270,0
DA:273,0
DA:274,0
DA:282,0
DA:304,0
DA:305,0
DA:306,0
DA:307,0
DA:310,0
DA:311,0
DA:315,0
DA:318,0
DA:321,0
DA:322,0
DA:325,0
DA:326,0
DA:329,0
DA:330,0
DA:332,0
DA:334,0
DA:335,0
DA:336,0
DA:339,0
DA:340,0
DA:341,0
DA:343,0
DA:348,0
DA:349,0
DA:350,0
DA:351,0
DA:353,0
DA:354,0
DA:355,0
DA:358,0
DA:361,0
DA:362,0
DA:363,0
DA:364,0
DA:366,0
DA:367,0
DA:368,0
DA:371,0
DA:376,0
DA:377,0
DA:378,0
DA:379,0
DA:381,0
DA:386,0
DA:387,0
DA:388,0
DA:389,0
DA:391,0
DA:392,0
DA:393,0
DA:394,0
DA:397,0
DA:398,0
DA:403,0
DA:404,0
DA:406,0
DA:407,0
DA:408,0
DA:413,0
DA:414,0
DA:415,0
DA:416,0
DA:423,0
DA:424,0
DA:425,0
DA:426,0
DA:427,0
DA:428,0
DA:429,0
DA:430,0
DA:431,0
DA:448,0
DA:454,0
DA:455,0
DA:456,0
DA:459,0
DA:462,0
DA:483,0
DA:486,0
DA:487,0
DA:491,0
DA:492,0
DA:496,0
DA:497,0
DA:498,0
DA:499,0
DA:500,0
DA:503,0
DA:504,0
DA:505,0
DA:506,0
DA:507,0
DA:510,0
DA:511,0
DA:512,0
DA:515,0
DA:518,0
DA:539,0
DA:542,0
DA:543,0
DA:547,0
DA:548,0
DA:554,0
DA:555,0
DA:556,0
DA:559,0
DA:562,0
DA:583,0
DA:586,0
DA:587,0
DA:591,0
DA:592,0
DA:596,0
DA:597,0
DA:603,0
DA:604,0
DA:605,0
DA:607,0
DA:608,0
DA:609,0
DA:611,0
DA:614,0
DA:615,0
DA:616,0
DA:617,0
DA:618,0
DA:619,0
DA:620,0
DA:621,0
DA:625,0
DA:631,0
DA:632,0
DA:633,0
DA:634,0
DA:635,0
DA:636,0
DA:637,0
DA:638,0
DA:639,0
DA:640,0
DA:645,0
DA:646,0
DA:649,0
DA:650,0
DA:651,0
DA:652,0
DA:653,0
DA:654,0
DA:655,0
DA:656,0
DA:657,0
DA:658,0
DA:664,0
DA:665,0
DA:666,0
DA:671,0
DA:672,0
DA:673,0
DA:674,0
DA:675,0
DA:680,0
DA:681,0
DA:683,0
DA:684,0
DA:685,0
DA:686,0
DA:687,0
DA:688,0
DA:690,0
DA:692,0
DA:693,0
DA:694,0
DA:695,0
DA:696,0
DA:697,0
DA:698,0
DA:699,0
DA:700,0
DA:701,0
DA:707,0
DA:708,0
DA:711,0
DA:713,0
DA:715,0
DA:716,0
DA:717,0
DA:722,0
DA:723,0
DA:724,0
DA:725,0
DA:726,0
DA:728,0
DA:733,0
DA:734,0
DA:735,0
DA:740,0
DA:741,0
DA:742,0
DA:743,0
DA:744,0
DA:745,0
DA:746,0
DA:771,0
DA:772,0
DA:773,0
DA:782,0
DA:784,0
DA:785,0
DA:795,0
DA:797,0
DA:798,0
DA:810,0
DA:811,0
DA:812,0
DA:813,0
DA:814,0
DA:815,0
DA:816,0
DA:822,0
DA:823,0
DA:825,0
DA:826,0
DA:827,0
DA:828,0
DA:830,0
DA:835,0
DA:836,0
DA:837,0
DA:844,0
DA:847,0
DA:848,0
DA:849,0
DA:852,0
DA:854,0
DA:859,0
DA:860,0
DA:863,0
DA:864,0
DA:866,0
DA:871,0
DA:872,0
DA:873,0
DA:874,0
DA:878,0
DA:879,0
DA:881,0
DA:882,0
DA:883,0
DA:884,0
DA:885,0
DA:886,0
DA:887,0
DA:888,0
DA:889,0
DA:891,0
DA:895,0
DA:896,0
DA:897,0
DA:902,0
DA:903,0
DA:904,0
DA:905,0
DA:906,0
DA:907,0
DA:908,0
DA:909,0
DA:910,0
DA:911,0
DA:912,0
DA:913,0
DA:915,0
DA:917,0
DA:919,0
DA:921,0
DA:924,0
DA:927,0
DA:928,0
DA:929,0
DA:936,0
DA:964,0
DA:967,0
DA:970,0
DA:973,0
DA:1013,0
DA:1016,0
DA:1019,0
DA:1022,0
DA:1025,0
DA:1028,0
DA:1031,0
DA:1034,0
DA:1037,0
DA:1040,0
DA:1044,0
DA:1049,0
DA:1052,0
DA:1053,0
DA:1054,0
DA:1057,0
DA:1060,0
DA:1064,0
DA:1067,0
DA:1070,0
DA:1073,0
DA:1077,0
DA:1080,0
DA:1081,0
DA:1085,0
DA:1088,0
DA:1091,0
DA:1094,0
DA:1097,0
DA:1100,0
DA:1104,0
DA:1108,0
DA:1111,0
DA:1114,0
DA:1117,0
DA:1118,0
DA:1121,0
DA:1124,0
DA:1127,0
DA:1130,0
DA:1133,0
DA:1136,0
DA:1139,0
DA:1142,0
DA:1145,0
DA:1148,0
DA:1152,0
DA:1153,0
DA:1154,0
DA:1155,0
DA:1156,0
DA:1157,0
DA:1158,0
DA:1159,0
DA:1160,0
DA:1164,0
DA:1179,0
DA:1182,0
DA:1185,0
DA:1197,0
DA:1202,0
DA:1208,0
DA:1212,0
DA:1213,0
DA:1224,0
DA:1231,0
DA:1236,0
DA:1240,0
DA:1241,0
DA:1259,0
DA:1260,0
DA:1272,0
DA:1273,0
DA:1286,0
DA:1290,0
DA:1304,0
DA:1305,0
DA:1318,0
DA:1319,0
DA:1328,0
DA:1331,0
DA:1332,0
DA:1342,0
DA:1345,0
DA:1346,0
DA:1355,0
DA:1358,0
DA:1359,0
DA:1370,0
DA:1371,0
DA:1378,0
DA:1384,0
DA:1386,0
DA:1388,0
DA:1397,0
DA:1401,0
DA:1426,0
DA:1431,0
DA:1432,0
DA:1443,0
DA:1444,0
DA:1448,0
DA:1455,0
DA:1456,0
DA:1460,0
DA:1465,0
DA:1470,0
DA:1471,0
DA:1480,0
DA:1486,0
LF:506
LH:0
BRDA:109,0,0,0
BRDA:109,0,1,0
BRDA:165,1,0,0
BRDA:165,1,1,0
BRDA:181,2,0,0
BRDA:181,2,1,0
BRDA:181,3,0,0
BRDA:181,3,1,0
BRDA:185,4,0,0
BRDA:185,4,1,0
BRDA:216,5,0,0
BRDA:216,5,1,0
BRDA:225,6,0,0
BRDA:225,6,1,0
BRDA:225,6,2,0
BRDA:237,7,0,0
BRDA:237,7,1,0
BRDA:238,8,0,0
BRDA:238,8,1,0
BRDA:244,9,0,0
BRDA:244,9,1,0
BRDA:264,10,0,0
BRDA:264,10,1,0
BRDA:339,11,0,0
BRDA:339,11,1,0
BRDA:350,12,0,0
BRDA:350,12,1,0
BRDA:350,13,0,0
BRDA:350,13,1,0
BRDA:363,14,0,0
BRDA:363,14,1,0
BRDA:363,15,0,0
BRDA:363,15,1,0
BRDA:377,16,0,0
BRDA:377,16,1,0
BRDA:387,17,0,0
BRDA:387,17,1,0
BRDA:391,18,0,0
BRDA:391,18,1,0
BRDA:391,19,0,0
BRDA:391,19,1,0
BRDA:391,19,2,0
BRDA:393,20,0,0
BRDA:393,20,1,0
BRDA:406,21,0,0
BRDA:406,21,1,0
BRDA:414,22,0,0
BRDA:414,22,1,0
BRDA:424,23,0,0
BRDA:424,23,1,0
BRDA:424,24,0,0
BRDA:424,24,1,0
BRDA:426,25,0,0
BRDA:426,25,1,0
BRDA:426,26,0,0
BRDA:426,26,1,0
BRDA:455,27,0,0
BRDA:455,27,1,0
BRDA:486,28,0,0
BRDA:486,28,1,0
BRDA:497,29,0,0
BRDA:497,29,1,0
BRDA:504,30,0,0
BRDA:504,30,1,0
BRDA:511,31,0,0
BRDA:511,31,1,0
BRDA:542,32,0,0
BRDA:542,32,1,0
BRDA:555,33,0,0
BRDA:555,33,1,0
BRDA:586,34,0,0
BRDA:586,34,1,0
BRDA:591,35,0,0
BRDA:591,35,1,0
BRDA:605,36,0,0
BRDA:605,36,1,0
BRDA:615,37,0,0
BRDA:615,37,1,0
BRDA:618,38,0,0
BRDA:618,38,1,0
BRDA:635,39,0,0
BRDA:635,39,1,0
BRDA:635,40,0,0
BRDA:635,40,1,0
BRDA:653,41,0,0
BRDA:653,41,1,0
BRDA:653,42,0,0
BRDA:653,42,1,0
BRDA:674,43,0,0
BRDA:674,43,1,0
BRDA:688,44,0,0
BRDA:688,44,1,0
BRDA:723,45,0,0
BRDA:723,45,1,0
BRDA:734,46,0,0
BRDA:734,46,1,0
BRDA:741,47,0,0
BRDA:741,47,1,0
BRDA:826,48,0,0
BRDA:826,48,1,0
BRDA:836,49,0,0
BRDA:836,49,1,0
BRDA:847,50,0,0
BRDA:847,50,1,0
BRDA:847,51,0,0
BRDA:847,51,1,0
BRDA:863,52,0,0
BRDA:863,52,1,0
BRDA:872,53,0,0
BRDA:872,53,1,0
BRDA:878,54,0,0
BRDA:878,54,1,0
BRDA:896,55,0,0
BRDA:896,55,1,0
BRDA:907,56,0,0
BRDA:907,56,1,0
BRDA:907,57,0,0
BRDA:907,57,1,0
BRDA:907,57,2,0
BRDA:907,57,3,0
BRDA:911,58,0,0
BRDA:911,58,1,0
BRDA:912,59,0,0
BRDA:912,59,1,0
BRDA:919,60,0,0
BRDA:919,60,1,0
BRDA:1164,61,0,0
BRDA:1164,61,1,0
BRDA:1167,62,0,0
BRDA:1167,62,1,0
BRDA:1167,63,0,0
BRDA:1167,63,1,0
BRDA:1169,64,0,0
BRDA:1169,64,1,0
BRDA:1179,65,0,0
BRDA:1179,65,1,0
BRDA:1187,66,0,0
BRDA:1187,66,1,0
BRDA:1194,67,0,0
BRDA:1194,67,1,0
BRDA:1194,68,0,0
BRDA:1194,68,1,0
BRDA:1204,69,0,0
BRDA:1204,69,1,0
BRDA:1204,70,0,0
BRDA:1204,70,1,0
BRDA:1206,71,0,0
BRDA:1206,71,1,0
BRDA:1208,72,0,0
BRDA:1208,72,1,0
BRDA:1220,73,0,0
BRDA:1220,73,1,0
BRDA:1224,74,0,0
BRDA:1224,74,1,0
BRDA:1231,75,0,0
BRDA:1231,75,1,0
BRDA:1234,76,0,0
BRDA:1234,76,1,0
BRDA:1236,77,0,0
BRDA:1236,77,1,0
BRDA:1248,78,0,0
BRDA:1248,78,1,0
BRDA:1262,79,0,0
BRDA:1262,79,1,0
BRDA:1273,80,0,0
BRDA:1273,80,1,0
BRDA:1276,81,0,0
BRDA:1276,81,1,0
BRDA:1279,82,0,0
BRDA:1279,82,1,0
BRDA:1285,83,0,0
BRDA:1285,83,1,0
BRDA:1286,84,0,0
BRDA:1286,84,1,0
BRDA:1290,85,0,0
BRDA:1290,85,1,0
BRDA:1296,86,0,0
BRDA:1296,86,1,0
BRDA:1307,87,0,0
BRDA:1307,87,1,0
BRDA:1318,88,0,0
BRDA:1318,88,1,0
BRDA:1328,89,0,0
BRDA:1328,89,1,0
BRDA:1332,90,0,0
BRDA:1332,90,1,0
BRDA:1335,91,0,0
BRDA:1335,91,1,0
BRDA:1342,92,0,0
BRDA:1342,92,1,0
BRDA:1348,93,0,0
BRDA:1348,93,1,0
BRDA:1355,94,0,0
BRDA:1355,94,1,0
BRDA:1361,95,0,0
BRDA:1361,95,1,0
BRDA:1373,96,0,0
BRDA:1373,96,1,0
BRDA:1378,97,0,0
BRDA:1378,97,1,0
BRDA:1386,98,0,0
BRDA:1386,98,1,0
BRDA:1388,99,0,0
BRDA:1388,99,1,0
BRDA:1397,100,0,0
BRDA:1397,100,1,0
BRDA:1426,101,0,0
BRDA:1426,101,1,0
BRDA:1442,102,0,0
BRDA:1442,102,1,0
BRDA:1448,103,0,0
BRDA:1448,103,1,0
BRDA:1454,104,0,0
BRDA:1454,104,1,0
BRDA:1460,105,0,0
BRDA:1460,105,1,0
BRDA:1465,106,0,0
BRDA:1465,106,1,0
BRDA:1480,107,0,0
BRDA:1480,107,1,0
BRF:220
BRH:0
end_of_record
TN:
SF:src/components/HeavenlyStemsAndEarthlyBranches.vue
FN:11,(anonymous_0)
FN:61,(anonymous_1)
FN:79,calcDynasty
FN:118,(anonymous_3)
FN:142,(anonymous_4)
FN:157,(anonymous_5)
FN:160,(anonymous_6)
FN:163,(anonymous_7)
FN:166,(anonymous_8)
FN:171,(anonymous_9)
FN:174,(anonymous_10)
FN:177,(anonymous_11)
FN:180,(anonymous_12)
FN:183,(anonymous_13)
FN:186,(anonymous_14)
FN:189,(anonymous_15)
FN:192,(anonymous_16)
FN:195,(anonymous_17)
FN:198,(anonymous_18)
FN:201,(anonymous_19)
FN:204,(anonymous_20)
FN:211,(anonymous_21)
FN:214,(anonymous_22)
FN:217,(anonymous_23)
FN:220,(anonymous_24)
FN:256,render
FN:270,(anonymous_26)
FN:275,(anonymous_27)
FN:278,(anonymous_28)
FN:287,(anonymous_29)
FN:292,(anonymous_30)
FN:296,(anonymous_31)
FN:300,(anonymous_32)
FN:303,(anonymous_33)
FN:309,(anonymous_34)
FN:316,(anonymous_35)
FN:327,(anonymous_36)
FNF:37
FNH:0
FNDA:0,(anonymous_0)
FNDA:0,(anonymous_1)
FNDA:0,calcDynasty
FNDA:0,(anonymous_3)
FNDA:0,(anonymous_4)
FNDA:0,(anonymous_5)
FNDA:0,(anonymous_6)
FNDA:0,(anonymous_7)
FNDA:0,(anonymous_8)
FNDA:0,(anonymous_9)
FNDA:0,(anonymous_10)
FNDA:0,(anonymous_11)
FNDA:0,(anonymous_12)
FNDA:0,(anonymous_13)
FNDA:0,(anonymous_14)
FNDA:0,(anonymous_15)
FNDA:0,(anonymous_16)
FNDA:0,(anonymous_17)
FNDA:0,(anonymous_18)
FNDA:0,(anonymous_19)
FNDA:0,(anonymous_20)
FNDA:0,(anonymous_21)
FNDA:0,(anonymous_22)
FNDA:0,(anonymous_23)
FNDA:0,(anonymous_24)
FNDA:0,render
FNDA:0,(anonymous_26)
FNDA:0,(anonymous_27)
FNDA:0,(anonymous_28)
FNDA:0,(anonymous_29)
FNDA:0,(anonymous_30)
FNDA:0,(anonymous_31)
FNDA:0,(anonymous_32)
FNDA:0,(anonymous_33)
FNDA:0,(anonymous_34)
FNDA:0,(anonymous_35)
FNDA:0,(anonymous_36)
DA:14,0
DA:15,0
DA:17,0
DA:18,0
DA:21,0
DA:24,0
DA:27,0
DA:30,0
DA:31,0
DA:32,0
DA:33,0
DA:34,0
DA:35,0
DA:36,0
DA:37,0
DA:38,0
DA:39,0
DA:40,0
DA:41,0
DA:42,0
DA:44,0
DA:45,0
DA:48,0
DA:49,0
DA:50,0
DA:53,0
DA:54,0
DA:55,0
DA:56,0
DA:57,0
DA:58,0
DA:61,0
DA:62,0
DA:63,0
DA:64,0
DA:66,0
DA:67,0
DA:68,0
DA:69,0
DA:70,0
DA:71,0
DA:80,0
DA:81,0
DA:82,0
DA:83,0
DA:84,0
DA:85,0
DA:86,0
DA:87,0
DA:88,0
DA:89,0
DA:90,0
DA:91,0
DA:92,0
DA:93,0
DA:94,0
DA:95,0
DA:96,0
DA:97,0
DA:98,0
DA:99,0
DA:100,0
DA:101,0
DA:102,0
DA:103,0
DA:104,0
DA:105,0
DA:106,0
DA:107,0
DA:108,0
DA:109,0
DA:110,0
DA:111,0
DA:112,0
DA:113,0
DA:114,0
DA:115,0
DA:118,0
DA:119,0
DA:120,0
DA:121,0
DA:122,0
DA:123,0
DA:124,0
DA:125,0
DA:126,0
DA:127,0
DA:131,0
DA:142,0
DA:145,0
DA:146,0
DA:147,0
DA:148,0
DA:150,0
DA:151,0
DA:154,0
DA:158,0
DA:161,0
DA:164,0
DA:167,0
DA:172,0
DA:175,0
DA:178,0
DA:181,0
DA:184,0
DA:187,0
DA:190,0
DA:193,0
DA:196,0
DA:199,0
DA:202,0
DA:205,0
DA:212,0
DA:215,0
DA:218,0
DA:221,0
DA:224,0
DA:228,0
DA:233,0
DA:236,0
DA:237,0
DA:238,0
DA:241,0
DA:244,0
DA:247,0
DA:250,0
DA:253,0
DA:257,0
DA:258,0
DA:259,0
DA:260,0
DA:261,0
DA:262,0
DA:263,0
DA:264,0
DA:265,0
DA:266,0
DA:270,0
DA:275,0
DA:278,0
DA:287,0
DA:292,0
DA:296,0
DA:300,0
DA:303,0
DA:309,0
DA:316,0
DA:327,0
DA:343,0
LF:149
LH:0
BRDA:41,0,0,0
BRDA:41,0,1,0
BRDA:44,1,0,0
BRDA:44,1,1,0
BRDA:49,2,0,0
BRDA:49,2,1,0
BRDA:49,3,0,0
BRDA:49,3,1,0
BRDA:62,4,0,0
BRDA:62,4,1,0
BRDA:62,5,0,0
BRDA:62,5,1,0
BRDA:62,5,2,0
BRDA:64,6,0,0
BRDA:64,6,1,0
BRDA:80,7,0,0
BRDA:80,7,1,0
BRDA:82,8,0,0
BRDA:82,8,1,0
BRDA:82,9,0,0
BRDA:82,9,1,0
BRDA:84,10,0,0
BRDA:84,10,1,0
BRDA:84,11,0,0
BRDA:84,11,1,0
BRDA:86,12,0,0
BRDA:86,12,1,0
BRDA:86,13,0,0
BRDA:86,13,1,0
BRDA:88,14,0,0
BRDA:88,14,1,0
BRDA:88,15,0,0
BRDA:88,15,1,0
BRDA:90,16,0,0
BRDA:90,16,1,0
BRDA:90,17,0,0
BRDA:90,17,1,0
BRDA:92,18,0,0
BRDA:92,18,1,0
BRDA:92,19,0,0
BRDA:92,19,1,0
BRDA:94,20,0,0
BRDA:94,20,1,0
BRDA:94,21,0,0
BRDA:94,21,1,0
BRDA:96,22,0,0
BRDA:96,22,1,0
BRDA:96,23,0,0
BRDA:96,23,1,0
BRDA:98,24,0,0
BRDA:98,24,1,0
BRDA:98,25,0,0
BRDA:98,25,1,0
BRDA:100,26,0,0
BRDA:100,26,1,0
BRDA:100,27,0,0
BRDA:100,27,1,0
BRDA:102,28,0,0
BRDA:102,28,1,0
BRDA:102,29,0,0
BRDA:102,29,1,0
BRDA:104,30,0,0
BRDA:104,30,1,0
BRDA:104,31,0,0
BRDA:104,31,1,0
BRDA:106,32,0,0
BRDA:106,32,1,0
BRDA:106,33,0,0
BRDA:106,33,1,0
BRDA:108,34,0,0
BRDA:108,34,1,0
BRDA:108,35,0,0
BRDA:108,35,1,0
BRDA:110,36,0,0
BRDA:110,36,1,0
BRDA:110,37,0,0
BRDA:110,37,1,0
BRDA:112,38,0,0
BRDA:112,38,1,0
BRDA:112,39,0,0
BRDA:112,39,1,0
BRDA:114,40,0,0
BRDA:114,40,1,0
BRDA:119,41,0,0
BRDA:119,41,1,0
BRDA:119,42,0,0
BRDA:119,42,1,0
BRDA:119,42,2,0
BRDA:122,43,0,0
BRDA:122,43,1,0
BRDA:287,44,0,0
BRDA:287,44,1,0
BRDA:300,45,0,0
BRDA:300,45,1,0
BRDA:303,46,0,0
BRDA:303,46,1,0
BRDA:306,47,0,0
BRDA:306,47,1,0
BRDA:309,48,0,0
BRDA:309,48,1,0
BRDA:316,49,0,0
BRDA:316,49,1,0
BRDA:319,50,0,0
BRDA:319,50,1,0
BRF:104
BRH:0
end_of_record
TN:
SF:src/components/HistoryTimeline.vue
FN:7,(anonymous_0)
FN:13,(anonymous_1)
FN:14,(anonymous_2)
FN:15,(anonymous_3)
FN:19,goToCountry
FN:22,goBack
FN:34,(anonymous_6)
FN:37,(anonymous_7)
FN:40,(anonymous_8)
FN:43,(anonymous_9)
FN:46,(anonymous_10)
FN:49,(anonymous_11)
FN:52,(anonymous_12)
FN:102,render
FN:113,(anonymous_14)
FN:118,(anonymous_15)
FN:121,(anonymous_16)
FN:134,(anonymous_17)
FN:139,(anonymous_18)
FN:139,(anonymous_19)
FN:143,(anonymous_20)
FN:155,(anonymous_21)
FN:161,(anonymous_22)
FN:169,(anonymous_23)
FN:172,(anonymous_24)
FN:172,(anonymous_25)
FN:178,(anonymous_26)
FNF:27
FNH:0
FNDA:0,(anonymous_0)
FNDA:0,(anonymous_1)
FNDA:0,(anonymous_2)
FNDA:0,(anonymous_3)
FNDA:0,goToCountry
FNDA:0,goBack
FNDA:0,(anonymous_6)
FNDA:0,(anonymous_7)
FNDA:0,(anonymous_8)
FNDA:0,(anonymous_9)
FNDA:0,(anonymous_10)
FNDA:0,(anonymous_11)
FNDA:0,(anonymous_12)
FNDA:0,render
FNDA:0,(anonymous_14)
FNDA:0,(anonymous_15)
FNDA:0,(anonymous_16)
FNDA:0,(anonymous_17)
FNDA:0,(anonymous_18)
FNDA:0,(anonymous_19)
FNDA:0,(anonymous_20)
FNDA:0,(anonymous_21)
FNDA:0,(anonymous_22)
FNDA:0,(anonymous_23)
FNDA:0,(anonymous_24)
FNDA:0,(anonymous_25)
FNDA:0,(anonymous_26)
DA:10,0
DA:11,0
DA:12,0
DA:13,0
DA:14,0
DA:15,0
DA:16,0
DA:17,0
DA:20,0
DA:23,0
DA:25,0
DA:35,0
DA:38,0
DA:41,0
DA:44,0
DA:47,0
DA:50,0
DA:53,0
DA:56,0
DA:60,0
DA:65,0
DA:68,0
DA:69,0
DA:70,0
DA:73,0
DA:76,0
DA:79,0
DA:82,0
DA:85,0
DA:88,0
DA:89,0
DA:92,0
DA:95,0
DA:98,0
DA:103,0
DA:104,0
DA:105,0
DA:106,0
DA:107,0
DA:108,0
DA:109,0
DA:113,0
DA:118,0
DA:121,0
DA:134,0
DA:139,0
DA:140,0
DA:143,0
DA:155,0
DA:161,0
DA:169,0
DA:172,0
DA:173,0
DA:178,0
DA:186,0
LF:55
LH:0
BRDA:13,0,0,0
BRDA:13,0,1,0
BRDA:16,1,0,0
BRDA:16,1,1,0
BRDA:127,2,0,0
BRDA:127,2,1,0
BRDA:129,3,0,0
BRDA:129,3,1,0
BRDA:129,4,0,0
BRDA:129,4,1,0
BRDA:134,5,0,0
BRDA:134,5,1,0
BRDA:144,6,0,0
BRDA:144,6,1,0
BRDA:161,7,0,0
BRDA:161,7,1,0
BRDA:166,8,0,0
BRDA:166,8,1,0
BRDA:168,9,0,0
BRDA:168,9,1,0
BRDA:169,10,0,0
BRDA:169,10,1,0
BRF:22
BRH:0
end_of_record
TN:
SF:src/components/JztkHome.vue
FN:6,(anonymous_0)
FN:11,goPractice
FN:21,goWrongPractice
FN:32,goFavorites
FN:46,(anonymous_4)
FN:49,(anonymous_5)
FN:52,(anonymous_6)
FN:85,render
FN:106,(anonymous_8)
FN:111,(anonymous_9)
FN:114,(anonymous_10)
FN:129,(anonymous_11)
FN:131,(anonymous_12)
FN:140,(anonymous_13)
FN:142,(anonymous_14)
FN:147,(anonymous_15)
FN:151,(anonymous_16)
FN:153,(anonymous_17)
FN:162,(anonymous_18)
FN:164,(anonymous_19)
FN:173,(anonymous_20)
FN:175,(anonymous_21)
FN:184,(anonymous_22)
FN:186,(anonymous_23)
FN:191,(anonymous_24)
FN:195,(anonymous_25)
FN:197,(anonymous_26)
FN:206,(anonymous_27)
FN:208,(anonymous_28)
FNF:29
FNH:0
FNDA:0,(anonymous_0)
FNDA:0,goPractice
FNDA:0,goWrongPractice
FNDA:0,goFavorites
FNDA:0,(anonymous_4)
FNDA:0,(anonymous_5)
FNDA:0,(anonymous_6)
FNDA:0,render
FNDA:0,(anonymous_8)
FNDA:0,(anonymous_9)
FNDA:0,(anonymous_10)
FNDA:0,(anonymous_11)
FNDA:0,(anonymous_12)
FNDA:0,(anonymous_13)
FNDA:0,(anonymous_14)
FNDA:0,(anonymous_15)
FNDA:0,(anonymous_16)
FNDA:0,(anonymous_17)
FNDA:0,(anonymous_18)
FNDA:0,(anonymous_19)
FNDA:0,(anonymous_20)
FNDA:0,(anonymous_21)
FNDA:0,(anonymous_22)
FNDA:0,(anonymous_23)
FNDA:0,(anonymous_24)
FNDA:0,(anonymous_25)
FNDA:0,(anonymous_26)
FNDA:0,(anonymous_27)
FNDA:0,(anonymous_28)
DA:9,0
DA:10,0
DA:12,0
DA:22,0
DA:33,0
DA:41,0
DA:47,0
DA:50,0
DA:53,0
DA:56,0
DA:60,0
DA:65,0
DA:68,0
DA:69,0
DA:70,0
DA:73,0
DA:76,0
DA:79,0
DA:82,0
DA:86,0
DA:87,0
DA:88,0
DA:89,0
DA:90,0
DA:106,0
DA:111,0
DA:114,0
DA:129,0
DA:131,0
DA:140,0
DA:142,0
DA:151,0
DA:153,0
DA:162,0
DA:164,0
DA:173,0
DA:175,0
DA:184,0
DA:186,0
DA:195,0
DA:197,0
DA:206,0
DA:208,0
DA:215,0
LF:44
LH:0
BRDA:90,0,0,0
BRDA:90,0,1,0
BRDA:93,1,0,0
BRDA:93,1,1,0
BRDA:96,2,0,0
BRDA:96,2,1,0
BRDA:99,3,0,0
BRDA:99,3,1,0
BRDA:120,4,0,0
BRDA:120,4,1,0
BRDA:129,5,0,0
BRDA:129,5,1,0
BRDA:131,6,0,0
BRDA:131,6,1,0
BRDA:133,7,0,0
BRDA:133,7,1,0
BRDA:135,8,0,0
BRDA:135,8,1,0
BRDA:140,9,0,0
BRDA:140,9,1,0
BRDA:142,10,0,0
BRDA:142,10,1,0
BRDA:147,11,0,0
BRDA:147,11,1,0
BRDA:151,12,0,0
BRDA:151,12,1,0
BRDA:153,13,0,0
BRDA:153,13,1,0
BRDA:156,14,0,0
BRDA:156,14,1,0
BRDA:162,15,0,0
BRDA:162,15,1,0
BRDA:164,16,0,0
BRDA:164,16,1,0
BRDA:173,17,0,0
BRDA:173,17,1,0
BRDA:175,18,0,0
BRDA:175,18,1,0
BRDA:177,19,0,0
BRDA:177,19,1,0
BRDA:179,20,0,0
BRDA:179,20,1,0
BRDA:184,21,0,0
BRDA:184,21,1,0
BRDA:186,22,0,0
BRDA:186,22,1,0
BRDA:191,23,0,0
BRDA:191,23,1,0
BRDA:195,24,0,0
BRDA:195,24,1,0
BRDA:197,25,0,0
BRDA:197,25,1,0
BRDA:200,26,0,0
BRDA:200,26,1,0
BRDA:206,27,0,0
BRDA:206,27,1,0
BRDA:208,28,0,0
BRDA:208,28,1,0
BRF:58
BRH:0
end_of_record
TN:
SF:src/components/JztkPractice.vue
FN:15,(anonymous_0)
FN:23,(anonymous_1)
FN:31,(anonymous_2)
FN:36,(anonymous_3)
FN:39,(anonymous_4)
FN:44,(anonymous_5)
FN:47,goBackHome
FN:52,goRandomPractice
FN:64,persistLs
FN:67,(anonymous_9)
FN:68,(anonymous_10)
FN:69,(anonymous_11)
FN:83,applyDrawerFromRoute
FN:93,(anonymous_13)
FN:94,(anonymous_14)
FN:95,(anonymous_15)
FN:96,(anonymous_16)
FN:100,(anonymous_17)
FN:104,(anonymous_18)
FN:133,(anonymous_19)
FN:135,normalizeAnswerToKey
FN:150,(anonymous_21)
FN:155,(anonymous_22)
FN:159,(anonymous_23)
FN:163,(anonymous_24)
FN:165,(anonymous_25)
FN:169,(anonymous_26)
FN:170,(anonymous_27)
FN:179,clearCorrectAdvanceTimer
FN:185,clearPickMemory
FN:190,memorySaveCurrentPick
FN:199,markStatsSubmitted
FN:206,applyRestoredStateForCurrent
FN:230,(anonymous_33)
FN:243,optionKeyLetter
FN:246,(anonymous_35)
FN:252,onImgError
FN:255,initWrongQueue
FN:271,restartWrongRound
FN:275,loadBatch
FN:305,(anonymous_40)
FN:325,reloadForRoute
FN:338,(anonymous_42)
FN:341,(anonymous_43)
FN:341,(anonymous_44)
FN:342,(anonymous_45)
FN:344,(anonymous_46)
FN:346,(anonymous_47)
FN:348,(anonymous_48)
FN:351,recordAnswerStats
FN:359,addCurrentToWrongBook
FN:365,removeWrongFromBookIfCorrect
FN:372,removeWrongByKey
FN:378,(anonymous_53)
FN:380,(anonymous_54)
FN:396,removeFavoriteByKey
FN:397,(anonymous_56)
FN:401,toggleFavoriteCurrent
FN:412,onPick
FN:427,(anonymous_59)
FN:443,advanceQuestion
FN:466,goNext
FN:488,goPrev
FN:571,(anonymous_63)
FN:574,(anonymous_64)
FN:577,(anonymous_65)
FN:580,(anonymous_66)
FN:583,(anonymous_67)
FN:586,(anonymous_68)
FN:589,(anonymous_69)
FN:592,(anonymous_70)
FN:595,(anonymous_71)
FN:598,(anonymous_72)
FN:602,(anonymous_73)
FN:605,(anonymous_74)
FN:608,(anonymous_75)
FN:611,(anonymous_76)
FN:614,(anonymous_77)
FN:617,(anonymous_78)
FN:620,(anonymous_79)
FN:623,(anonymous_80)
FN:626,(anonymous_81)
FN:629,(anonymous_82)
FN:632,(anonymous_83)
FN:635,(anonymous_84)
FN:777,render
FN:810,(anonymous_86)
FN:817,(anonymous_87)
FN:820,(anonymous_88)
FN:834,(anonymous_89)
FN:842,(anonymous_90)
FN:862,(anonymous_91)
FN:866,(anonymous_92)
FN:869,(anonymous_93)
FN:883,(anonymous_94)
FN:888,(anonymous_95)
FN:888,(anonymous_96)
FN:898,(anonymous_97)
FN:907,(anonymous_98)
FN:910,(anonymous_99)
FN:921,(anonymous_100)
FN:924,(anonymous_101)
FN:927,(anonymous_102)
FN:930,(anonymous_103)
FN:933,(anonymous_104)
FN:945,(anonymous_105)
FN:952,(anonymous_106)
FN:964,(anonymous_107)
FN:970,(anonymous_108)
FN:980,(anonymous_109)
FN:990,(anonymous_110)
FN:997,(anonymous_111)
FN:1003,(anonymous_112)
FN:1005,(anonymous_113)
FN:1007,(anonymous_114)
FN:1011,(anonymous_115)
FN:1015,(anonymous_116)
FN:1015,(anonymous_117)
FN:1023,(anonymous_118)
FN:1025,(anonymous_119)
FN:1037,(anonymous_120)
FN:1041,(anonymous_121)
FN:1041,(anonymous_122)
FN:1049,(anonymous_123)
FN:1051,(anonymous_124)
FNF:125
FNH:0
FNDA:0,(anonymous_0)
FNDA:0,(anonymous_1)
FNDA:0,(anonymous_2)
FNDA:0,(anonymous_3)
FNDA:0,(anonymous_4)
FNDA:0,(anonymous_5)
FNDA:0,goBackHome
FNDA:0,goRandomPractice
FNDA:0,persistLs
FNDA:0,(anonymous_9)
FNDA:0,(anonymous_10)
FNDA:0,(anonymous_11)
FNDA:0,applyDrawerFromRoute
FNDA:0,(anonymous_13)
FNDA:0,(anonymous_14)
FNDA:0,(anonymous_15)
FNDA:0,(anonymous_16)
FNDA:0,(anonymous_17)
FNDA:0,(anonymous_18)
FNDA:0,(anonymous_19)
FNDA:0,normalizeAnswerToKey
FNDA:0,(anonymous_21)
FNDA:0,(anonymous_22)
FNDA:0,(anonymous_23)
FNDA:0,(anonymous_24)
FNDA:0,(anonymous_25)
FNDA:0,(anonymous_26)
FNDA:0,(anonymous_27)
FNDA:0,clearCorrectAdvanceTimer
FNDA:0,clearPickMemory
FNDA:0,memorySaveCurrentPick
FNDA:0,markStatsSubmitted
FNDA:0,applyRestoredStateForCurrent
FNDA:0,(anonymous_33)
FNDA:0,optionKeyLetter
FNDA:0,(anonymous_35)
FNDA:0,onImgError
FNDA:0,initWrongQueue
FNDA:0,restartWrongRound
FNDA:0,loadBatch
FNDA:0,(anonymous_40)
FNDA:0,reloadForRoute
FNDA:0,(anonymous_42)
FNDA:0,(anonymous_43)
FNDA:0,(anonymous_44)
FNDA:0,(anonymous_45)
FNDA:0,(anonymous_46)
FNDA:0,(anonymous_47)
FNDA:0,(anonymous_48)
FNDA:0,recordAnswerStats
FNDA:0,addCurrentToWrongBook
FNDA:0,removeWrongFromBookIfCorrect
FNDA:0,removeWrongByKey
FNDA:0,(anonymous_53)
FNDA:0,(anonymous_54)
FNDA:0,removeFavoriteByKey
FNDA:0,(anonymous_56)
FNDA:0,toggleFavoriteCurrent
FNDA:0,onPick
FNDA:0,(anonymous_59)
FNDA:0,advanceQuestion
FNDA:0,goNext
FNDA:0,goPrev
FNDA:0,(anonymous_63)
FNDA:0,(anonymous_64)
FNDA:0,(anonymous_65)
FNDA:0,(anonymous_66)
FNDA:0,(anonymous_67)
FNDA:0,(anonymous_68)
FNDA:0,(anonymous_69)
FNDA:0,(anonymous_70)
FNDA:0,(anonymous_71)
FNDA:0,(anonymous_72)
FNDA:0,(anonymous_73)
FNDA:0,(anonymous_74)
FNDA:0,(anonymous_75)
FNDA:0,(anonymous_76)
FNDA:0,(anonymous_77)
FNDA:0,(anonymous_78)
FNDA:0,(anonymous_79)
FNDA:0,(anonymous_80)
FNDA:0,(anonymous_81)
FNDA:0,(anonymous_82)
FNDA:0,(anonymous_83)
FNDA:0,(anonymous_84)
FNDA:0,render
FNDA:0,(anonymous_86)
FNDA:0,(anonymous_87)
FNDA:0,(anonymous_88)
FNDA:0,(anonymous_89)
FNDA:0,(anonymous_90)
FNDA:0,(anonymous_91)
FNDA:0,(anonymous_92)
FNDA:0,(anonymous_93)
FNDA:0,(anonymous_94)
FNDA:0,(anonymous_95)
FNDA:0,(anonymous_96)
FNDA:0,(anonymous_97)
FNDA:0,(anonymous_98)
FNDA:0,(anonymous_99)
FNDA:0,(anonymous_100)
FNDA:0,(anonymous_101)
FNDA:0,(anonymous_102)
FNDA:0,(anonymous_103)
FNDA:0,(anonymous_104)
FNDA:0,(anonymous_105)
FNDA:0,(anonymous_106)
FNDA:0,(anonymous_107)
FNDA:0,(anonymous_108)
FNDA:0,(anonymous_109)
FNDA:0,(anonymous_110)
FNDA:0,(anonymous_111)
FNDA:0,(anonymous_112)
FNDA:0,(anonymous_113)
FNDA:0,(anonymous_114)
FNDA:0,(anonymous_115)
FNDA:0,(anonymous_116)
FNDA:0,(anonymous_117)
FNDA:0,(anonymous_118)
FNDA:0,(anonymous_119)
FNDA:0,(anonymous_120)
FNDA:0,(anonymous_121)
FNDA:0,(anonymous_122)
FNDA:0,(anonymous_123)
FNDA:0,(anonymous_124)
DA:9,0
DA:18,0
DA:19,0
DA:20,0
DA:23,0
DA:24,0
DA:25,0
DA:26,0
DA:27,0
DA:31,0
DA:32,0
DA:33,0
DA:34,0
DA:36,0
DA:39,0
DA:40,0
DA:41,0
DA:42,0
DA:44,0
DA:45,0
DA:46,0
DA:48,0
DA:53,0
DA:60,0
DA:63,0
DA:65,0
DA:67,0
DA:68,0
DA:69,0
DA:70,0
DA:71,0
DA:72,0
DA:73,0
DA:74,0
DA:75,0
DA:76,0
DA:77,0
DA:78,0
DA:80,0
DA:81,0
DA:82,0
DA:84,0
DA:85,0
DA:86,0
DA:87,0
DA:88,0
DA:89,0
DA:90,0
DA:93,0
DA:94,0
DA:95,0
DA:96,0
DA:97,0
DA:98,0
DA:100,0
DA:101,0
DA:102,0
DA:104,0
DA:105,0
DA:106,0
DA:107,0
DA:108,0
DA:109,0
DA:110,0
DA:111,0
DA:112,0
DA:120,0
DA:133,0
DA:136,0
DA:137,0
DA:138,0
DA:148,0
DA:150,0
DA:151,0
DA:152,0
DA:153,0
DA:155,0
DA:156,0
DA:157,0
DA:158,0
DA:159,0
DA:160,0
DA:161,0
DA:163,0
DA:164,0
DA:165,0
DA:166,0
DA:167,0
DA:169,0
DA:170,0
DA:173,0
DA:175,0
DA:178,0
DA:180,0
DA:181,0
DA:182,0
DA:186,0
DA:187,0
DA:188,0
DA:191,0
DA:192,0
DA:193,0
DA:194,0
DA:200,0
DA:201,0
DA:202,0
DA:207,0
DA:208,0
DA:209,0
DA:210,0
DA:211,0
DA:213,0
DA:214,0
DA:215,0
DA:216,0
DA:217,0
DA:219,0
DA:220,0
DA:221,0
DA:222,0
DA:225,0
DA:226,0
DA:230,0
DA:231,0
DA:232,0
DA:233,0
DA:234,0
DA:235,0
DA:237,0
DA:244,0
DA:246,0
DA:247,0
DA:248,0
DA:249,0
DA:250,0
DA:253,0
DA:256,0
DA:257,0
DA:258,0
DA:259,0
DA:260,0
DA:261,0
DA:262,0
DA:263,0
DA:264,0
DA:265,0
DA:267,0
DA:268,0
DA:269,0
DA:272,0
DA:273,0
DA:277,0
DA:278,0
DA:279,0
DA:280,0
DA:281,0
DA:283,0
DA:285,0
DA:286,0
DA:287,0
DA:288,0
DA:289,0
DA:290,0
DA:291,0
DA:292,0
DA:293,0
DA:294,0
DA:298,0
DA:299,0
DA:300,0
DA:301,0
DA:302,0
DA:303,0
DA:304,0
DA:305,0
DA:306,0
DA:307,0
DA:311,0
DA:312,0
DA:313,0
DA:314,0
DA:315,0
DA:320,0
DA:322,0
DA:326,0
DA:327,0
DA:328,0
DA:329,0
DA:330,0
DA:331,0
DA:335,0
DA:338,0
DA:339,0
DA:341,0
DA:342,0
DA:344,0
DA:345,0
DA:346,0
DA:348,0
DA:349,0
DA:352,0
DA:353,0
DA:355,0
DA:357,0
DA:360,0
DA:361,0
DA:362,0
DA:363,0
DA:366,0
DA:367,0
DA:368,0
DA:369,0
DA:370,0
DA:373,0
DA:374,0
DA:375,0
DA:376,0
DA:377,0
DA:378,0
DA:379,0
DA:380,0
DA:381,0
DA:382,0
DA:383,0
DA:384,0
DA:385,0
DA:387,0
DA:388,0
DA:389,0
DA:390,0
DA:391,0
DA:392,0
DA:397,0
DA:398,0
DA:399,0
DA:402,0
DA:403,0
DA:407,0
DA:408,0
DA:409,0
DA:410,0
DA:413,0
DA:414,0
DA:415,0
DA:416,0
DA:417,0
DA:418,0
DA:419,0
DA:420,0
DA:421,0
DA:422,0
DA:423,0
DA:425,0
DA:426,0
DA:427,0
DA:428,0
DA:429,0
DA:430,0
DA:433,0
DA:434,0
DA:435,0
DA:436,0
DA:437,0
DA:438,0
DA:444,0
DA:445,0
DA:446,0
DA:447,0
DA:449,0
DA:450,0
DA:451,0
DA:452,0
DA:454,0
DA:455,0
DA:456,0
DA:457,0
DA:458,0
DA:461,0
DA:467,0
DA:468,0
DA:469,0
DA:470,0
DA:471,0
DA:474,0
DA:475,0
DA:476,0
DA:477,0
DA:478,0
DA:480,0
DA:482,0
DA:483,0
DA:484,0
DA:486,0
DA:489,0
DA:490,0
DA:491,0
DA:492,0
DA:494,0
DA:572,0
DA:575,0
DA:578,0
DA:581,0
DA:584,0
DA:587,0
DA:590,0
DA:593,0
DA:596,0
DA:599,0
DA:603,0
DA:606,0
DA:609,0
DA:612,0
DA:615,0
DA:618,0
DA:621,0
DA:624,0
DA:627,0
DA:630,0
DA:633,0
DA:636,0
DA:639,0
DA:643,0
DA:648,0
DA:651,0
DA:652,0
DA:653,0
DA:656,0
DA:659,0
DA:662,0
DA:665,0
DA:668,0
DA:671,0
DA:674,0
DA:677,0
DA:680,0
DA:684,0
DA:685,0
DA:688,0
DA:689,0
DA:692,0
DA:695,0
DA:699,0
DA:702,0
DA:706,0
DA:709,0
DA:713,0
DA:714,0
DA:718,0
DA:721,0
DA:724,0
DA:727,0
DA:730,0
DA:733,0
DA:736,0
DA:740,0
DA:741,0
DA:744,0
DA:748,0
DA:751,0
DA:755,0
DA:758,0
DA:761,0
DA:764,0
DA:768,0
DA:771,0
DA:774,0
DA:778,0
DA:779,0
DA:780,0
DA:781,0
DA:782,0
DA:783,0
DA:784,0
DA:785,0
DA:786,0
DA:787,0
DA:788,0
DA:789,0
DA:810,0
DA:817,0
DA:820,0
DA:834,0
DA:842,0
DA:862,0
DA:866,0
DA:869,0
DA:883,0
DA:888,0
DA:889,0
DA:898,0
DA:907,0
DA:910,0
DA:921,0
DA:924,0
DA:927,0
DA:930,0
DA:933,0
DA:945,0
DA:952,0
DA:964,0
DA:970,0
DA:980,0
DA:990,0
DA:997,0
DA:1003,0
DA:1005,0
DA:1007,0
DA:1011,0
DA:1015,0
DA:1016,0
DA:1023,0
DA:1025,0
DA:1037,0
DA:1041,0
DA:1042,0
DA:1049,0
DA:1051,0
DA:1064,0
LF:418
LH:0
BRDA:25,0,0,0
BRDA:25,0,1,0
BRDA:26,1,0,0
BRDA:26,1,1,0
BRDA:27,2,0,0
BRDA:27,2,1,0
BRDA:33,3,0,0
BRDA:33,3,1,0
BRDA:34,4,0,0
BRDA:34,4,1,0
BRDA:34,5,0,0
BRDA:34,5,1,0
BRDA:41,6,0,0
BRDA:41,6,1,0
BRDA:42,7,0,0
BRDA:42,7,1,0
BRDA:44,8,0,0
BRDA:44,8,1,0
BRDA:45,9,0,0
BRDA:45,9,1,0
BRDA:45,10,0,0
BRDA:45,10,1,0
BRDA:46,11,0,0
BRDA:46,11,1,0
BRDA:46,12,0,0
BRDA:46,12,1,0
BRDA:69,13,0,0
BRDA:69,13,1,0
BRDA:69,13,2,0
BRDA:69,13,3,0
BRDA:69,13,4,0
BRDA:85,14,0,0
BRDA:85,14,1,0
BRDA:85,15,0,0
BRDA:85,15,1,0
BRDA:88,16,0,0
BRDA:88,16,1,0
BRDA:88,17,0,0
BRDA:88,17,1,0
BRDA:93,18,0,0
BRDA:93,18,1,0
BRDA:94,19,0,0
BRDA:94,19,1,0
BRDA:95,20,0,0
BRDA:95,20,1,0
BRDA:97,21,0,0
BRDA:97,21,1,0
BRDA:101,22,0,0
BRDA:101,22,1,0
BRDA:106,23,0,0
BRDA:106,23,1,0
BRDA:107,24,0,0
BRDA:107,24,1,0
BRDA:108,25,0,0
BRDA:108,25,1,0
BRDA:109,26,0,0
BRDA:109,26,1,0
BRDA:110,27,0,0
BRDA:110,27,1,0
BRDA:111,28,0,0
BRDA:111,28,1,0
BRDA:111,29,0,0
BRDA:111,29,1,0
BRDA:114,30,0,0
BRDA:114,30,1,0
BRDA:117,31,0,0
BRDA:117,31,1,0
BRDA:136,32,0,0
BRDA:136,32,1,0
BRDA:137,33,0,0
BRDA:137,33,1,0
BRDA:148,34,0,0
BRDA:148,34,1,0
BRDA:152,35,0,0
BRDA:152,35,1,0
BRDA:152,36,0,0
BRDA:152,36,1,0
BRDA:157,37,0,0
BRDA:157,37,1,0
BRDA:161,38,0,0
BRDA:161,38,1,0
BRDA:164,39,0,0
BRDA:164,39,1,0
BRDA:166,40,0,0
BRDA:166,40,1,0
BRDA:180,41,0,0
BRDA:180,41,1,0
BRDA:192,42,0,0
BRDA:192,42,1,0
BRDA:192,43,0,0
BRDA:192,43,1,0
BRDA:208,44,0,0
BRDA:208,44,1,0
BRDA:215,45,0,0
BRDA:215,45,1,0
BRDA:215,46,0,0
BRDA:215,46,1,0
BRDA:216,47,0,0
BRDA:216,47,1,0
BRDA:221,48,0,0
BRDA:221,48,1,0
BRDA:232,49,0,0
BRDA:232,49,1,0
BRDA:232,50,0,0
BRDA:232,50,1,0
BRDA:234,51,0,0
BRDA:234,51,1,0
BRDA:244,52,0,0
BRDA:244,52,1,0
BRDA:248,53,0,0
BRDA:248,53,1,0
BRDA:249,54,0,0
BRDA:249,54,1,0
BRDA:259,55,0,0
BRDA:259,55,1,0
BRDA:275,56,0,0
BRDA:278,57,0,0
BRDA:278,57,1,0
BRDA:278,58,0,0
BRDA:278,58,1,0
BRDA:280,59,0,0
BRDA:280,59,1,0
BRDA:303,60,0,0
BRDA:303,60,1,0
BRDA:304,61,0,0
BRDA:304,61,1,0
BRDA:306,62,0,0
BRDA:306,62,1,0
BRDA:306,63,0,0
BRDA:306,63,1,0
BRDA:307,64,0,0
BRDA:307,64,1,0
BRDA:307,64,2,0
BRDA:312,65,0,0
BRDA:312,65,1,0
BRDA:312,66,0,0
BRDA:312,66,1,0
BRDA:313,67,0,0
BRDA:313,67,1,0
BRDA:313,68,0,0
BRDA:313,68,1,0
BRDA:314,69,0,0
BRDA:314,69,1,0
BRDA:314,70,0,0
BRDA:314,70,1,0
BRDA:320,71,0,0
BRDA:320,71,1,0
BRDA:327,72,0,0
BRDA:327,72,1,0
BRDA:330,73,0,0
BRDA:330,73,1,0
BRDA:352,74,0,0
BRDA:352,74,1,0
BRDA:361,75,0,0
BRDA:361,75,1,0
BRDA:367,76,0,0
BRDA:367,76,1,0
BRDA:376,77,0,0
BRDA:376,77,1,0
BRDA:376,78,0,0
BRDA:376,78,1,0
BRDA:379,79,0,0
BRDA:379,79,1,0
BRDA:382,80,0,0
BRDA:382,80,1,0
BRDA:384,81,0,0
BRDA:384,81,1,0
BRDA:391,82,0,0
BRDA:391,82,1,0
BRDA:403,83,0,0
BRDA:403,83,1,0
BRDA:410,84,0,0
BRDA:410,84,1,0
BRDA:414,85,0,0
BRDA:414,85,1,0
BRDA:414,86,0,0
BRDA:414,86,1,0
BRDA:414,86,2,0
BRDA:416,87,0,0
BRDA:416,87,1,0
BRDA:419,88,0,0
BRDA:419,88,1,0
BRDA:422,89,0,0
BRDA:422,89,1,0
BRDA:447,90,0,0
BRDA:447,90,1,0
BRDA:452,91,0,0
BRDA:452,91,1,0
BRDA:467,92,0,0
BRDA:467,92,1,0
BRDA:468,93,0,0
BRDA:468,93,1,0
BRDA:469,94,0,0
BRDA:469,94,1,0
BRDA:474,95,0,0
BRDA:474,95,1,0
BRDA:474,96,0,0
BRDA:474,96,1,0
BRDA:482,97,0,0
BRDA:482,97,1,0
BRDA:489,98,0,0
BRDA:489,98,1,0
BRDA:489,99,0,0
BRDA:489,99,1,0
BRDA:789,100,0,0
BRDA:789,100,1,0
BRDA:792,101,0,0
BRDA:792,101,1,0
BRDA:795,102,0,0
BRDA:795,102,1,0
BRDA:798,103,0,0
BRDA:798,103,1,0
BRDA:801,104,0,0
BRDA:801,104,1,0
BRDA:805,105,0,0
BRDA:805,105,1,0
BRDA:822,106,0,0
BRDA:822,106,1,0
BRDA:844,107,0,0
BRDA:844,107,1,0
BRDA:846,108,0,0
BRDA:846,108,1,0
BRDA:846,109,0,0
BRDA:846,109,1,0
BRDA:848,110,0,0
BRDA:848,110,1,0
BRDA:852,111,0,0
BRDA:852,111,1,0
BRDA:856,112,0,0
BRDA:856,112,1,0
BRDA:862,113,0,0
BRDA:862,113,1,0
BRDA:866,114,0,0
BRDA:866,114,1,0
BRDA:866,115,0,0
BRDA:866,115,1,0
BRDA:871,116,0,0
BRDA:871,116,1,0
BRDA:871,117,0,0
BRDA:871,117,1,0
BRDA:873,118,0,0
BRDA:873,118,1,0
BRDA:880,119,0,0
BRDA:880,119,1,0
BRDA:883,120,0,0
BRDA:883,120,1,0
BRDA:885,121,0,0
BRDA:885,121,1,0
BRDA:885,121,2,0
BRDA:894,122,0,0
BRDA:894,122,1,0
BRDA:894,122,2,0
BRDA:895,123,0,0
BRDA:895,123,1,0
BRDA:904,124,0,0
BRDA:904,124,1,0
BRDA:910,125,0,0
BRDA:910,125,1,0
BRDA:916,126,0,0
BRDA:916,126,1,0
BRDA:918,127,0,0
BRDA:918,127,1,0
BRDA:921,128,0,0
BRDA:921,128,1,0
BRDA:932,129,0,0
BRDA:932,129,1,0
BRDA:933,130,0,0
BRDA:933,130,1,0
BRDA:933,131,0,0
BRDA:933,131,1,0
BRDA:933,132,0,0
BRDA:933,132,1,0
BRDA:933,133,0,0
BRDA:933,133,1,0
BRDA:942,134,0,0
BRDA:942,134,1,0
BRDA:945,135,0,0
BRDA:945,135,1,0
BRDA:952,136,0,0
BRDA:952,136,1,0
BRDA:955,137,0,0
BRDA:955,137,1,0
BRDA:957,138,0,0
BRDA:957,138,1,0
BRDA:957,139,0,0
BRDA:957,139,1,0
BRDA:959,140,0,0
BRDA:959,140,1,0
BRDA:959,141,0,0
BRDA:959,141,1,0
BRDA:964,142,0,0
BRDA:964,142,1,0
BRDA:970,143,0,0
BRDA:970,143,1,0
BRDA:973,144,0,0
BRDA:973,144,1,0
BRDA:973,145,0,0
BRDA:973,145,1,0
BRDA:975,146,0,0
BRDA:975,146,1,0
BRDA:980,147,0,0
BRDA:980,147,1,0
BRDA:985,148,0,0
BRDA:985,148,1,0
BRDA:990,149,0,0
BRDA:990,149,1,0
BRDA:997,150,0,0
BRDA:997,150,1,0
BRDA:1005,151,0,0
BRDA:1005,151,1,0
BRDA:1011,152,0,0
BRDA:1011,152,1,0
BRDA:1025,153,0,0
BRDA:1025,153,1,0
BRDA:1037,154,0,0
BRDA:1037,154,1,0
BRDA:1051,155,0,0
BRDA:1051,155,1,0
BRF:318
BRH:0
end_of_record
TN:
SF:src/components/MarkdownReader.vue
FN:10,(anonymous_0)
FN:26,(anonymous_1)
FN:40,(anonymous_2)
FN:48,(anonymous_3)
FN:57,(anonymous_4)
FN:66,(anonymous_5)
FN:75,(anonymous_6)
FN:83,(anonymous_7)
FN:122,(anonymous_8)
FN:223,(anonymous_9)
FN:226,(anonymous_10)
FN:229,(anonymous_11)
FN:232,(anonymous_12)
FN:235,(anonymous_13)
FN:238,(anonymous_14)
FN:241,(anonymous_15)
FN:286,render
FN:296,(anonymous_17)
FN:301,(anonymous_18)
FN:304,(anonymous_19)
FN:318,(anonymous_20)
FN:321,(anonymous_21)
FN:324,(anonymous_22)
FN:338,(anonymous_23)
FN:345,(anonymous_24)
FN:346,(anonymous_25)
FNF:26
FNH:0
FNDA:0,(anonymous_0)
FNDA:0,(anonymous_1)
FNDA:0,(anonymous_2)
FNDA:0,(anonymous_3)
FNDA:0,(anonymous_4)
FNDA:0,(anonymous_5)
FNDA:0,(anonymous_6)
FNDA:0,(anonymous_7)
FNDA:0,(anonymous_8)
FNDA:0,(anonymous_9)
FNDA:0,(anonymous_10)
FNDA:0,(anonymous_11)
FNDA:0,(anonymous_12)
FNDA:0,(anonymous_13)
FNDA:0,(anonymous_14)
FNDA:0,(anonymous_15)
FNDA:0,render
FNDA:0,(anonymous_17)
FNDA:0,(anonymous_18)
FNDA:0,(anonymous_19)
FNDA:0,(anonymous_20)
FNDA:0,(anonymous_21)
FNDA:0,(anonymous_22)
FNDA:0,(anonymous_23)
FNDA:0,(anonymous_24)
FNDA:0,(anonymous_25)
DA:13,0
DA:14,0
DA:15,0
DA:16,0
DA:17,0
DA:20,0
DA:26,0
DA:27,0
DA:28,0
DA:29,0
DA:31,0
DA:32,0
DA:33,0
DA:40,0
DA:41,0
DA:42,0
DA:45,0
DA:46,0
DA:47,0
DA:48,0
DA:49,0
DA:50,0
DA:51,0
DA:53,0
DA:56,0
DA:57,0
DA:58,0
DA:59,0
DA:60,0
DA:62,0
DA:63,0
DA:66,0
DA:67,0
DA:69,0
DA:75,0
DA:76,0
DA:77,0
DA:83,0
DA:84,0
DA:85,0
DA:86,0
DA:88,0
DA:89,0
DA:92,0
DA:98,0
DA:101,0
DA:102,0
DA:103,0
DA:104,0
DA:107,0
DA:108,0
DA:111,0
DA:112,0
DA:113,0
DA:116,0
DA:117,0
DA:118,0
DA:119,0
DA:122,0
DA:126,0
DA:134,0
DA:135,0
DA:136,0
DA:137,0
DA:138,0
DA:139,0
DA:140,0
DA:141,0
DA:145,0
DA:146,0
DA:149,0
DA:150,0
DA:153,0
DA:156,0
DA:157,0
DA:158,0
DA:161,0
DA:163,0
DA:166,0
DA:167,0
DA:168,0
DA:170,0
DA:171,0
DA:174,0
DA:175,0
DA:176,0
DA:177,0
DA:180,0
DA:184,0
DA:185,0
DA:188,0
DA:189,0
DA:190,0
DA:194,0
DA:197,0
DA:198,0
DA:199,0
DA:204,0
DA:205,0
DA:206,0
DA:208,0
DA:209,0
DA:212,0
DA:224,0
DA:227,0
DA:230,0
DA:233,0
DA:236,0
DA:239,0
DA:242,0
DA:245,0
DA:249,0
DA:254,0
DA:257,0
DA:258,0
DA:259,0
DA:262,0
DA:265,0
DA:269,0
DA:272,0
DA:275,0
DA:278,0
DA:281,0
DA:285,0
DA:287,0
DA:288,0
DA:289,0
DA:290,0
DA:291,0
DA:292,0
DA:296,0
DA:301,0
DA:304,0
DA:318,0
DA:321,0
DA:324,0
DA:338,0
DA:345,0
DA:346,0
DA:356,0
LF:140
LH:0
BRDA:27,0,0,0
BRDA:27,0,1,0
BRDA:42,1,0,0
BRDA:42,1,1,0
BRDA:49,2,0,0
BRDA:49,2,1,0
BRDA:49,3,0,0
BRDA:49,3,1,0
BRDA:84,4,0,0
BRDA:84,4,1,0
BRDA:161,5,0,0
BRDA:161,5,1,0
BRDA:188,6,0,0
BRDA:188,6,1,0
BRDA:204,7,0,0
BRDA:204,7,1,0
BRDA:310,8,0,0
BRDA:310,8,1,0
BRDA:310,9,0,0
BRDA:310,9,1,0
BRDA:310,10,0,0
BRDA:310,10,1,0
BRDA:318,11,0,0
BRDA:318,11,1,0
BRDA:326,12,0,0
BRDA:326,12,1,0
BRDA:338,13,0,0
BRDA:338,13,1,0
BRDA:348,14,0,0
BRDA:348,14,1,0
BRF:30
BRH:0
end_of_record
TN:
SF:src/components/PomodoroTimer.vue
FN:12,(anonymous_0)
FN:28,startTicker
FN:30,(anonymous_2)
FN:43,stopTicker
FN:49,(anonymous_4)
FN:56,(anonymous_5)
FN:64,(anonymous_6)
FN:68,onStartOrResume
FN:74,onPause
FN:80,onReset
FN:87,(anonymous_10)
FN:92,(anonymous_11)
FN:104,(anonymous_12)
FN:107,(anonymous_13)
FN:122,(anonymous_14)
FN:125,(anonymous_15)
FN:172,render
FN:192,(anonymous_17)
FN:197,(anonymous_18)
FN:200,(anonymous_19)
FNF:20
FNH:0
FNDA:0,(anonymous_0)
FNDA:0,startTicker
FNDA:0,(anonymous_2)
FNDA:0,stopTicker
FNDA:0,(anonymous_4)
FNDA:0,(anonymous_5)
FNDA:0,(anonymous_6)
FNDA:0,onStartOrResume
FNDA:0,onPause
FNDA:0,onReset
FNDA:0,(anonymous_10)
FNDA:0,(anonymous_11)
FNDA:0,(anonymous_12)
FNDA:0,(anonymous_13)
FNDA:0,(anonymous_14)
FNDA:0,(anonymous_15)
FNDA:0,render
FNDA:0,(anonymous_17)
FNDA:0,(anonymous_18)
FNDA:0,(anonymous_19)
DA:7,0
DA:9,0
DA:15,0
DA:16,0
DA:17,0
DA:19,0
DA:21,0
DA:23,0
DA:26,0
DA:27,0
DA:29,0
DA:30,0
DA:31,0
DA:32,0
DA:33,0
DA:34,0
DA:35,0
DA:36,0
DA:37,0
DA:38,0
DA:39,0
DA:44,0
DA:45,0
DA:46,0
DA:49,0
DA:50,0
DA:51,0
DA:52,0
DA:54,0
DA:56,0
DA:57,0
DA:58,0
DA:59,0
DA:60,0
DA:64,0
DA:65,0
DA:66,0
DA:69,0
DA:70,0
DA:71,0
DA:72,0
DA:75,0
DA:76,0
DA:77,0
DA:78,0
DA:81,0
DA:82,0
DA:83,0
DA:84,0
DA:85,0
DA:87,0
DA:88,0
DA:89,0
DA:92,0
DA:93,0
DA:95,0
DA:105,0
DA:108,0
DA:123,0
DA:126,0
DA:129,0
DA:133,0
DA:138,0
DA:141,0
DA:142,0
DA:143,0
DA:146,0
DA:149,0
DA:153,0
DA:156,0
DA:161,0
DA:162,0
DA:165,0
DA:168,0
DA:171,0
DA:173,0
DA:174,0
DA:175,0
DA:176,0
DA:192,0
DA:197,0
DA:200,0
DA:263,0
LF:83
LH:0
BRDA:29,0,0,0
BRDA:29,0,1,0
BRDA:32,1,0,0
BRDA:32,1,1,0
BRDA:32,2,0,0
BRDA:32,2,1,0
BRDA:33,3,0,0
BRDA:33,3,1,0
BRDA:44,4,0,0
BRDA:44,4,1,0
BRDA:51,5,0,0
BRDA:51,5,1,0
BRDA:51,6,0,0
BRDA:51,6,1,0
BRDA:75,7,0,0
BRDA:75,7,1,0
BRDA:75,8,0,0
BRDA:75,8,1,0
BRDA:88,9,0,0
BRDA:88,9,1,0
BRDA:88,10,0,0
BRDA:88,10,1,0
BRDA:88,10,2,0
BRDA:176,11,0,0
BRDA:176,11,1,0
BRDA:179,12,0,0
BRDA:179,12,1,0
BRDA:182,13,0,0
BRDA:182,13,1,0
BRDA:185,14,0,0
BRDA:185,14,1,0
BRDA:206,15,0,0
BRDA:206,15,1,0
BRDA:212,16,0,0
BRDA:212,16,1,0
BRDA:228,17,0,0
BRDA:228,17,1,0
BRDA:245,18,0,0
BRDA:245,18,1,0
BRDA:247,19,0,0
BRDA:247,19,1,0
BRDA:253,20,0,0
BRDA:253,20,1,0
BRDA:253,21,0,0
BRDA:253,21,1,0
BRF:45
BRH:0
end_of_record
TN:
SF:src/components/TextFormat.vue
FN:7,(anonymous_0)
FN:19,(anonymous_1)
FN:19,(anonymous_2)
FN:41,clickDownload
FN:65,clickClear
FN:76,clickCopy
FN:117,render
FN:126,(anonymous_7)
FN:131,(anonymous_8)
FN:134,(anonymous_9)
FN:138,(anonymous_10)
FN:143,(anonymous_11)
FN:148,(anonymous_12)
FN:159,(anonymous_13)
FN:164,(anonymous_14)
FN:169,(anonymous_15)
FNF:16
FNH:0
FNDA:0,(anonymous_0)
FNDA:0,(anonymous_1)
FNDA:0,(anonymous_2)
FNDA:0,clickDownload
FNDA:0,clickClear
FNDA:0,clickCopy
FNDA:0,render
FNDA:0,(anonymous_7)
FNDA:0,(anonymous_8)
FNDA:0,(anonymous_9)
FNDA:0,(anonymous_10)
FNDA:0,(anonymous_11)
FNDA:0,(anonymous_12)
FNDA:0,(anonymous_13)
FNDA:0,(anonymous_14)
FNDA:0,(anonymous_15)
DA:8,0
DA:19,0
DA:20,0
DA:21,0
DA:22,0
DA:23,0
DA:24,0
DA:25,0
DA:26,0
DA:28,0
DA:29,0
DA:30,0
DA:33,0
DA:34,0
DA:42,0
DA:43,0
DA:44,0
DA:46,0
DA:47,0
DA:48,0
DA:49,0
DA:51,0
DA:54,0
DA:56,0
DA:57,0
DA:59,0
DA:66,0
DA:67,0
DA:69,0
DA:70,0
DA:77,0
DA:80,0
DA:81,0
DA:82,0
DA:83,0
DA:85,0
DA:86,0
DA:87,0
DA:89,0
DA:90,0
DA:93,0
DA:101,0
DA:103,0
DA:106,0
DA:107,0
DA:108,0
DA:111,0
DA:114,0
DA:118,0
DA:119,0
DA:120,0
DA:121,0
DA:122,0
DA:123,0
DA:126,0
DA:131,0
DA:134,0
DA:138,0
DA:143,0
DA:148,0
DA:159,0
DA:164,0
DA:169,0
DA:181,0
LF:64
LH:0
BRDA:22,0,0,0
BRDA:22,0,1,0
BRDA:22,1,0,0
BRDA:22,1,1,0
BRDA:22,1,2,0
BRDA:33,2,0,0
BRDA:33,2,1,0
BRDA:42,3,0,0
BRDA:42,3,1,0
BRDA:66,4,0,0
BRDA:66,4,1,0
BRDA:81,5,0,0
BRDA:81,5,1,0
BRDA:81,6,0,0
BRDA:81,6,1,0
BRDA:126,7,0,0
BRDA:126,7,1,0
BRDA:138,8,0,0
BRDA:138,8,1,0
BRDA:143,9,0,0
BRDA:143,9,1,0
BRDA:148,10,0,0
BRDA:148,10,1,0
BRDA:159,11,0,0
BRDA:159,11,1,0
BRDA:164,12,0,0
BRDA:164,12,1,0
BRDA:169,13,0,0
BRDA:169,13,1,0
BRF:29
BRH:0
end_of_record
TN:
SF:src/components/ToolCard.vue
FN:19,(anonymous_0)
FN:27,(anonymous_1)
FN:28,(anonymous_2)
FN:46,(anonymous_3)
FN:49,(anonymous_4)
FN:73,render
FNF:6
FNH:0
FNDA:0,(anonymous_0)
FNDA:0,(anonymous_1)
FNDA:0,(anonymous_2)
FNDA:0,(anonymous_3)
FNDA:0,(anonymous_4)
FNDA:0,render
DA:23,0
DA:24,0
DA:25,0
DA:26,0
DA:27,0
DA:28,0
DA:29,0
DA:30,0
DA:31,0
DA:32,0
DA:34,0
DA:35,0
DA:36,0
DA:38,0
DA:40,0
DA:47,0
DA:50,0
DA:53,0
DA:57,0
DA:62,0
DA:65,0
DA:66,0
DA:67,0
DA:70,0
DA:74,0
DA:81,0
LF:26
LH:0
BRDA:29,0,0,0
BRDA:29,0,1,0
BRDA:30,1,0,0
BRDA:30,1,1,0
BRDA:30,2,0,0
BRDA:30,2,1,0
BRDA:34,3,0,0
BRDA:34,3,1,0
BRF:8
BRH:0
end_of_record
TN:
SF:src/components/ToolSection.vue
FN:8,(anonymous_0)
FN:16,(anonymous_1)
FN:46,render
FN:47,(anonymous_3)
FN:54,(anonymous_4)
FNF:5
FNH:0
FNDA:0,(anonymous_0)
FNDA:0,(anonymous_1)
FNDA:0,render
FNDA:0,(anonymous_3)
FNDA:0,(anonymous_4)
DA:8,0
DA:19,0
DA:20,0
DA:23,0
DA:27,0
DA:32,0
DA:35,0
DA:36,0
DA:37,0
DA:40,0
DA:43,0
DA:47,0
DA:48,0
DA:54,0
DA:57,0
LF:15
LH:0
BRDA:54,0,0,0
BRDA:54,0,1,0
BRF:2
BRH:0
end_of_record
TN:
SF:src/components/TopMenu.vue
FN:4,(anonymous_0)
FN:10,(anonymous_1)
FN:31,render
FN:39,(anonymous_3)
FN:40,(anonymous_4)
FN:46,(anonymous_5)
FN:50,(anonymous_6)
FNF:7
FNH:0
FNDA:0,(anonymous_0)
FNDA:0,(anonymous_1)
FNDA:0,render
FNDA:0,(anonymous_3)
FNDA:0,(anonymous_4)
FNDA:0,(anonymous_5)
FNDA:0,(anonymous_6)
DA:5,0
DA:10,0
DA:11,0
DA:15,0
DA:21,0
DA:23,0
DA:26,0
DA:27,0
DA:28,0
DA:32,0
DA:33,0
DA:34,0
DA:35,0
DA:36,0
DA:39,0
DA:40,0
DA:46,0
DA:50,0
DA:60,0
LF:19
LH:0
BRDA:50,0,0,0
BRDA:50,0,1,0
BRF:2
BRH:0
end_of_record
TN:
SF:src/components/UtilIndex.vue
FN:9,(anonymous_0)
FN:17,(anonymous_1)
FN:21,(anonymous_2)
FN:25,onLogout
FN:41,onToolRequireAuth
FN:49,goLoginForTool
FN:136,(anonymous_6)
FN:139,(anonymous_7)
FN:142,(anonymous_8)
FN:146,(anonymous_9)
FN:183,render
FN:213,(anonymous_11)
FN:217,(anonymous_12)
FN:221,(anonymous_13)
FN:233,(anonymous_14)
FN:258,(anonymous_15)
FN:264,(anonymous_16)
FN:266,(anonymous_17)
FN:267,(anonymous_18)
FN:269,(anonymous_19)
FN:276,(anonymous_20)
FN:280,(anonymous_21)
FNF:22
FNH:0
FNDA:0,(anonymous_0)
FNDA:0,(anonymous_1)
FNDA:0,(anonymous_2)
FNDA:0,onLogout
FNDA:0,onToolRequireAuth
FNDA:0,goLoginForTool
FNDA:0,(anonymous_6)
FNDA:0,(anonymous_7)
[...]
BRDA:953,32,0,0
BRDA:953,32,1,0
BRDA:957,33,0,0
BRDA:957,33,1,0
BRDA:1014,34,0,0
BRDA:1014,34,1,0
BRDA:1024,35,0,0
BRDA:1024,35,1,0
BRF:78
BRH:0
end_of_record
TN:
SF:src/components/auth/Login.vue
FN:9,(anonymous_0)
FN:18,onSubmit
FN:41,(anonymous_2)
FN:44,(anonymous_3)
FN:47,(anonymous_4)
FN:50,(anonymous_5)
FN:53,(anonymous_6)
FN:56,(anonymous_7)
FN:89,render
FN:110,(anonymous_9)
FN:124,(anonymous_10)
FN:127,(anonymous_11)
FN:129,(anonymous_12)
FN:140,(anonymous_13)
FN:142,(anonymous_14)
FN:156,(anonymous_15)
FN:165,(anonymous_16)
FNF:17
FNH:0
FNDA:0,(anonymous_0)
FNDA:0,onSubmit
FNDA:0,(anonymous_2)
FNDA:0,(anonymous_3)
FNDA:0,(anonymous_4)
FNDA:0,(anonymous_5)
FNDA:0,(anonymous_6)
FNDA:0,(anonymous_7)
FNDA:0,render
FNDA:0,(anonymous_9)
FNDA:0,(anonymous_10)
FNDA:0,(anonymous_11)
FNDA:0,(anonymous_12)
FNDA:0,(anonymous_13)
FNDA:0,(anonymous_14)
FNDA:0,(anonymous_15)
FNDA:0,(anonymous_16)
DA:12,0
DA:13,0
DA:14,0
DA:15,0
DA:16,0
DA:17,0
DA:19,0
DA:20,0
DA:21,0
DA:22,0
DA:23,0
DA:24,0
DA:25,0
DA:27,0
DA:28,0
DA:30,0
DA:33,0
DA:42,0
DA:45,0
DA:48,0
DA:51,0
DA:54,0
DA:57,0
DA:60,0
DA:64,0
DA:69,0
DA:72,0
DA:73,0
DA:74,0
DA:77,0
DA:80,0
DA:83,0
DA:86,0
DA:90,0
DA:91,0
DA:92,0
DA:93,0
DA:94,0
DA:110,0
DA:124,0
DA:127,0
DA:129,0
DA:140,0
DA:142,0
DA:156,0
DA:165,0
DA:176,0
LF:47
LH:0
BRDA:19,0,0,0
BRDA:19,0,1,0
BRDA:23,1,0,0
BRDA:23,1,1,0
BRDA:94,2,0,0
BRDA:94,2,1,0
BRDA:97,3,0,0
BRDA:97,3,1,0
BRDA:100,4,0,0
BRDA:100,4,1,0
BRDA:103,5,0,0
BRDA:103,5,1,0
BRDA:110,6,0,0
BRDA:110,6,1,0
BRDA:113,7,0,0
BRDA:113,7,1,0
BRDA:129,8,0,0
BRDA:129,8,1,0
BRDA:142,9,0,0
BRDA:142,9,1,0
BRDA:156,10,0,0
BRDA:156,10,1,0
BRDA:161,11,0,0
BRDA:161,11,1,0
BRDA:165,12,0,0
BRDA:165,12,1,0
BRDA:168,13,0,0
BRDA:168,13,1,0
BRF:28
BRH:0
end_of_record
TN:
SF:src/components/auth/Register.vue
FN:9,(anonymous_0)
FN:23,(anonymous_1)
FN:26,startCooldown
FN:29,(anonymous_3)
FN:41,onSendCode
FN:67,onSubmit
FN:106,(anonymous_6)
FN:109,(anonymous_7)
FN:117,(anonymous_8)
FN:120,(anonymous_9)
FN:123,(anonymous_10)
FN:126,(anonymous_11)
FN:129,(anonymous_12)
FN:165,render
FN:186,(anonymous_14)
FN:200,(anonymous_15)
FN:203,(anonymous_16)
FN:205,(anonymous_17)
FN:216,(anonymous_18)
FN:218,(anonymous_19)
FN:231,(anonymous_20)
FN:238,(anonymous_21)
FN:240,(anonymous_22)
FN:250,(anonymous_23)
FN:252,(anonymous_24)
FN:262,(anonymous_25)
FN:264,(anonymous_26)
FN:278,(anonymous_27)
FN:287,(anonymous_28)
FNF:29
FNH:0
FNDA:0,(anonymous_0)
FNDA:0,(anonymous_1)
FNDA:0,startCooldown
FNDA:0,(anonymous_3)
FNDA:0,onSendCode
FNDA:0,onSubmit
FNDA:0,(anonymous_6)
FNDA:0,(anonymous_7)
FNDA:0,(anonymous_8)
FNDA:0,(anonymous_9)
FNDA:0,(anonymous_10)
FNDA:0,(anonymous_11)
FNDA:0,(anonymous_12)
FNDA:0,render
FNDA:0,(anonymous_14)
FNDA:0,(anonymous_15)
FNDA:0,(anonymous_16)
FNDA:0,(anonymous_17)
FNDA:0,(anonymous_18)
FNDA:0,(anonymous_19)
FNDA:0,(anonymous_20)
FNDA:0,(anonymous_21)
FNDA:0,(anonymous_22)
FNDA:0,(anonymous_23)
FNDA:0,(anonymous_24)
FNDA:0,(anonymous_25)
FNDA:0,(anonymous_26)
FNDA:0,(anonymous_27)
FNDA:0,(anonymous_28)
DA:12,0
DA:13,0
DA:14,0
DA:15,0
DA:16,0
DA:17,0
DA:18,0
DA:19,0
DA:20,0
DA:21,0
DA:22,0
DA:23,0
DA:24,0
DA:27,0
DA:28,0
DA:29,0
DA:30,0
DA:31,0
DA:32,0
DA:33,0
DA:42,0
DA:43,0
DA:47,0
DA:48,0
DA:49,0
DA:50,0
DA:52,0
DA:53,0
DA:54,0
DA:55,0
DA:56,0
DA:58,0
DA:60,0
DA:62,0
DA:64,0
DA:68,0
DA:69,0
DA:70,0
DA:71,0
DA:73,0
DA:74,0
DA:75,0
DA:76,0
DA:77,0
DA:79,0
DA:80,0
DA:81,0
DA:83,0
DA:84,0
DA:85,0
DA:86,0
DA:87,0
DA:88,0
DA:90,0
DA:91,0
DA:93,0
DA:96,0
DA:107,0
DA:110,0
DA:118,0
DA:121,0
DA:124,0
DA:127,0
DA:130,0
DA:133,0
DA:137,0
DA:142,0
DA:145,0
DA:146,0
DA:147,0
DA:150,0
DA:153,0
DA:156,0
DA:159,0
DA:162,0
DA:166,0
DA:167,0
DA:168,0
DA:169,0
DA:170,0
DA:186,0
DA:200,0
DA:203,0
DA:205,0
DA:216,0
DA:218,0
DA:231,0
DA:238,0
DA:240,0
DA:250,0
DA:252,0
DA:262,0
DA:264,0
DA:278,0
DA:287,0
DA:298,0
LF:96
LH:0
BRDA:24,0,0,0
BRDA:24,0,1,0
BRDA:28,1,0,0
BRDA:28,1,1,0
BRDA:31,2,0,0
BRDA:31,2,1,0
BRDA:42,3,0,0
BRDA:42,3,1,0
BRDA:42,4,0,0
BRDA:42,4,1,0
BRDA:47,5,0,0
BRDA:47,5,1,0
BRDA:48,6,0,0
BRDA:48,6,1,0
BRDA:55,7,0,0
BRDA:55,7,1,0
BRDA:62,8,0,0
BRDA:62,8,1,0
BRDA:68,9,0,0
BRDA:68,9,1,0
BRDA:69,10,0,0
BRDA:69,10,1,0
BRDA:73,11,0,0
BRDA:73,11,1,0
BRDA:74,12,0,0
BRDA:74,12,1,0
BRDA:75,13,0,0
BRDA:75,13,1,0
BRDA:79,14,0,0
BRDA:79,14,1,0
BRDA:86,15,0,0
BRDA:86,15,1,0
BRDA:170,16,0,0
BRDA:170,16,1,0
BRDA:173,17,0,0
BRDA:173,17,1,0
BRDA:176,18,0,0
BRDA:176,18,1,0
BRDA:179,19,0,0
BRDA:179,19,1,0
BRDA:186,20,0,0
BRDA:186,20,1,0
BRDA:189,21,0,0
BRDA:189,21,1,0
BRDA:205,22,0,0
BRDA:205,22,1,0
BRDA:218,23,0,0
BRDA:218,23,1,0
BRDA:227,24,0,0
BRDA:227,24,1,0
BRDA:231,25,0,0
BRDA:231,25,1,0
BRDA:240,26,0,0
BRDA:240,26,1,0
BRDA:252,27,0,0
BRDA:252,27,1,0
BRDA:264,28,0,0
BRDA:264,28,1,0
BRDA:278,29,0,0
BRDA:278,29,1,0
BRDA:283,30,0,0
BRDA:283,30,1,0
BRDA:287,31,0,0
BRDA:287,31,1,0
BRDA:290,32,0,0
BRDA:290,32,1,0
BRF:66
BRH:0
end_of_record
TN:
SF:src/components/programmer-tools/ColorConvert.vue
FN:10,(anonymous_0)
FN:21,(anonymous_1)
FN:34,(anonymous_2)
FN:45,(anonymous_3)
FN:45,(anonymous_4)
FN:76,(anonymous_5)
FN:122,(anonymous_6)
FN:138,(anonymous_7)
FN:211,render
FN:234,(anonymous_9)
FN:250,(anonymous_10)
FN:251,(anonymous_11)
FN:254,(anonymous_12)
FN:261,(anonymous_13)
FN:269,(anonymous_14)
FN:276,(anonymous_15)
FN:284,(anonymous_16)
FN:292,(anonymous_17)
FN:300,(anonymous_18)
FN:307,(anonymous_19)
FN:315,(anonymous_20)
FN:322,(anonymous_21)
FNF:22
FNH:0
FNDA:0,(anonymous_0)
FNDA:0,(anonymous_1)
FNDA:0,(anonymous_2)
FNDA:0,(anonymous_3)
FNDA:0,(anonymous_4)
FNDA:0,(anonymous_5)
FNDA:0,(anonymous_6)
FNDA:0,(anonymous_7)
FNDA:0,render
FNDA:0,(anonymous_9)
FNDA:0,(anonymous_10)
FNDA:0,(anonymous_11)
FNDA:0,(anonymous_12)
FNDA:0,(anonymous_13)
FNDA:0,(anonymous_14)
FNDA:0,(anonymous_15)
FNDA:0,(anonymous_16)
FNDA:0,(anonymous_17)
FNDA:0,(anonymous_18)
FNDA:0,(anonymous_19)
FNDA:0,(anonymous_20)
FNDA:0,(anonymous_21)
DA:11,0
DA:12,0
DA:13,0
DA:14,0
DA:15,0
DA:16,0
DA:21,0
DA:22,0
DA:23,0
DA:24,0
DA:25,0
DA:26,0
DA:27,0
DA:34,0
DA:35,0
DA:36,0
DA:37,0
DA:39,0
DA:40,0
DA:41,0
DA:45,0
DA:47,0
DA:48,0
DA:49,0
DA:50,0
DA:51,0
DA:52,0
DA:53,0
DA:56,0
DA:57,0
DA:58,0
DA:59,0
DA:60,0
DA:62,0
DA:63,0
DA:65,0
DA:66,0
DA:68,0
DA:76,0
DA:78,0
DA:79,0
DA:80,0
DA:81,0
DA:82,0
DA:83,0
DA:84,0
DA:88,0
DA:89,0
DA:90,0
DA:91,0
DA:92,0
DA:93,0
DA:94,0
DA:98,0
DA:99,0
DA:100,0
DA:101,0
DA:102,0
DA:103,0
DA:104,0
DA:108,0
DA:109,0
DA:110,0
DA:111,0
DA:112,0
DA:113,0
DA:114,0
DA:116,0
DA:122,0
DA:125,0
DA:126,0
DA:127,0
DA:128,0
DA:130,0
DA:131,0
DA:138,0
DA:141,0
DA:142,0
DA:143,0
DA:144,0
DA:145,0
DA:147,0
DA:148,0
DA:151,0
DA:165,0
DA:167,0
DA:170,0
DA:171,0
DA:172,0
DA:175,0
DA:178,0
DA:181,0
DA:184,0
DA:187,0
DA:190,0
DA:193,0
DA:196,0
DA:199,0
DA:202,0
DA:205,0
DA:208,0
DA:212,0
DA:213,0
DA:214,0
DA:215,0
DA:216,0
DA:217,0
DA:218,0
DA:234,0
DA:250,0
DA:251,0
DA:254,0
DA:261,0
DA:269,0
DA:276,0
DA:284,0
DA:292,0
DA:300,0
DA:307,0
DA:315,0
DA:322,0
DA:341,0
LF:122
LH:0
BRDA:22,0,0,0
BRDA:22,0,1,0
BRDA:35,1,0,0
BRDA:35,1,1,0
BRDA:35,2,0,0
BRDA:35,2,1,0
BRDA:35,2,2,0
BRDA:36,3,0,0
BRDA:36,3,1,0
BRDA:39,4,0,0
BRDA:39,4,1,0
BRDA:47,5,0,0
BRDA:47,5,1,0
BRDA:47,6,0,0
BRDA:47,6,1,0
BRDA:47,6,2,0
BRDA:51,7,0,0
BRDA:51,7,1,0
BRDA:51,8,0,0
BRDA:51,8,1,0
BRDA:51,8,2,0
BRDA:51,8,3,0
BRDA:51,8,4,0
BRDA:51,8,5,0
BRDA:51,8,6,0
BRDA:51,8,7,0
BRDA:51,8,8,0
BRDA:59,9,0,0
BRDA:59,9,1,0
BRDA:62,10,0,0
BRDA:62,10,1,0
BRDA:65,11,0,0
BRDA:65,11,1,0
BRDA:80,12,0,0
BRDA:80,12,1,0
BRDA:90,13,0,0
BRDA:90,13,1,0
BRDA:100,14,0,0
BRDA:100,14,1,0
BRDA:110,15,0,0
BRDA:110,15,1,0
BRDA:218,16,0,0
BRDA:218,16,1,0
BRDA:221,17,0,0
BRDA:221,17,1,0
BRDA:224,18,0,0
BRDA:224,18,1,0
BRDA:227,19,0,0
BRDA:227,19,1,0
BRDA:234,20,0,0
BRDA:234,20,1,0
BRDA:237,21,0,0
BRDA:237,21,1,0
BRDA:243,22,0,0
BRDA:243,22,1,0
BRDA:250,23,0,0
BRDA:250,23,1,0
BRDA:254,24,0,0
BRDA:254,24,1,0
BRDA:261,25,0,0
BRDA:261,25,1,0
BRDA:269,26,0,0
BRDA:269,26,1,0
BRDA:272,27,0,0
BRDA:272,27,1,0
BRDA:276,28,0,0
BRDA:276,28,1,0
BRDA:280,29,0,0
BRDA:280,29,1,0
BRDA:284,30,0,0
BRDA:284,30,1,0
BRDA:288,31,0,0
BRDA:288,31,1,0
BRDA:292,32,0,0
BRDA:292,32,1,0
BRDA:300,33,0,0
BRDA:300,33,1,0
BRDA:303,34,0,0
BRDA:303,34,1,0
BRDA:307,35,0,0
BRDA:307,35,1,0
BRDA:315,36,0,0
BRDA:315,36,1,0
BRDA:318,37,0,0
BRDA:318,37,1,0
BRDA:322,38,0,0
BRDA:322,38,1,0
BRDA:324,39,0,0
BRDA:324,39,1,0
BRDA:331,40,0,0
BRDA:331,40,1,0
BRF:91
BRH:0
end_of_record
TN:
SF:src/components/programmer-tools/JsonFormat.vue
FN:263,render
FN:287,(anonymous_1)
FN:298,(anonymous_2)
FN:305,(anonymous_3)
FN:308,(anonymous_4)
FN:318,(anonymous_5)
FN:325,(anonymous_6)
FN:329,(anonymous_7)
FN:337,(anonymous_8)
FN:340,(anonymous_9)
FN:348,(anonymous_10)
FN:361,(anonymous_11)
FN:365,(anonymous_12)
FN:373,(anonymous_13)
FN:376,(anonymous_14)
FNF:15
FNH:15
FNDA:9,render
FNDA:9,(anonymous_1)
FNDA:9,(anonymous_2)
FNDA:18,(anonymous_3)
FNDA:9,(anonymous_4)
FNDA:9,(anonymous_5)
FNDA:14,(anonymous_6)
FNDA:9,(anonymous_7)
FNDA:18,(anonymous_8)
FNDA:9,(anonymous_9)
FNDA:4,(anonymous_10)
FNDA:14,(anonymous_11)
FNDA:9,(anonymous_12)
FNDA:18,(anonymous_13)
FNDA:9,(anonymous_14)
DA:4,1
DA:7,1
DA:29,1
DA:224,1
DA:227,1
DA:228,1
DA:229,1
DA:232,1
DA:235,1
DA:238,1
DA:241,1
DA:244,1
DA:247,1
DA:250,1
DA:253,1
DA:260,1
DA:264,9
DA:265,9
DA:266,9
DA:267,9
DA:268,9
DA:269,9
DA:270,9
DA:271,9
DA:287,9
DA:298,9
DA:305,18
DA:308,9
DA:318,9
DA:325,14
DA:329,9
DA:337,18
DA:340,9
DA:348,4
DA:361,14
DA:365,9
DA:373,18
DA:376,9
DA:400,1
LF:39
LH:39
BRDA:271,0,0,9
BRDA:271,0,1,9
BRDA:274,1,0,9
BRDA:274,1,1,9
BRDA:277,2,0,9
BRDA:277,2,1,9
BRDA:280,3,0,9
BRDA:280,3,1,9
BRDA:287,4,0,9
BRDA:287,4,1,9
BRDA:290,5,0,9
BRDA:290,5,1,9
BRDA:325,6,0,14
BRDA:325,6,1,9
BRDA:348,7,0,14
BRDA:348,7,1,9
BRDA:352,8,0,1
BRDA:352,8,1,13
BRDA:361,9,0,14
BRDA:361,9,1,9
BRDA:390,10,0,9
BRDA:390,10,1,9
BRF:22
BRH:22
end_of_record
TN:
SF:src/config/articles.js
FN:324,(anonymous_0)
FN:325,(anonymous_1)
FN:331,(anonymous_2)
FNF:3
FNH:0
FNDA:0,(anonymous_0)
FNDA:0,(anonymous_1)
FNDA:0,(anonymous_2)
DA:6,0
DA:324,0
DA:325,0
DA:331,0
DA:332,0
LF:5
LH:0
BRF:0
BRH:0
end_of_record
TN:
SF:src/config/yunhu-essay.js
FN:247,(anonymous_0)
FN:248,(anonymous_1)
FN:251,(anonymous_2)
FNF:3
FNH:0
FNDA:0,(anonymous_0)
FNDA:0,(anonymous_1)
FNDA:0,(anonymous_2)
DA:6,0
DA:247,0
DA:248,0
DA:251,0
DA:252,0
LF:5
LH:0
BRF:0
BRH:0
end_of_record
TN:
SF:src/data/historyTimeline.js
FN:14,empty
FN:606,getTimelineForCountry
FN:610,(anonymous_2)
FN:611,(anonymous_3)
FN:617,getCountryName
FN:618,(anonymous_5)
FNF:6
FNH:0
FNDA:0,empty
FNDA:0,getTimelineForCountry
FNDA:0,(anonymous_2)
FNDA:0,(anonymous_3)
FNDA:0,getCountryName
FNDA:0,(anonymous_5)
DA:5,0
DA:15,0
DA:22,0
DA:599,0
DA:607,0
DA:608,0
DA:609,0
DA:610,0
DA:611,0
DA:618,0
LF:10
LH:0
BRDA:608,0,0,0
BRDA:608,0,1,0
BRDA:610,1,0,0
BRDA:610,1,1,0
BRDA:618,2,0,0
BRDA:618,2,1,0
BRF:6
BRH:0
end_of_record
TN:
SF:src/data/vocabularyTest.js
FN:141,parseRaw
FN:142,(anonymous_1)
FN:163,pickQuestions
FN:175,buildOptions
FN:176,(anonymous_4)
FN:179,(anonymous_5)
FN:211,estimateVocabulary
FN:220,(anonymous_7)
FN:225,accuracyPercent
FN:234,getVocabLevelDescriptors
FNF:10
FNH:0
FNDA:0,parseRaw
FNDA:0,(anonymous_1)
FNDA:0,pickQuestions
FNDA:0,buildOptions
FNDA:0,(anonymous_4)
FNDA:0,(anonymous_5)
FNDA:0,estimateVocabulary
FNDA:0,(anonymous_7)
FNDA:0,accuracyPercent
FNDA:0,getVocabLevelDescriptors
DA:5,0
DA:142,0
DA:143,0
DA:144,0
DA:145,0
DA:146,0
DA:147,0
DA:148,0
DA:149,0
DA:150,0
DA:151,0
DA:152,0
DA:153,0
DA:155,0
DA:158,0
DA:164,0
DA:165,0
DA:166,0
DA:167,0
DA:169,0
DA:176,0
DA:177,0
DA:178,0
DA:179,0
DA:180,0
DA:181,0
DA:182,0
DA:183,0
DA:184,0
DA:187,0
DA:188,0
DA:190,0
DA:191,0
DA:192,0
DA:193,0
DA:195,0
DA:198,0
DA:212,0
DA:213,0
DA:214,0
DA:215,0
DA:216,0
DA:217,0
DA:219,0
DA:220,0
DA:221,0
DA:222,0
DA:226,0
DA:227,0
DA:235,0
DA:237,0
DA:244,0
DA:245,0
DA:252,0
DA:253,0
DA:260,0
DA:261,0
DA:268,0
DA:269,0
DA:276,0
DA:277,0
DA:284,0
DA:285,0
DA:293,0
DA:297,0
LF:65
LH:0
BRDA:147,0,0,0
BRDA:147,0,1,0
BRDA:150,1,0,0
BRDA:150,1,1,0
BRDA:151,2,0,0
BRDA:151,2,1,0
BRDA:151,3,0,0
BRDA:151,3,1,0
BRDA:151,3,2,0
BRDA:181,4,0,0
BRDA:181,4,1,0
BRDA:182,5,0,0
BRDA:182,5,1,0
BRDA:212,6,0,0
BRDA:212,6,1,0
BRDA:215,7,0,0
BRDA:215,7,1,0
BRDA:216,8,0,0
BRDA:216,8,1,0
BRDA:226,9,0,0
BRDA:226,9,1,0
BRDA:235,10,0,0
BRDA:235,10,1,0
BRDA:244,11,0,0
BRDA:244,11,1,0
BRDA:244,12,0,0
BRDA:244,12,1,0
BRDA:252,13,0,0
BRDA:252,13,1,0
BRDA:252,14,0,0
BRDA:252,14,1,0
BRDA:260,15,0,0
BRDA:260,15,1,0
BRDA:260,16,0,0
BRDA:260,16,1,0
BRDA:268,17,0,0
BRDA:268,17,1,0
BRDA:268,18,0,0
BRDA:268,18,1,0
BRDA:276,19,0,0
BRDA:276,19,1,0
BRDA:276,20,0,0
BRDA:276,20,1,0
BRDA:284,21,0,0
BRDA:284,21,1,0
BRF:45
BRH:0
end_of_record
TN:
SF:src/router/index.js
FN:17,(anonymous_0)
FNF:1
FNH:0
FNDA:0,(anonymous_0)
DA:6,0
DA:8,0
DA:17,0
DA:18,0
DA:19,0
DA:21,0
DA:22,0
DA:23,0
DA:24,0
DA:25,0
DA:26,0
DA:28,0
DA:29,0
DA:30,0
DA:32,0
DA:33,0
DA:36,0
DA:37,0
DA:41,0
DA:44,0
LF:20
LH:0
BRDA:6,0,0,0
BRDA:6,0,1,0
BRDA:21,1,0,0
BRDA:21,1,1,0
BRDA:21,2,0,0
BRDA:21,2,1,0
BRDA:21,2,2,0
BRDA:23,3,0,0
BRDA:23,3,1,0
BRDA:28,4,0,0
BRDA:28,4,1,0
BRDA:36,5,0,0
BRDA:36,5,1,0
BRDA:36,6,0,0
BRDA:36,6,1,0
BRF:15
BRH:0
end_of_record
TN:
SF:src/router/router.js
FN:14,(anonymous_0)
FN:19,(anonymous_1)
FN:24,(anonymous_2)
FN:29,(anonymous_3)
FN:34,(anonymous_4)
FN:39,(anonymous_5)
FN:44,(anonymous_6)
FN:49,(anonymous_7)
FN:54,(anonymous_8)
FN:60,(anonymous_9)
FN:66,(anonymous_10)
FN:71,(anonymous_11)
FN:76,(anonymous_12)
FN:81,(anonymous_13)
FN:86,(anonymous_14)
FN:91,(anonymous_15)
FN:96,(anonymous_16)
FN:101,(anonymous_17)
FN:106,(anonymous_18)
FN:118,(anonymous_19)
FN:124,(anonymous_20)
FNF:21
FNH:0
FNDA:0,(anonymous_0)
FNDA:0,(anonymous_1)
FNDA:0,(anonymous_2)
FNDA:0,(anonymous_3)
FNDA:0,(anonymous_4)
FNDA:0,(anonymous_5)
FNDA:0,(anonymous_6)
FNDA:0,(anonymous_7)
FNDA:0,(anonymous_8)
FNDA:0,(anonymous_9)
FNDA:0,(anonymous_10)
FNDA:0,(anonymous_11)
FNDA:0,(anonymous_12)
FNDA:0,(anonymous_13)
FNDA:0,(anonymous_14)
FNDA:0,(anonymous_15)
FNDA:0,(anonymous_16)
FNDA:0,(anonymous_17)
FNDA:0,(anonymous_18)
FNDA:0,(anonymous_19)
FNDA:0,(anonymous_20)
DA:9,0
DA:14,0
DA:19,0
DA:24,0
DA:29,0
DA:34,0
DA:39,0
DA:44,0
DA:49,0
DA:54,0
DA:60,0
DA:66,0
DA:71,0
DA:76,0
DA:81,0
DA:86,0
DA:91,0
DA:96,0
DA:101,0
DA:106,0
DA:118,0
DA:124,0
DA:133,0
LF:23
LH:0
BRF:0
BRH:0
end_of_record
TN:
SF:src/utils/authEmailApi.js
FN:12,endpoint
FN:21,postJson
FN:28,(anonymous_2)
FN:47,sendRegisterCode
FN:56,verifyRegisterCode
FNF:5
FNH:0
FNDA:0,endpoint
FNDA:0,postJson
FNDA:0,(anonymous_2)
FNDA:0,sendRegisterCode
FNDA:0,verifyRegisterCode
DA:5,0
DA:13,0
DA:14,0
DA:22,0
DA:28,0
DA:29,0
DA:31,0
DA:36,0
DA:38,0
DA:48,0
DA:57,0
LF:11
LH:0
BRDA:13,0,0,0
BRDA:13,0,1,0
BRDA:14,1,0,0
BRDA:14,1,1,0
BRDA:29,2,0,0
BRDA:29,2,1,0
BRDA:31,3,0,0
BRDA:31,3,1,0
BRDA:31,3,2,0
BRDA:31,3,3,0
BRDA:31,3,4,0
BRDA:31,3,5,0
BRDA:31,3,6,0
BRDA:33,4,0,0
BRDA:33,4,1,0
BRF:15
BRH:0
end_of_record
TN:
SF:src/utils/authRedirect.js
FN:16,normalizePostLoginRedirect
FN:46,applyPostLoginRedirect
FNF:2
FNH:0
FNDA:0,normalizePostLoginRedirect
FNDA:0,applyPostLoginRedirect
DA:10,0
DA:17,0
DA:18,0
DA:20,0
DA:21,0
DA:22,0
DA:23,0
DA:25,0
DA:27,0
DA:28,0
DA:29,0
DA:33,0
DA:38,0
DA:47,0
DA:48,0
DA:49,0
DA:50,0
DA:52,0
DA:53,0
LF:19
LH:0
BRDA:17,0,0,0
BRDA:17,0,1,0
BRDA:17,1,0,0
BRDA:17,1,1,0
BRDA:21,2,0,0
BRDA:21,2,1,0
BRDA:22,3,0,0
BRDA:22,3,1,0
BRDA:22,4,0,0
BRDA:22,4,1,0
BRDA:29,5,0,0
BRDA:29,5,1,0
BRDA:30,6,0,0
BRDA:30,6,1,0
BRDA:30,6,2,0
BRDA:48,7,0,0
BRDA:48,7,1,0
BRDA:52,8,0,0
BRDA:52,8,1,0
BRF:19
BRH:0
end_of_record
TN:
SF:src/utils/colorConverter.js
FN:6,hexToRgb
FN:13,(anonymous_1)
FNF:2
FNH:0
FNDA:0,hexToRgb
FNDA:0,(anonymous_1)
DA:7,0
DA:8,0
DA:12,0
DA:13,0
DA:14,0
DA:17,0
DA:18,0
LF:7
LH:0
BRDA:7,0,0,0
BRDA:7,0,1,0
BRDA:7,1,0,0
BRDA:7,1,1,0
BRDA:18,2,0,0
BRDA:18,2,1,0
BRF:6
BRH:0
end_of_record
TN:
SF:src/utils/demoAuth.js
FN:10,useServerAuth
FN:16,apiUrl
FN:21,parseApiError
FN:31,postAuth
FN:37,(anonymous_4)
FN:44,getToken
FN:48,getStoredUsername
FN:52,setSession
FN:57,clearSession
FN:62,readUsers
FN:72,writeUsers
FN:76,normalizeEmail
FN:82,isValidEmail
FN:92,register
FN:106,(anonymous_14)
FN:109,(anonymous_15)
FN:121,registerWithServer
FN:135,login
FN:145,(anonymous_18)
FNF:19
FNH:0
FNDA:0,useServerAuth
FNDA:0,apiUrl
FNDA:0,parseApiError
FNDA:0,postAuth
FNDA:0,(anonymous_4)
FNDA:0,getToken
FNDA:0,getStoredUsername
FNDA:0,setSession
FNDA:0,clearSession
FNDA:0,readUsers
FNDA:0,writeUsers
FNDA:0,normalizeEmail
FNDA:0,isValidEmail
FNDA:0,register
FNDA:0,(anonymous_14)
FNDA:0,(anonymous_15)
FNDA:0,registerWithServer
FNDA:0,login
FNDA:0,(anonymous_18)
DA:5,0
DA:6,0
DA:7,0
DA:11,0
DA:14,0
DA:17,0
DA:18,0
DA:22,0
DA:32,0
DA:37,0
DA:38,0
DA:39,0
DA:41,0
DA:45,0
DA:49,0
DA:53,0
DA:54,0
DA:58,0
DA:59,0
DA:63,0
DA:64,0
DA:65,0
DA:66,0
DA:68,0
DA:73,0
DA:77,0
DA:83,0
DA:93,0
DA:94,0
DA:95,0
DA:96,0
DA:97,0
DA:99,0
DA:100,0
DA:102,0
DA:103,0
DA:105,0
DA:106,0
DA:107,0
DA:109,0
DA:110,0
DA:112,0
DA:113,0
DA:114,0
DA:122,0
DA:128,0
DA:129,0
DA:136,0
DA:137,0
DA:138,0
DA:139,0
DA:140,0
DA:141,0
DA:142,0
DA:144,0
DA:145,0
DA:146,0
DA:147,0
DA:148,0
DA:150,0
DA:151,0
DA:153,0
LF:62
LH:0
BRDA:14,0,0,0
BRDA:14,0,1,0
BRDA:17,1,0,0
BRDA:17,1,1,0
BRDA:23,2,0,0
BRDA:23,2,1,0
BRDA:23,2,2,0
BRDA:23,2,3,0
BRDA:23,2,4,0
BRDA:23,2,5,0
BRDA:23,2,6,0
BRDA:25,3,0,0
BRDA:25,3,1,0
BRDA:38,4,0,0
BRDA:38,4,1,0
BRDA:49,5,0,0
BRDA:49,5,1,0
BRDA:53,6,0,0
BRDA:53,6,1,0
BRDA:65,7,0,0
BRDA:65,7,1,0
BRDA:66,8,0,0
BRDA:66,8,1,0
BRDA:77,9,0,0
BRDA:77,9,1,0
BRDA:93,10,0,0
BRDA:93,10,1,0
BRDA:94,11,0,0
BRDA:94,11,1,0
BRDA:96,12,0,0
BRDA:96,12,1,0
BRDA:99,13,0,0
BRDA:99,13,1,0
BRDA:102,14,0,0
BRDA:102,14,1,0
BRDA:106,15,0,0
BRDA:106,15,1,0
BRDA:109,16,0,0
BRDA:109,16,1,0
BRDA:123,17,0,0
BRDA:123,17,1,0
BRDA:124,18,0,0
BRDA:124,18,1,0
BRDA:125,19,0,0
BRDA:125,19,1,0
BRDA:126,20,0,0
BRDA:126,20,1,0
BRDA:128,21,0,0
BRDA:128,21,1,0
BRDA:136,22,0,0
BRDA:136,22,1,0
BRDA:137,23,0,0
BRDA:137,23,1,0
BRDA:138,24,0,0
BRDA:138,24,1,0
BRDA:140,25,0,0
BRDA:140,25,1,0
BRDA:145,26,0,0
BRDA:145,26,1,0
BRDA:146,27,0,0
BRDA:146,27,1,0
BRDA:150,28,0,0
BRDA:150,28,1,0
BRF:63
BRH:0
end_of_record
TN:
SF:src/utils/jztkLocalStorage.js
FN:10,jztkStorageKey
FN:14,defaultState
FN:29,jztkQuestionKey
FN:45,jztkCloneQuestion
FN:65,loadJztkSubjectState
FN:90,saveJztkSubjectState
FN:103,jztkUpsertWrongBook
FN:106,(anonymous_7)
FN:114,jztkRemoveFromWrongBookByKey
FN:115,(anonymous_9)
FN:123,jztkToggleFavorite
FN:126,(anonymous_11)
FN:128,(anonymous_12)
FN:131,(anonymous_13)
FN:138,jztkIsFavorite
FN:139,(anonymous_15)
FN:148,jztkShuffle
FNF:17
FNH:0
FNDA:0,jztkStorageKey
FNDA:0,defaultState
FNDA:0,jztkQuestionKey
FNDA:0,jztkCloneQuestion
FNDA:0,loadJztkSubjectState
FNDA:0,saveJztkSubjectState
FNDA:0,jztkUpsertWrongBook
FNDA:0,(anonymous_7)
FNDA:0,jztkRemoveFromWrongBookByKey
FNDA:0,(anonymous_9)
FNDA:0,jztkToggleFavorite
FNDA:0,(anonymous_11)
FNDA:0,(anonymous_12)
FNDA:0,(anonymous_13)
FNDA:0,jztkIsFavorite
FNDA:0,(anonymous_15)
FNDA:0,jztkShuffle
DA:6,0
DA:7,0
DA:11,0
DA:15,0
DA:30,0
DA:31,0
DA:32,0
DA:33,0
DA:34,0
DA:35,0
DA:36,0
DA:38,0
DA:46,0
DA:66,0
DA:67,0
DA:68,0
DA:69,0
DA:70,0
DA:71,0
DA:72,0
DA:82,0
DA:91,0
DA:92,0
DA:104,0
DA:105,0
DA:106,0
DA:107,0
DA:115,0
DA:124,0
DA:125,0
DA:126,0
DA:127,0
DA:128,0
DA:129,0
DA:131,0
DA:139,0
DA:149,0
DA:150,0
DA:151,0
DA:152,0
DA:154,0
LF:41
LH:0
BRDA:30,0,0,0
BRDA:30,0,1,0
BRDA:30,1,0,0
BRDA:30,1,1,0
BRDA:31,2,0,0
BRDA:31,2,1,0
BRDA:32,3,0,0
BRDA:32,3,1,0
BRDA:33,4,0,0
BRDA:33,4,1,0
BRDA:47,5,0,0
BRDA:47,5,1,0
BRDA:48,6,0,0
BRDA:48,6,1,0
BRDA:49,7,0,0
BRDA:49,7,1,0
BRDA:50,8,0,0
BRDA:50,8,1,0
BRDA:51,9,0,0
BRDA:51,9,1,0
BRDA:52,10,0,0
BRDA:52,10,1,0
BRDA:53,11,0,0
BRDA:53,11,1,0
BRDA:54,12,0,0
BRDA:54,12,1,0
BRDA:56,13,0,0
BRDA:56,13,1,0
BRDA:56,14,0,0
BRDA:56,14,1,0
BRDA:68,15,0,0
BRDA:68,15,1,0
BRDA:70,16,0,0
BRDA:70,16,1,0
BRDA:70,17,0,0
BRDA:70,17,1,0
BRDA:71,18,0,0
BRDA:71,18,1,0
BRDA:71,19,0,0
BRDA:71,19,1,0
BRDA:73,20,0,0
BRDA:73,20,1,0
BRDA:75,21,0,0
BRDA:75,21,1,0
BRDA:76,22,0,0
BRDA:76,22,1,0
BRDA:78,23,0,0
BRDA:78,23,1,0
BRDA:79,24,0,0
BRDA:79,24,1,0
BRDA:127,25,0,0
BRDA:127,25,1,0
BRF:52
BRH:0
end_of_record
